[2025-11-02T21:24:16.237+0000] {local_task_job_runner.py:120} INFO - ::group::Pre task execution logs
[2025-11-02T21:24:16.277+0000] {taskinstance.py:2076} INFO - Dependencies all met for dep_context=non-requeueable deps ti=<TaskInstance: dbt_duckdb_run.run_csv_load_script scheduled__2025-11-01T06:00:00+00:00 [queued]>
[2025-11-02T21:24:16.286+0000] {taskinstance.py:2076} INFO - Dependencies all met for dep_context=requeueable deps ti=<TaskInstance: dbt_duckdb_run.run_csv_load_script scheduled__2025-11-01T06:00:00+00:00 [queued]>
[2025-11-02T21:24:16.286+0000] {taskinstance.py:2306} INFO - Starting attempt 10 of 12
[2025-11-02T21:24:16.297+0000] {taskinstance.py:2330} INFO - Executing <Task(BashOperator): run_csv_load_script> on 2025-11-01 06:00:00+00:00
[2025-11-02T21:24:16.306+0000] {logging_mixin.py:188} WARNING - /home/***/.local/lib/python3.12/site-packages/***/task/task_runner/standard_task_runner.py:62 DeprecationWarning: This process (pid=613) is multi-threaded, use of fork() may lead to deadlocks in the child.
[2025-11-02T21:24:16.309+0000] {standard_task_runner.py:64} INFO - Started process 615 to run task
[2025-11-02T21:24:16.310+0000] {standard_task_runner.py:90} INFO - Running: ['***', 'tasks', 'run', 'dbt_duckdb_run', 'run_csv_load_script', 'scheduled__2025-11-01T06:00:00+00:00', '--job-id', '77', '--raw', '--subdir', 'DAGS_FOLDER/dbt_dag.py', '--cfg-path', '/tmp/tmp5spddej1']
[2025-11-02T21:24:16.314+0000] {standard_task_runner.py:91} INFO - Job 77: Subtask run_csv_load_script
[2025-11-02T21:24:16.361+0000] {task_command.py:426} INFO - Running <TaskInstance: dbt_duckdb_run.run_csv_load_script scheduled__2025-11-01T06:00:00+00:00 [running]> on host d5e910245007
[2025-11-02T21:24:16.427+0000] {taskinstance.py:2648} INFO - Exporting env vars: AIRFLOW_CTX_DAG_OWNER='***' AIRFLOW_CTX_DAG_ID='dbt_duckdb_run' AIRFLOW_CTX_TASK_ID='run_csv_load_script' AIRFLOW_CTX_EXECUTION_DATE='2025-11-01T06:00:00+00:00' AIRFLOW_CTX_TRY_NUMBER='10' AIRFLOW_CTX_DAG_RUN_ID='scheduled__2025-11-01T06:00:00+00:00'
[2025-11-02T21:24:16.428+0000] {taskinstance.py:430} INFO - ::endgroup::
[2025-11-02T21:24:16.445+0000] {subprocess.py:63} INFO - Tmp dir root location: /tmp
[2025-11-02T21:24:16.447+0000] {subprocess.py:75} INFO - Running command: ['/usr/bin/bash', '-c', "python /opt/***/scripts/csv_load.py || echo 'csv_load.py failed'"]
[2025-11-02T21:24:16.453+0000] {subprocess.py:86} INFO - Output:
[2025-11-02T21:24:16.534+0000] {subprocess.py:93} INFO - Traceback (most recent call last):
[2025-11-02T21:24:16.534+0000] {subprocess.py:93} INFO -   File "/opt/***/scripts/csv_load.py", line 1, in <module>
[2025-11-02T21:24:16.535+0000] {subprocess.py:93} INFO -     import duckdb
[2025-11-02T21:24:16.535+0000] {subprocess.py:93} INFO - ModuleNotFoundError: No module named 'duckdb'
[2025-11-02T21:24:16.539+0000] {subprocess.py:93} INFO - csv_load.py failed
[2025-11-02T21:24:16.539+0000] {subprocess.py:97} INFO - Command exited with return code 0
[2025-11-02T21:24:16.540+0000] {taskinstance.py:441} INFO - ::group::Post task execution logs
[2025-11-02T21:24:16.556+0000] {taskinstance.py:1206} INFO - Marking task as SUCCESS. dag_id=dbt_duckdb_run, task_id=run_csv_load_script, run_id=scheduled__2025-11-01T06:00:00+00:00, execution_date=20251101T060000, start_date=20251102T212416, end_date=20251102T212416
[2025-11-02T21:24:16.575+0000] {local_task_job_runner.py:243} INFO - Task exited with return code 0
[2025-11-02T21:24:16.595+0000] {taskinstance.py:3503} INFO - 0 downstream tasks scheduled from follow-on schedule check
[2025-11-02T21:24:16.596+0000] {local_task_job_runner.py:222} INFO - ::endgroup::
