[2025-11-02T22:01:34.467+0000] {local_task_job_runner.py:120} INFO - ::group::Pre task execution logs
[2025-11-02T22:01:34.490+0000] {taskinstance.py:2076} INFO - Dependencies all met for dep_context=non-requeueable deps ti=<TaskInstance: dbt_duckdb_run.run_csv_load_script scheduled__2025-11-01T06:00:00+00:00 [queued]>
[2025-11-02T22:01:34.495+0000] {taskinstance.py:2076} INFO - Dependencies all met for dep_context=requeueable deps ti=<TaskInstance: dbt_duckdb_run.run_csv_load_script scheduled__2025-11-01T06:00:00+00:00 [queued]>
[2025-11-02T22:01:34.495+0000] {taskinstance.py:2306} INFO - Starting attempt 16 of 18
[2025-11-02T22:01:34.504+0000] {taskinstance.py:2330} INFO - Executing <Task(BashOperator): run_csv_load_script> on 2025-11-01 06:00:00+00:00
[2025-11-02T22:01:34.509+0000] {logging_mixin.py:188} WARNING - /home/***/.local/lib/python3.12/site-packages/***/task/task_runner/standard_task_runner.py:62 DeprecationWarning: This process (pid=440) is multi-threaded, use of fork() may lead to deadlocks in the child.
[2025-11-02T22:01:34.510+0000] {standard_task_runner.py:64} INFO - Started process 441 to run task
[2025-11-02T22:01:34.509+0000] {standard_task_runner.py:90} INFO - Running: ['***', 'tasks', 'run', 'dbt_duckdb_run', 'run_csv_load_script', 'scheduled__2025-11-01T06:00:00+00:00', '--job-id', '97', '--raw', '--subdir', 'DAGS_FOLDER/dbt_dag.py', '--cfg-path', '/tmp/tmpqbqm0mfg']
[2025-11-02T22:01:34.511+0000] {standard_task_runner.py:91} INFO - Job 97: Subtask run_csv_load_script
[2025-11-02T22:01:34.541+0000] {task_command.py:426} INFO - Running <TaskInstance: dbt_duckdb_run.run_csv_load_script scheduled__2025-11-01T06:00:00+00:00 [running]> on host 757809b56052
[2025-11-02T22:01:34.588+0000] {taskinstance.py:2648} INFO - Exporting env vars: AIRFLOW_CTX_DAG_OWNER='***' AIRFLOW_CTX_DAG_ID='dbt_duckdb_run' AIRFLOW_CTX_TASK_ID='run_csv_load_script' AIRFLOW_CTX_EXECUTION_DATE='2025-11-01T06:00:00+00:00' AIRFLOW_CTX_TRY_NUMBER='16' AIRFLOW_CTX_DAG_RUN_ID='scheduled__2025-11-01T06:00:00+00:00'
[2025-11-02T22:01:34.589+0000] {taskinstance.py:430} INFO - ::endgroup::
[2025-11-02T22:01:34.599+0000] {subprocess.py:63} INFO - Tmp dir root location: /tmp
[2025-11-02T22:01:34.600+0000] {subprocess.py:75} INFO - Running command: ['/usr/bin/bash', '-c', "cd /opt/***/dbt && source venv/bin/activate && python /opt/***/scripts/csv_load.py || echo 'csv_load.py failed'"]
[2025-11-02T22:01:34.605+0000] {subprocess.py:86} INFO - Output:
[2025-11-02T22:01:35.094+0000] {subprocess.py:93} INFO - Error loading CSV to DuckDB for table prd_customer_daily: IO Error: No files found that match the pattern "/opt/***/inbound_data/PlataAssignment_Data.csv"
[2025-11-02T22:01:35.095+0000] {subprocess.py:93} INFO - 
[2025-11-02T22:01:35.095+0000] {subprocess.py:93} INFO - LINE 1: ...aily AS SELECT *, current_timestamp as load_timestamp FROM read_csv_auto('/opt/***/inbound_data/PlataAssignment_Data...
[2025-11-02T22:01:35.095+0000] {subprocess.py:93} INFO -                                                                       ^
[2025-11-02T22:01:35.096+0000] {subprocess.py:93} INFO - Error in main CSV load loop: IO Error: No files found that match the pattern "/opt/***/inbound_data/PlataAssignment_Data.csv"
[2025-11-02T22:01:35.096+0000] {subprocess.py:93} INFO - 
[2025-11-02T22:01:35.096+0000] {subprocess.py:93} INFO - LINE 1: ...aily AS SELECT *, current_timestamp as load_timestamp FROM read_csv_auto('/opt/***/inbound_data/PlataAssignment_Data...
[2025-11-02T22:01:35.096+0000] {subprocess.py:93} INFO -                                                                       ^
[2025-11-02T22:01:35.096+0000] {subprocess.py:93} INFO - Traceback (most recent call last):
[2025-11-02T22:01:35.096+0000] {subprocess.py:93} INFO -   File "/opt/***/scripts/csv_load.py", line 52, in <module>
[2025-11-02T22:01:35.096+0000] {subprocess.py:93} INFO -     load_csv_to_duckdb(db_path, schema, csv_path, table_name)
[2025-11-02T22:01:35.096+0000] {subprocess.py:93} INFO -   File "/opt/***/scripts/csv_load.py", line 37, in load_csv_to_duckdb
[2025-11-02T22:01:35.097+0000] {subprocess.py:93} INFO -     con.execute(f"CREATE TABLE {schema}.{table_name} AS SELECT *, current_timestamp as load_timestamp FROM read_csv_auto('{csv_path}')")
[2025-11-02T22:01:35.097+0000] {subprocess.py:93} INFO - _duckdb.IOException: IO Error: No files found that match the pattern "/opt/***/inbound_data/PlataAssignment_Data.csv"
[2025-11-02T22:01:35.097+0000] {subprocess.py:93} INFO - 
[2025-11-02T22:01:35.097+0000] {subprocess.py:93} INFO - LINE 1: ...aily AS SELECT *, current_timestamp as load_timestamp FROM read_csv_auto('/opt/***/inbound_data/PlataAssignment_Data...
[2025-11-02T22:01:35.097+0000] {subprocess.py:93} INFO -                                                                       ^
[2025-11-02T22:01:35.114+0000] {subprocess.py:93} INFO - csv_load.py failed
[2025-11-02T22:01:35.114+0000] {subprocess.py:97} INFO - Command exited with return code 0
[2025-11-02T22:01:35.115+0000] {taskinstance.py:441} INFO - ::group::Post task execution logs
[2025-11-02T22:01:35.129+0000] {taskinstance.py:1206} INFO - Marking task as SUCCESS. dag_id=dbt_duckdb_run, task_id=run_csv_load_script, run_id=scheduled__2025-11-01T06:00:00+00:00, execution_date=20251101T060000, start_date=20251102T220134, end_date=20251102T220135
[2025-11-02T22:01:35.157+0000] {local_task_job_runner.py:243} INFO - Task exited with return code 0
[2025-11-02T22:01:35.174+0000] {taskinstance.py:3503} INFO - 1 downstream tasks scheduled from follow-on schedule check
[2025-11-02T22:01:35.176+0000] {local_task_job_runner.py:222} INFO - ::endgroup::
