[2025-11-02T21:31:09.449+0000] {local_task_job_runner.py:120} INFO - ::group::Pre task execution logs
[2025-11-02T21:31:09.488+0000] {taskinstance.py:2076} INFO - Dependencies all met for dep_context=non-requeueable deps ti=<TaskInstance: dbt_duckdb_run.run_csv_load_script scheduled__2025-11-01T06:00:00+00:00 [queued]>
[2025-11-02T21:31:09.494+0000] {taskinstance.py:2076} INFO - Dependencies all met for dep_context=requeueable deps ti=<TaskInstance: dbt_duckdb_run.run_csv_load_script scheduled__2025-11-01T06:00:00+00:00 [queued]>
[2025-11-02T21:31:09.495+0000] {taskinstance.py:2306} INFO - Starting attempt 11 of 13
[2025-11-02T21:31:09.503+0000] {taskinstance.py:2330} INFO - Executing <Task(BashOperator): run_csv_load_script> on 2025-11-01 06:00:00+00:00
[2025-11-02T21:31:09.514+0000] {logging_mixin.py:188} WARNING - /home/***/.local/lib/python3.12/site-packages/***/task/task_runner/standard_task_runner.py:62 DeprecationWarning: This process (pid=783) is multi-threaded, use of fork() may lead to deadlocks in the child.
[2025-11-02T21:31:09.515+0000] {standard_task_runner.py:64} INFO - Started process 785 to run task
[2025-11-02T21:31:09.512+0000] {standard_task_runner.py:90} INFO - Running: ['***', 'tasks', 'run', 'dbt_duckdb_run', 'run_csv_load_script', 'scheduled__2025-11-01T06:00:00+00:00', '--job-id', '80', '--raw', '--subdir', 'DAGS_FOLDER/dbt_dag.py', '--cfg-path', '/tmp/tmp5b0scoxf']
[2025-11-02T21:31:09.516+0000] {standard_task_runner.py:91} INFO - Job 80: Subtask run_csv_load_script
[2025-11-02T21:31:09.555+0000] {task_command.py:426} INFO - Running <TaskInstance: dbt_duckdb_run.run_csv_load_script scheduled__2025-11-01T06:00:00+00:00 [running]> on host d5e910245007
[2025-11-02T21:31:09.610+0000] {taskinstance.py:2648} INFO - Exporting env vars: AIRFLOW_CTX_DAG_OWNER='***' AIRFLOW_CTX_DAG_ID='dbt_duckdb_run' AIRFLOW_CTX_TASK_ID='run_csv_load_script' AIRFLOW_CTX_EXECUTION_DATE='2025-11-01T06:00:00+00:00' AIRFLOW_CTX_TRY_NUMBER='11' AIRFLOW_CTX_DAG_RUN_ID='scheduled__2025-11-01T06:00:00+00:00'
[2025-11-02T21:31:09.611+0000] {taskinstance.py:430} INFO - ::endgroup::
[2025-11-02T21:31:09.622+0000] {subprocess.py:63} INFO - Tmp dir root location: /tmp
[2025-11-02T21:31:09.623+0000] {subprocess.py:75} INFO - Running command: ['/usr/bin/bash', '-c', "python /opt/***/scripts/csv_load.py || echo 'csv_load.py failed'"]
[2025-11-02T21:31:09.628+0000] {subprocess.py:86} INFO - Output:
[2025-11-02T21:31:09.696+0000] {subprocess.py:93} INFO - Traceback (most recent call last):
[2025-11-02T21:31:09.696+0000] {subprocess.py:93} INFO -   File "/opt/***/scripts/csv_load.py", line 1, in <module>
[2025-11-02T21:31:09.697+0000] {subprocess.py:93} INFO -     import duckdb
[2025-11-02T21:31:09.697+0000] {subprocess.py:93} INFO - ModuleNotFoundError: No module named 'duckdb'
[2025-11-02T21:31:09.700+0000] {subprocess.py:93} INFO - csv_load.py failed
[2025-11-02T21:31:09.701+0000] {subprocess.py:97} INFO - Command exited with return code 0
[2025-11-02T21:31:09.701+0000] {taskinstance.py:441} INFO - ::group::Post task execution logs
[2025-11-02T21:31:09.716+0000] {taskinstance.py:1206} INFO - Marking task as SUCCESS. dag_id=dbt_duckdb_run, task_id=run_csv_load_script, run_id=scheduled__2025-11-01T06:00:00+00:00, execution_date=20251101T060000, start_date=20251102T213109, end_date=20251102T213109
[2025-11-02T21:31:09.737+0000] {local_task_job_runner.py:243} INFO - Task exited with return code 0
[2025-11-02T21:31:09.754+0000] {taskinstance.py:3503} INFO - 0 downstream tasks scheduled from follow-on schedule check
[2025-11-02T21:31:09.755+0000] {local_task_job_runner.py:222} INFO - ::endgroup::
