[2025-11-02T21:50:52.188+0000] {local_task_job_runner.py:120} INFO - ::group::Pre task execution logs
[2025-11-02T21:50:52.223+0000] {taskinstance.py:2076} INFO - Dependencies all met for dep_context=non-requeueable deps ti=<TaskInstance: dbt_duckdb_run.run_csv_load_script scheduled__2025-11-01T06:00:00+00:00 [queued]>
[2025-11-02T21:50:52.230+0000] {taskinstance.py:2076} INFO - Dependencies all met for dep_context=requeueable deps ti=<TaskInstance: dbt_duckdb_run.run_csv_load_script scheduled__2025-11-01T06:00:00+00:00 [queued]>
[2025-11-02T21:50:52.231+0000] {taskinstance.py:2306} INFO - Starting attempt 13 of 15
[2025-11-02T21:50:52.240+0000] {taskinstance.py:2330} INFO - Executing <Task(BashOperator): run_csv_load_script> on 2025-11-01 06:00:00+00:00
[2025-11-02T21:50:52.252+0000] {logging_mixin.py:188} WARNING - /home/***/.local/lib/python3.12/site-packages/***/task/task_runner/standard_task_runner.py:62 DeprecationWarning: This process (pid=304) is multi-threaded, use of fork() may lead to deadlocks in the child.
[2025-11-02T21:50:52.249+0000] {standard_task_runner.py:90} INFO - Running: ['***', 'tasks', 'run', 'dbt_duckdb_run', 'run_csv_load_script', 'scheduled__2025-11-01T06:00:00+00:00', '--job-id', '87', '--raw', '--subdir', 'DAGS_FOLDER/dbt_dag.py', '--cfg-path', '/tmp/tmp8tnqrxys']
[2025-11-02T21:50:52.256+0000] {standard_task_runner.py:64} INFO - Started process 305 to run task
[2025-11-02T21:50:52.256+0000] {standard_task_runner.py:91} INFO - Job 87: Subtask run_csv_load_script
[2025-11-02T21:50:52.302+0000] {task_command.py:426} INFO - Running <TaskInstance: dbt_duckdb_run.run_csv_load_script scheduled__2025-11-01T06:00:00+00:00 [running]> on host 9f558d84cecf
[2025-11-02T21:50:52.375+0000] {taskinstance.py:2648} INFO - Exporting env vars: AIRFLOW_CTX_DAG_OWNER='***' AIRFLOW_CTX_DAG_ID='dbt_duckdb_run' AIRFLOW_CTX_TASK_ID='run_csv_load_script' AIRFLOW_CTX_EXECUTION_DATE='2025-11-01T06:00:00+00:00' AIRFLOW_CTX_TRY_NUMBER='13' AIRFLOW_CTX_DAG_RUN_ID='scheduled__2025-11-01T06:00:00+00:00'
[2025-11-02T21:50:52.376+0000] {taskinstance.py:430} INFO - ::endgroup::
[2025-11-02T21:50:52.390+0000] {subprocess.py:63} INFO - Tmp dir root location: /tmp
[2025-11-02T21:50:52.392+0000] {subprocess.py:75} INFO - Running command: ['/usr/bin/bash', '-c', "python /opt/***/scripts/csv_load.py || echo 'csv_load.py failed'"]
[2025-11-02T21:50:52.399+0000] {subprocess.py:86} INFO - Output:
[2025-11-02T21:50:52.484+0000] {subprocess.py:93} INFO - Traceback (most recent call last):
[2025-11-02T21:50:52.484+0000] {subprocess.py:93} INFO -   File "/opt/***/scripts/csv_load.py", line 1, in <module>
[2025-11-02T21:50:52.484+0000] {subprocess.py:93} INFO -     import duckdb
[2025-11-02T21:50:52.484+0000] {subprocess.py:93} INFO - ModuleNotFoundError: No module named 'duckdb'
[2025-11-02T21:50:52.488+0000] {subprocess.py:93} INFO - csv_load.py failed
[2025-11-02T21:50:52.488+0000] {subprocess.py:97} INFO - Command exited with return code 0
[2025-11-02T21:50:52.489+0000] {taskinstance.py:441} INFO - ::group::Post task execution logs
[2025-11-02T21:50:52.507+0000] {taskinstance.py:1206} INFO - Marking task as SUCCESS. dag_id=dbt_duckdb_run, task_id=run_csv_load_script, run_id=scheduled__2025-11-01T06:00:00+00:00, execution_date=20251101T060000, start_date=20251102T215052, end_date=20251102T215052
[2025-11-02T21:50:52.521+0000] {local_task_job_runner.py:243} INFO - Task exited with return code 0
[2025-11-02T21:50:52.541+0000] {taskinstance.py:3503} INFO - 0 downstream tasks scheduled from follow-on schedule check
[2025-11-02T21:50:52.542+0000] {local_task_job_runner.py:222} INFO - ::endgroup::
