[2025-11-02T21:59:17.076+0000] {local_task_job_runner.py:120} INFO - ::group::Pre task execution logs
[2025-11-02T21:59:17.100+0000] {taskinstance.py:2076} INFO - Dependencies all met for dep_context=non-requeueable deps ti=<TaskInstance: dbt_duckdb_run.run_csv_load_script scheduled__2025-11-01T06:00:00+00:00 [queued]>
[2025-11-02T21:59:17.108+0000] {taskinstance.py:2076} INFO - Dependencies all met for dep_context=requeueable deps ti=<TaskInstance: dbt_duckdb_run.run_csv_load_script scheduled__2025-11-01T06:00:00+00:00 [queued]>
[2025-11-02T21:59:17.108+0000] {taskinstance.py:2306} INFO - Starting attempt 15 of 17
[2025-11-02T21:59:17.117+0000] {taskinstance.py:2330} INFO - Executing <Task(BashOperator): run_csv_load_script> on 2025-11-01 06:00:00+00:00
[2025-11-02T21:59:17.123+0000] {logging_mixin.py:188} WARNING - /home/***/.local/lib/python3.12/site-packages/***/task/task_runner/standard_task_runner.py:62 DeprecationWarning: This process (pid=358) is multi-threaded, use of fork() may lead to deadlocks in the child.
[2025-11-02T21:59:17.124+0000] {standard_task_runner.py:64} INFO - Started process 359 to run task
[2025-11-02T21:59:17.123+0000] {standard_task_runner.py:90} INFO - Running: ['***', 'tasks', 'run', 'dbt_duckdb_run', 'run_csv_load_script', 'scheduled__2025-11-01T06:00:00+00:00', '--job-id', '95', '--raw', '--subdir', 'DAGS_FOLDER/dbt_dag.py', '--cfg-path', '/tmp/tmpm8qgqgq4']
[2025-11-02T21:59:17.126+0000] {standard_task_runner.py:91} INFO - Job 95: Subtask run_csv_load_script
[2025-11-02T21:59:17.158+0000] {task_command.py:426} INFO - Running <TaskInstance: dbt_duckdb_run.run_csv_load_script scheduled__2025-11-01T06:00:00+00:00 [running]> on host 757809b56052
[2025-11-02T21:59:17.205+0000] {taskinstance.py:2648} INFO - Exporting env vars: AIRFLOW_CTX_DAG_OWNER='***' AIRFLOW_CTX_DAG_ID='dbt_duckdb_run' AIRFLOW_CTX_TASK_ID='run_csv_load_script' AIRFLOW_CTX_EXECUTION_DATE='2025-11-01T06:00:00+00:00' AIRFLOW_CTX_TRY_NUMBER='15' AIRFLOW_CTX_DAG_RUN_ID='scheduled__2025-11-01T06:00:00+00:00'
[2025-11-02T21:59:17.205+0000] {taskinstance.py:430} INFO - ::endgroup::
[2025-11-02T21:59:17.215+0000] {subprocess.py:63} INFO - Tmp dir root location: /tmp
[2025-11-02T21:59:17.216+0000] {subprocess.py:75} INFO - Running command: ['/usr/bin/bash', '-c', ("cd /opt/***/dbt && source venv/bin/activate && python /opt/***/scripts/csv_load.py || echo 'csv_load.py failed'",)]
[2025-11-02T21:59:17.216+0000] {taskinstance.py:441} INFO - ::group::Post task execution logs
[2025-11-02T21:59:17.216+0000] {taskinstance.py:2905} ERROR - Task failed with exception
Traceback (most recent call last):
  File "/home/airflow/.local/lib/python3.12/site-packages/airflow/models/taskinstance.py", line 465, in _execute_task
    result = _execute_callable(context=context, **execute_callable_kwargs)
             ^^^^^^^^^^^^^^^^^^^^^^^^^^^^^^^^^^^^^^^^^^^^^^^^^^^^^^^^^^^^^
  File "/home/airflow/.local/lib/python3.12/site-packages/airflow/models/taskinstance.py", line 432, in _execute_callable
    return execute_callable(context=context, **execute_callable_kwargs)
           ^^^^^^^^^^^^^^^^^^^^^^^^^^^^^^^^^^^^^^^^^^^^^^^^^^^^^^^^^^^^
  File "/home/airflow/.local/lib/python3.12/site-packages/airflow/models/baseoperator.py", line 401, in wrapper
    return func(self, *args, **kwargs)
           ^^^^^^^^^^^^^^^^^^^^^^^^^^^
  File "/home/airflow/.local/lib/python3.12/site-packages/airflow/operators/bash.py", line 234, in execute
    result = self.subprocess_hook.run_command(
             ^^^^^^^^^^^^^^^^^^^^^^^^^^^^^^^^^
  File "/home/airflow/.local/lib/python3.12/site-packages/airflow/hooks/subprocess.py", line 77, in run_command
    self.sub_process = Popen(
                       ^^^^^^
  File "/usr/local/lib/python3.12/subprocess.py", line 1026, in __init__
    self._execute_child(args, executable, preexec_fn, close_fds,
  File "/usr/local/lib/python3.12/subprocess.py", line 1885, in _execute_child
    self.pid = _fork_exec(
               ^^^^^^^^^^^
TypeError: expected str, bytes or os.PathLike object, not tuple
[2025-11-02T21:59:17.222+0000] {taskinstance.py:1206} INFO - Marking task as UP_FOR_RETRY. dag_id=dbt_duckdb_run, task_id=run_csv_load_script, run_id=scheduled__2025-11-01T06:00:00+00:00, execution_date=20251101T060000, start_date=20251102T215917, end_date=20251102T215917
[2025-11-02T21:59:17.228+0000] {standard_task_runner.py:110} ERROR - Failed to execute job 95 for task run_csv_load_script (expected str, bytes or os.PathLike object, not tuple; 359)
[2025-11-02T21:59:17.267+0000] {local_task_job_runner.py:243} INFO - Task exited with return code 1
[2025-11-02T21:59:17.282+0000] {taskinstance.py:3503} INFO - 0 downstream tasks scheduled from follow-on schedule check
[2025-11-02T21:59:17.283+0000] {local_task_job_runner.py:222} INFO - ::endgroup::
