[2025-11-02T22:03:50.341+0000] {local_task_job_runner.py:120} INFO - ::group::Pre task execution logs
[2025-11-02T22:03:50.366+0000] {taskinstance.py:2076} INFO - Dependencies all met for dep_context=non-requeueable deps ti=<TaskInstance: dbt_duckdb_run.run_dim_customer scheduled__2025-11-01T06:00:00+00:00 [queued]>
[2025-11-02T22:03:50.371+0000] {taskinstance.py:2076} INFO - Dependencies all met for dep_context=requeueable deps ti=<TaskInstance: dbt_duckdb_run.run_dim_customer scheduled__2025-11-01T06:00:00+00:00 [queued]>
[2025-11-02T22:03:50.371+0000] {taskinstance.py:2306} INFO - Starting attempt 1 of 1
[2025-11-02T22:03:50.379+0000] {taskinstance.py:2330} INFO - Executing <Task(BashOperator): run_dim_customer> on 2025-11-01 06:00:00+00:00
[2025-11-02T22:03:50.384+0000] {logging_mixin.py:188} WARNING - /home/***/.local/lib/python3.12/site-packages/***/task/task_runner/standard_task_runner.py:62 DeprecationWarning: This process (pid=611) is multi-threaded, use of fork() may lead to deadlocks in the child.
[2025-11-02T22:03:50.385+0000] {standard_task_runner.py:64} INFO - Started process 612 to run task
[2025-11-02T22:03:50.384+0000] {standard_task_runner.py:90} INFO - Running: ['***', 'tasks', 'run', 'dbt_duckdb_run', 'run_dim_customer', 'scheduled__2025-11-01T06:00:00+00:00', '--job-id', '102', '--raw', '--subdir', 'DAGS_FOLDER/dbt_dag.py', '--cfg-path', '/tmp/tmpbsaa0rfi']
[2025-11-02T22:03:50.386+0000] {standard_task_runner.py:91} INFO - Job 102: Subtask run_dim_customer
[2025-11-02T22:03:50.422+0000] {task_command.py:426} INFO - Running <TaskInstance: dbt_duckdb_run.run_dim_customer scheduled__2025-11-01T06:00:00+00:00 [running]> on host 757809b56052
[2025-11-02T22:03:50.472+0000] {taskinstance.py:2648} INFO - Exporting env vars: AIRFLOW_CTX_DAG_OWNER='***' AIRFLOW_CTX_DAG_ID='dbt_duckdb_run' AIRFLOW_CTX_TASK_ID='run_dim_customer' AIRFLOW_CTX_EXECUTION_DATE='2025-11-01T06:00:00+00:00' AIRFLOW_CTX_TRY_NUMBER='1' AIRFLOW_CTX_DAG_RUN_ID='scheduled__2025-11-01T06:00:00+00:00'
[2025-11-02T22:03:50.472+0000] {taskinstance.py:430} INFO - ::endgroup::
[2025-11-02T22:03:50.483+0000] {subprocess.py:63} INFO - Tmp dir root location: /tmp
[2025-11-02T22:03:50.484+0000] {subprocess.py:75} INFO - Running command: ['/usr/bin/bash', '-c', 'cd /opt/***/dbt && source venv/bin/activate && dbt run --select dim_customer ']
[2025-11-02T22:03:50.489+0000] {subprocess.py:86} INFO - Output:
[2025-11-02T22:03:52.650+0000] {subprocess.py:93} INFO - [0m22:03:52  Running with dbt=1.10.13
[2025-11-02T22:03:52.962+0000] {subprocess.py:93} INFO - [0m22:03:52  Registered adapter: duckdb=1.9.6
[2025-11-02T22:03:53.329+0000] {subprocess.py:93} INFO - [0m22:03:53  Found 6 models, 12 data tests, 1 source, 444 macros
[2025-11-02T22:03:53.331+0000] {subprocess.py:93} INFO - [0m22:03:53
[2025-11-02T22:03:53.331+0000] {subprocess.py:93} INFO - [0m22:03:53  Concurrency: 4 threads (target='dev')
[2025-11-02T22:03:53.331+0000] {subprocess.py:93} INFO - [0m22:03:53
[2025-11-02T22:03:53.520+0000] {subprocess.py:93} INFO - [0m22:03:53  1 of 1 START sql incremental model main_structured.dim_customer ................ [RUN]
[2025-11-02T22:03:53.616+0000] {subprocess.py:93} INFO - [0m22:03:53  1 of 1 OK created sql incremental model main_structured.dim_customer ........... [[32mOK[0m in 0.09s]
[2025-11-02T22:03:53.623+0000] {subprocess.py:93} INFO - [0m22:03:53
[2025-11-02T22:03:53.624+0000] {subprocess.py:93} INFO - [0m22:03:53  Finished running 1 incremental model in 0 hours 0 minutes and 0.29 seconds (0.29s).
[2025-11-02T22:03:53.656+0000] {subprocess.py:93} INFO - [0m22:03:53
[2025-11-02T22:03:53.657+0000] {subprocess.py:93} INFO - [0m22:03:53  [32mCompleted successfully[0m
[2025-11-02T22:03:53.657+0000] {subprocess.py:93} INFO - [0m22:03:53
[2025-11-02T22:03:53.658+0000] {subprocess.py:93} INFO - [0m22:03:53  Done. PASS=1 WARN=0 ERROR=0 SKIP=0 NO-OP=0 TOTAL=1
[2025-11-02T22:03:54.292+0000] {subprocess.py:97} INFO - Command exited with return code 0
[2025-11-02T22:03:54.293+0000] {taskinstance.py:441} INFO - ::group::Post task execution logs
[2025-11-02T22:03:54.316+0000] {taskinstance.py:1206} INFO - Marking task as SUCCESS. dag_id=dbt_duckdb_run, task_id=run_dim_customer, run_id=scheduled__2025-11-01T06:00:00+00:00, execution_date=20251101T060000, start_date=20251102T220350, end_date=20251102T220354
[2025-11-02T22:03:54.356+0000] {local_task_job_runner.py:243} INFO - Task exited with return code 0
[2025-11-02T22:03:54.381+0000] {taskinstance.py:3503} INFO - 1 downstream tasks scheduled from follow-on schedule check
[2025-11-02T22:03:54.382+0000] {local_task_job_runner.py:222} INFO - ::endgroup::
