[2025-11-03T16:56:36.508+0000] {local_task_job_runner.py:120} INFO - ::group::Pre task execution logs
[2025-11-03T16:56:36.527+0000] {taskinstance.py:2076} INFO - Dependencies all met for dep_context=non-requeueable deps ti=<TaskInstance: dbt_duckdb_run.run_customer_detail scheduled__2025-11-02T06:00:00+00:00 [queued]>
[2025-11-03T16:56:36.532+0000] {taskinstance.py:2076} INFO - Dependencies all met for dep_context=requeueable deps ti=<TaskInstance: dbt_duckdb_run.run_customer_detail scheduled__2025-11-02T06:00:00+00:00 [queued]>
[2025-11-03T16:56:36.532+0000] {taskinstance.py:2306} INFO - Starting attempt 2 of 2
[2025-11-03T16:56:36.539+0000] {taskinstance.py:2330} INFO - Executing <Task(BashOperator): run_customer_detail> on 2025-11-02 06:00:00+00:00
[2025-11-03T16:56:36.543+0000] {logging_mixin.py:188} WARNING - /home/***/.local/lib/python3.12/site-packages/***/task/task_runner/standard_task_runner.py:62 DeprecationWarning: This process (pid=407) is multi-threaded, use of fork() may lead to deadlocks in the child.
[2025-11-03T16:56:36.543+0000] {standard_task_runner.py:64} INFO - Started process 408 to run task
[2025-11-03T16:56:36.543+0000] {standard_task_runner.py:90} INFO - Running: ['***', 'tasks', 'run', 'dbt_duckdb_run', 'run_customer_detail', 'scheduled__2025-11-02T06:00:00+00:00', '--job-id', '123', '--raw', '--subdir', 'DAGS_FOLDER/dbt_dag.py', '--cfg-path', '/tmp/tmptd8b2kvl']
[2025-11-03T16:56:36.544+0000] {standard_task_runner.py:91} INFO - Job 123: Subtask run_customer_detail
[2025-11-03T16:56:36.570+0000] {task_command.py:426} INFO - Running <TaskInstance: dbt_duckdb_run.run_customer_detail scheduled__2025-11-02T06:00:00+00:00 [running]> on host 8b2e3086e3f4
[2025-11-03T16:56:36.614+0000] {taskinstance.py:2648} INFO - Exporting env vars: AIRFLOW_CTX_DAG_OWNER='***' AIRFLOW_CTX_DAG_ID='dbt_duckdb_run' AIRFLOW_CTX_TASK_ID='run_customer_detail' AIRFLOW_CTX_EXECUTION_DATE='2025-11-02T06:00:00+00:00' AIRFLOW_CTX_TRY_NUMBER='2' AIRFLOW_CTX_DAG_RUN_ID='scheduled__2025-11-02T06:00:00+00:00'
[2025-11-03T16:56:36.614+0000] {taskinstance.py:430} INFO - ::endgroup::
[2025-11-03T16:56:36.623+0000] {subprocess.py:63} INFO - Tmp dir root location: /tmp
[2025-11-03T16:56:36.624+0000] {subprocess.py:75} INFO - Running command: ['/usr/bin/bash', '-c', 'cd /opt/***/dbt && source venv/bin/activate && dbt run --select customer_detail ']
[2025-11-03T16:56:36.628+0000] {subprocess.py:86} INFO - Output:
[2025-11-03T16:56:38.726+0000] {subprocess.py:93} INFO - [0m16:56:38  Running with dbt=1.10.13
[2025-11-03T16:56:38.996+0000] {subprocess.py:93} INFO - [0m16:56:38  Registered adapter: duckdb=1.9.6
[2025-11-03T16:56:39.327+0000] {subprocess.py:93} INFO - [0m16:56:39  Found 6 models, 12 data tests, 1 source, 444 macros
[2025-11-03T16:56:39.329+0000] {subprocess.py:93} INFO - [0m16:56:39
[2025-11-03T16:56:39.329+0000] {subprocess.py:93} INFO - [0m16:56:39  Concurrency: 4 threads (target='dev')
[2025-11-03T16:56:39.330+0000] {subprocess.py:93} INFO - [0m16:56:39
[2025-11-03T16:56:39.513+0000] {subprocess.py:93} INFO - [0m16:56:39  1 of 1 START sql table model main_presentation.customer_detail ................. [RUN]
[2025-11-03T16:56:39.616+0000] {subprocess.py:93} INFO - [0m16:56:39  1 of 1 OK created sql table model main_presentation.customer_detail ............ [[32mOK[0m in 0.10s]
[2025-11-03T16:56:39.623+0000] {subprocess.py:93} INFO - [0m16:56:39
[2025-11-03T16:56:39.623+0000] {subprocess.py:93} INFO - [0m16:56:39  Finished running 1 table model in 0 hours 0 minutes and 0.29 seconds (0.29s).
[2025-11-03T16:56:39.655+0000] {subprocess.py:93} INFO - [0m16:56:39
[2025-11-03T16:56:39.655+0000] {subprocess.py:93} INFO - [0m16:56:39  [32mCompleted successfully[0m
[2025-11-03T16:56:39.656+0000] {subprocess.py:93} INFO - [0m16:56:39
[2025-11-03T16:56:39.656+0000] {subprocess.py:93} INFO - [0m16:56:39  Done. PASS=1 WARN=0 ERROR=0 SKIP=0 NO-OP=0 TOTAL=1
[2025-11-03T16:56:40.316+0000] {subprocess.py:97} INFO - Command exited with return code 0
[2025-11-03T16:56:40.317+0000] {taskinstance.py:441} INFO - ::group::Post task execution logs
[2025-11-03T16:56:40.335+0000] {taskinstance.py:1206} INFO - Marking task as SUCCESS. dag_id=dbt_duckdb_run, task_id=run_customer_detail, run_id=scheduled__2025-11-02T06:00:00+00:00, execution_date=20251102T060000, start_date=20251103T165636, end_date=20251103T165640
[2025-11-03T16:56:40.346+0000] {local_task_job_runner.py:243} INFO - Task exited with return code 0
[2025-11-03T16:56:40.361+0000] {taskinstance.py:3503} INFO - 1 downstream tasks scheduled from follow-on schedule check
[2025-11-03T16:56:40.362+0000] {local_task_job_runner.py:222} INFO - ::endgroup::
