[2025-11-03T17:07:36.768+0000] {local_task_job_runner.py:120} INFO - ::group::Pre task execution logs
[2025-11-03T17:07:36.791+0000] {taskinstance.py:2076} INFO - Dependencies all met for dep_context=non-requeueable deps ti=<TaskInstance: dbt_duckdb_run.run_customer_detail scheduled__2025-11-02T06:00:00+00:00 [queued]>
[2025-11-03T17:07:36.796+0000] {taskinstance.py:2076} INFO - Dependencies all met for dep_context=requeueable deps ti=<TaskInstance: dbt_duckdb_run.run_customer_detail scheduled__2025-11-02T06:00:00+00:00 [queued]>
[2025-11-03T17:07:36.797+0000] {taskinstance.py:2306} INFO - Starting attempt 4 of 4
[2025-11-03T17:07:36.804+0000] {taskinstance.py:2330} INFO - Executing <Task(BashOperator): run_customer_detail> on 2025-11-02 06:00:00+00:00
[2025-11-03T17:07:36.808+0000] {logging_mixin.py:188} WARNING - /home/***/.local/lib/python3.12/site-packages/***/task/task_runner/standard_task_runner.py:62 DeprecationWarning: This process (pid=1097) is multi-threaded, use of fork() may lead to deadlocks in the child.
[2025-11-03T17:07:36.809+0000] {standard_task_runner.py:64} INFO - Started process 1098 to run task
[2025-11-03T17:07:36.808+0000] {standard_task_runner.py:90} INFO - Running: ['***', 'tasks', 'run', 'dbt_duckdb_run', 'run_customer_detail', 'scheduled__2025-11-02T06:00:00+00:00', '--job-id', '141', '--raw', '--subdir', 'DAGS_FOLDER/dbt_dag.py', '--cfg-path', '/tmp/tmp9f0fmofr']
[2025-11-03T17:07:36.810+0000] {standard_task_runner.py:91} INFO - Job 141: Subtask run_customer_detail
[2025-11-03T17:07:36.836+0000] {task_command.py:426} INFO - Running <TaskInstance: dbt_duckdb_run.run_customer_detail scheduled__2025-11-02T06:00:00+00:00 [running]> on host 8b2e3086e3f4
[2025-11-03T17:07:36.885+0000] {taskinstance.py:2648} INFO - Exporting env vars: AIRFLOW_CTX_DAG_OWNER='***' AIRFLOW_CTX_DAG_ID='dbt_duckdb_run' AIRFLOW_CTX_TASK_ID='run_customer_detail' AIRFLOW_CTX_EXECUTION_DATE='2025-11-02T06:00:00+00:00' AIRFLOW_CTX_TRY_NUMBER='4' AIRFLOW_CTX_DAG_RUN_ID='scheduled__2025-11-02T06:00:00+00:00'
[2025-11-03T17:07:36.886+0000] {taskinstance.py:430} INFO - ::endgroup::
[2025-11-03T17:07:36.896+0000] {subprocess.py:63} INFO - Tmp dir root location: /tmp
[2025-11-03T17:07:36.896+0000] {subprocess.py:75} INFO - Running command: ['/usr/bin/bash', '-c', 'cd /opt/***/dbt && source venv/bin/activate && dbt run --select customer_detail ']
[2025-11-03T17:07:36.901+0000] {subprocess.py:86} INFO - Output:
[2025-11-03T17:07:38.986+0000] {subprocess.py:93} INFO - [0m17:07:38  Running with dbt=1.10.13
[2025-11-03T17:07:39.253+0000] {subprocess.py:93} INFO - [0m17:07:39  Registered adapter: duckdb=1.9.6
[2025-11-03T17:07:39.396+0000] {subprocess.py:93} INFO - [0m17:07:39  [[33mWARNING[0m][DuplicateYAMLKeysDeprecation]: Deprecated functionality
[2025-11-03T17:07:39.396+0000] {subprocess.py:93} INFO - Duplicate key 'column_name' in "<unicode string>", line 11, column 11 in file
[2025-11-03T17:07:39.397+0000] {subprocess.py:93} INFO - `models/presentation/schema.yml`
[2025-11-03T17:07:39.604+0000] {subprocess.py:93} INFO - [0m17:07:39  Found 6 models, 12 data tests, 1 source, 444 macros
[2025-11-03T17:07:39.606+0000] {subprocess.py:93} INFO - [0m17:07:39
[2025-11-03T17:07:39.606+0000] {subprocess.py:93} INFO - [0m17:07:39  Concurrency: 4 threads (target='dev')
[2025-11-03T17:07:39.607+0000] {subprocess.py:93} INFO - [0m17:07:39
[2025-11-03T17:07:39.791+0000] {subprocess.py:93} INFO - [0m17:07:39  1 of 1 START sql table model main_presentation.customer_detail ................. [RUN]
[2025-11-03T17:07:39.889+0000] {subprocess.py:93} INFO - [0m17:07:39  1 of 1 OK created sql table model main_presentation.customer_detail ............ [[32mOK[0m in 0.10s]
[2025-11-03T17:07:39.895+0000] {subprocess.py:93} INFO - [0m17:07:39
[2025-11-03T17:07:39.896+0000] {subprocess.py:93} INFO - [0m17:07:39  Finished running 1 table model in 0 hours 0 minutes and 0.29 seconds (0.29s).
[2025-11-03T17:07:39.928+0000] {subprocess.py:93} INFO - [0m17:07:39
[2025-11-03T17:07:39.928+0000] {subprocess.py:93} INFO - [0m17:07:39  [32mCompleted successfully[0m
[2025-11-03T17:07:39.929+0000] {subprocess.py:93} INFO - [0m17:07:39
[2025-11-03T17:07:39.929+0000] {subprocess.py:93} INFO - [0m17:07:39  Done. PASS=1 WARN=0 ERROR=0 SKIP=0 NO-OP=0 TOTAL=1
[2025-11-03T17:07:39.930+0000] {subprocess.py:93} INFO - [0m17:07:39  [[33mWARNING[0m][DeprecationsSummary]: Deprecated functionality
[2025-11-03T17:07:39.930+0000] {subprocess.py:93} INFO - Summary of encountered deprecations:
[2025-11-03T17:07:39.931+0000] {subprocess.py:93} INFO - - DuplicateYAMLKeysDeprecation: 1 occurrence
[2025-11-03T17:07:39.931+0000] {subprocess.py:93} INFO - To see all deprecation instances instead of just the first occurrence of each,
[2025-11-03T17:07:39.931+0000] {subprocess.py:93} INFO - run command again with the `--show-all-deprecations` flag. You may also need to
[2025-11-03T17:07:39.931+0000] {subprocess.py:93} INFO - run with `--no-partial-parse` as some deprecations are only encountered during
[2025-11-03T17:07:39.931+0000] {subprocess.py:93} INFO - parsing.
[2025-11-03T17:07:40.550+0000] {subprocess.py:97} INFO - Command exited with return code 0
[2025-11-03T17:07:40.550+0000] {taskinstance.py:441} INFO - ::group::Post task execution logs
[2025-11-03T17:07:40.567+0000] {taskinstance.py:1206} INFO - Marking task as SUCCESS. dag_id=dbt_duckdb_run, task_id=run_customer_detail, run_id=scheduled__2025-11-02T06:00:00+00:00, execution_date=20251102T060000, start_date=20251103T170736, end_date=20251103T170740
[2025-11-03T17:07:40.587+0000] {local_task_job_runner.py:243} INFO - Task exited with return code 0
[2025-11-03T17:07:40.601+0000] {taskinstance.py:3503} INFO - 1 downstream tasks scheduled from follow-on schedule check
[2025-11-03T17:07:40.602+0000] {local_task_job_runner.py:222} INFO - ::endgroup::
