[2025-11-03T17:02:41.667+0000] {local_task_job_runner.py:120} INFO - ::group::Pre task execution logs
[2025-11-03T17:02:41.688+0000] {taskinstance.py:2076} INFO - Dependencies all met for dep_context=non-requeueable deps ti=<TaskInstance: dbt_duckdb_run.run_customer_detail scheduled__2025-11-02T06:00:00+00:00 [queued]>
[2025-11-03T17:02:41.693+0000] {taskinstance.py:2076} INFO - Dependencies all met for dep_context=requeueable deps ti=<TaskInstance: dbt_duckdb_run.run_customer_detail scheduled__2025-11-02T06:00:00+00:00 [queued]>
[2025-11-03T17:02:41.693+0000] {taskinstance.py:2306} INFO - Starting attempt 3 of 3
[2025-11-03T17:02:41.701+0000] {taskinstance.py:2330} INFO - Executing <Task(BashOperator): run_customer_detail> on 2025-11-02 06:00:00+00:00
[2025-11-03T17:02:41.705+0000] {logging_mixin.py:188} WARNING - /home/***/.local/lib/python3.12/site-packages/***/task/task_runner/standard_task_runner.py:62 DeprecationWarning: This process (pid=757) is multi-threaded, use of fork() may lead to deadlocks in the child.
[2025-11-03T17:02:41.706+0000] {standard_task_runner.py:64} INFO - Started process 758 to run task
[2025-11-03T17:02:41.706+0000] {standard_task_runner.py:90} INFO - Running: ['***', 'tasks', 'run', 'dbt_duckdb_run', 'run_customer_detail', 'scheduled__2025-11-02T06:00:00+00:00', '--job-id', '132', '--raw', '--subdir', 'DAGS_FOLDER/dbt_dag.py', '--cfg-path', '/tmp/tmp84w8vnqr']
[2025-11-03T17:02:41.707+0000] {standard_task_runner.py:91} INFO - Job 132: Subtask run_customer_detail
[2025-11-03T17:02:41.736+0000] {task_command.py:426} INFO - Running <TaskInstance: dbt_duckdb_run.run_customer_detail scheduled__2025-11-02T06:00:00+00:00 [running]> on host 8b2e3086e3f4
[2025-11-03T17:02:41.785+0000] {taskinstance.py:2648} INFO - Exporting env vars: AIRFLOW_CTX_DAG_OWNER='***' AIRFLOW_CTX_DAG_ID='dbt_duckdb_run' AIRFLOW_CTX_TASK_ID='run_customer_detail' AIRFLOW_CTX_EXECUTION_DATE='2025-11-02T06:00:00+00:00' AIRFLOW_CTX_TRY_NUMBER='3' AIRFLOW_CTX_DAG_RUN_ID='scheduled__2025-11-02T06:00:00+00:00'
[2025-11-03T17:02:41.786+0000] {taskinstance.py:430} INFO - ::endgroup::
[2025-11-03T17:02:41.795+0000] {subprocess.py:63} INFO - Tmp dir root location: /tmp
[2025-11-03T17:02:41.796+0000] {subprocess.py:75} INFO - Running command: ['/usr/bin/bash', '-c', 'cd /opt/***/dbt && source venv/bin/activate && dbt run --select customer_detail ']
[2025-11-03T17:02:41.800+0000] {subprocess.py:86} INFO - Output:
[2025-11-03T17:02:43.963+0000] {subprocess.py:93} INFO - [0m17:02:43  Running with dbt=1.10.13
[2025-11-03T17:02:44.233+0000] {subprocess.py:93} INFO - [0m17:02:44  Registered adapter: duckdb=1.9.6
[2025-11-03T17:02:44.422+0000] {subprocess.py:93} INFO - [0m17:02:44  [[33mWARNING[0m][DuplicateYAMLKeysDeprecation]: Deprecated functionality
[2025-11-03T17:02:44.425+0000] {subprocess.py:93} INFO - Duplicate key 'column_name' in "<unicode string>", line 18, column 11 in file
[2025-11-03T17:02:44.428+0000] {subprocess.py:93} INFO - `models/presentation/schema.yml`
[2025-11-03T17:02:44.654+0000] {subprocess.py:93} INFO - [0m17:02:44  Found 6 models, 12 data tests, 1 source, 444 macros
[2025-11-03T17:02:44.656+0000] {subprocess.py:93} INFO - [0m17:02:44
[2025-11-03T17:02:44.656+0000] {subprocess.py:93} INFO - [0m17:02:44  Concurrency: 4 threads (target='dev')
[2025-11-03T17:02:44.657+0000] {subprocess.py:93} INFO - [0m17:02:44
[2025-11-03T17:02:44.848+0000] {subprocess.py:93} INFO - [0m17:02:44  1 of 1 START sql table model main_presentation.customer_detail ................. [RUN]
[2025-11-03T17:02:44.957+0000] {subprocess.py:93} INFO - [0m17:02:44  1 of 1 OK created sql table model main_presentation.customer_detail ............ [[32mOK[0m in 0.11s]
[2025-11-03T17:02:44.963+0000] {subprocess.py:93} INFO - [0m17:02:44
[2025-11-03T17:02:44.964+0000] {subprocess.py:93} INFO - [0m17:02:44  Finished running 1 table model in 0 hours 0 minutes and 0.31 seconds (0.31s).
[2025-11-03T17:02:44.996+0000] {subprocess.py:93} INFO - [0m17:02:44
[2025-11-03T17:02:44.996+0000] {subprocess.py:93} INFO - [0m17:02:44  [32mCompleted successfully[0m
[2025-11-03T17:02:44.997+0000] {subprocess.py:93} INFO - [0m17:02:44
[2025-11-03T17:02:44.997+0000] {subprocess.py:93} INFO - [0m17:02:44  Done. PASS=1 WARN=0 ERROR=0 SKIP=0 NO-OP=0 TOTAL=1
[2025-11-03T17:02:44.998+0000] {subprocess.py:93} INFO - [0m17:02:44  [[33mWARNING[0m][DeprecationsSummary]: Deprecated functionality
[2025-11-03T17:02:44.999+0000] {subprocess.py:93} INFO - Summary of encountered deprecations:
[2025-11-03T17:02:44.999+0000] {subprocess.py:93} INFO - - DuplicateYAMLKeysDeprecation: 1 occurrence
[2025-11-03T17:02:44.999+0000] {subprocess.py:93} INFO - To see all deprecation instances instead of just the first occurrence of each,
[2025-11-03T17:02:45.000+0000] {subprocess.py:93} INFO - run command again with the `--show-all-deprecations` flag. You may also need to
[2025-11-03T17:02:45.000+0000] {subprocess.py:93} INFO - run with `--no-partial-parse` as some deprecations are only encountered during
[2025-11-03T17:02:45.001+0000] {subprocess.py:93} INFO - parsing.
[2025-11-03T17:02:45.648+0000] {subprocess.py:97} INFO - Command exited with return code 0
[2025-11-03T17:02:45.649+0000] {taskinstance.py:441} INFO - ::group::Post task execution logs
[2025-11-03T17:02:45.670+0000] {taskinstance.py:1206} INFO - Marking task as SUCCESS. dag_id=dbt_duckdb_run, task_id=run_customer_detail, run_id=scheduled__2025-11-02T06:00:00+00:00, execution_date=20251102T060000, start_date=20251103T170241, end_date=20251103T170245
[2025-11-03T17:02:45.695+0000] {local_task_job_runner.py:243} INFO - Task exited with return code 0
[2025-11-03T17:02:45.711+0000] {taskinstance.py:3503} INFO - 1 downstream tasks scheduled from follow-on schedule check
[2025-11-03T17:02:45.712+0000] {local_task_job_runner.py:222} INFO - ::endgroup::
