[2025-11-03T19:33:21.201+0000] {local_task_job_runner.py:120} INFO - ::group::Pre task execution logs
[2025-11-03T19:33:21.221+0000] {taskinstance.py:2076} INFO - Dependencies all met for dep_context=non-requeueable deps ti=<TaskInstance: dbt_duckdb_run.run_dim_customer manual__2025-11-03T19:33:08.461408+00:00 [queued]>
[2025-11-03T19:33:21.226+0000] {taskinstance.py:2076} INFO - Dependencies all met for dep_context=requeueable deps ti=<TaskInstance: dbt_duckdb_run.run_dim_customer manual__2025-11-03T19:33:08.461408+00:00 [queued]>
[2025-11-03T19:33:21.227+0000] {taskinstance.py:2306} INFO - Starting attempt 1 of 1
[2025-11-03T19:33:21.233+0000] {taskinstance.py:2330} INFO - Executing <Task(BashOperator): run_dim_customer> on 2025-11-03 19:33:08.461408+00:00
[2025-11-03T19:33:21.237+0000] {logging_mixin.py:188} WARNING - /home/***/.local/lib/python3.12/site-packages/***/task/task_runner/standard_task_runner.py:62 DeprecationWarning: This process (pid=277) is multi-threaded, use of fork() may lead to deadlocks in the child.
[2025-11-03T19:33:21.238+0000] {standard_task_runner.py:64} INFO - Started process 278 to run task
[2025-11-03T19:33:21.238+0000] {standard_task_runner.py:90} INFO - Running: ['***', 'tasks', 'run', 'dbt_duckdb_run', 'run_dim_customer', 'manual__2025-11-03T19:33:08.461408+00:00', '--job-id', '147', '--raw', '--subdir', 'DAGS_FOLDER/dbt_dag.py', '--cfg-path', '/tmp/tmpw84pup2x']
[2025-11-03T19:33:21.240+0000] {standard_task_runner.py:91} INFO - Job 147: Subtask run_dim_customer
[2025-11-03T19:33:21.265+0000] {task_command.py:426} INFO - Running <TaskInstance: dbt_duckdb_run.run_dim_customer manual__2025-11-03T19:33:08.461408+00:00 [running]> on host 91216cc0327b
[2025-11-03T19:33:21.313+0000] {taskinstance.py:2648} INFO - Exporting env vars: AIRFLOW_CTX_DAG_OWNER='***' AIRFLOW_CTX_DAG_ID='dbt_duckdb_run' AIRFLOW_CTX_TASK_ID='run_dim_customer' AIRFLOW_CTX_EXECUTION_DATE='2025-11-03T19:33:08.461408+00:00' AIRFLOW_CTX_TRY_NUMBER='1' AIRFLOW_CTX_DAG_RUN_ID='manual__2025-11-03T19:33:08.461408+00:00'
[2025-11-03T19:33:21.314+0000] {taskinstance.py:430} INFO - ::endgroup::
[2025-11-03T19:33:21.323+0000] {subprocess.py:63} INFO - Tmp dir root location: /tmp
[2025-11-03T19:33:21.324+0000] {subprocess.py:75} INFO - Running command: ['/usr/bin/bash', '-c', 'cd /opt/***/dbt && source venv/bin/activate && dbt run --select dim_customer ']
[2025-11-03T19:33:21.328+0000] {subprocess.py:86} INFO - Output:
[2025-11-03T19:33:23.419+0000] {subprocess.py:93} INFO - [0m19:33:23  Running with dbt=1.10.13
[2025-11-03T19:33:23.690+0000] {subprocess.py:93} INFO - [0m19:33:23  Registered adapter: duckdb=1.9.6
[2025-11-03T19:33:23.832+0000] {subprocess.py:93} INFO - [0m19:33:23  [[33mWARNING[0m][DuplicateYAMLKeysDeprecation]: Deprecated functionality
[2025-11-03T19:33:23.833+0000] {subprocess.py:93} INFO - Duplicate key 'column_name' in "<unicode string>", line 11, column 11 in file
[2025-11-03T19:33:23.833+0000] {subprocess.py:93} INFO - `models/presentation/schema.yml`
[2025-11-03T19:33:24.039+0000] {subprocess.py:93} INFO - [0m19:33:24  Found 6 models, 12 data tests, 1 source, 444 macros
[2025-11-03T19:33:24.041+0000] {subprocess.py:93} INFO - [0m19:33:24
[2025-11-03T19:33:24.042+0000] {subprocess.py:93} INFO - [0m19:33:24  Concurrency: 4 threads (target='dev')
[2025-11-03T19:33:24.042+0000] {subprocess.py:93} INFO - [0m19:33:24
[2025-11-03T19:33:24.227+0000] {subprocess.py:93} INFO - [0m19:33:24  1 of 1 START sql incremental model main_structured.dim_customer ................ [RUN]
[2025-11-03T19:33:24.378+0000] {subprocess.py:93} INFO - [0m19:33:24  1 of 1 OK created sql incremental model main_structured.dim_customer ........... [[32mOK[0m in 0.15s]
[2025-11-03T19:33:24.385+0000] {subprocess.py:93} INFO - [0m19:33:24
[2025-11-03T19:33:24.385+0000] {subprocess.py:93} INFO - [0m19:33:24  Finished running 1 incremental model in 0 hours 0 minutes and 0.34 seconds (0.34s).
[2025-11-03T19:33:24.416+0000] {subprocess.py:93} INFO - [0m19:33:24
[2025-11-03T19:33:24.417+0000] {subprocess.py:93} INFO - [0m19:33:24  [32mCompleted successfully[0m
[2025-11-03T19:33:24.417+0000] {subprocess.py:93} INFO - [0m19:33:24
[2025-11-03T19:33:24.418+0000] {subprocess.py:93} INFO - [0m19:33:24  Done. PASS=1 WARN=0 ERROR=0 SKIP=0 NO-OP=0 TOTAL=1
[2025-11-03T19:33:24.419+0000] {subprocess.py:93} INFO - [0m19:33:24  [[33mWARNING[0m][DeprecationsSummary]: Deprecated functionality
[2025-11-03T19:33:24.419+0000] {subprocess.py:93} INFO - Summary of encountered deprecations:
[2025-11-03T19:33:24.420+0000] {subprocess.py:93} INFO - - DuplicateYAMLKeysDeprecation: 1 occurrence
[2025-11-03T19:33:24.420+0000] {subprocess.py:93} INFO - To see all deprecation instances instead of just the first occurrence of each,
[2025-11-03T19:33:24.420+0000] {subprocess.py:93} INFO - run command again with the `--show-all-deprecations` flag. You may also need to
[2025-11-03T19:33:24.420+0000] {subprocess.py:93} INFO - run with `--no-partial-parse` as some deprecations are only encountered during
[2025-11-03T19:33:24.420+0000] {subprocess.py:93} INFO - parsing.
[2025-11-03T19:33:25.041+0000] {subprocess.py:97} INFO - Command exited with return code 0
[2025-11-03T19:33:25.042+0000] {taskinstance.py:441} INFO - ::group::Post task execution logs
[2025-11-03T19:33:25.063+0000] {taskinstance.py:1206} INFO - Marking task as SUCCESS. dag_id=dbt_duckdb_run, task_id=run_dim_customer, run_id=manual__2025-11-03T19:33:08.461408+00:00, execution_date=20251103T193308, start_date=20251103T193321, end_date=20251103T193325
[2025-11-03T19:33:25.081+0000] {local_task_job_runner.py:243} INFO - Task exited with return code 0
[2025-11-03T19:33:25.102+0000] {taskinstance.py:3503} INFO - 1 downstream tasks scheduled from follow-on schedule check
[2025-11-03T19:33:25.103+0000] {local_task_job_runner.py:222} INFO - ::endgroup::
