[2025-11-04T06:26:02.827+0000] {local_task_job_runner.py:120} INFO - ::group::Pre task execution logs
[2025-11-04T06:26:02.850+0000] {taskinstance.py:2076} INFO - Dependencies all met for dep_context=non-requeueable deps ti=<TaskInstance: dbt_duckdb_run.run_application_agg scheduled__2025-11-03T06:00:00+00:00 [queued]>
[2025-11-04T06:26:02.855+0000] {taskinstance.py:2076} INFO - Dependencies all met for dep_context=requeueable deps ti=<TaskInstance: dbt_duckdb_run.run_application_agg scheduled__2025-11-03T06:00:00+00:00 [queued]>
[2025-11-04T06:26:02.855+0000] {taskinstance.py:2306} INFO - Starting attempt 1 of 3
[2025-11-04T06:26:02.862+0000] {taskinstance.py:2330} INFO - Executing <Task(BashOperator): run_application_agg> on 2025-11-03 06:00:00+00:00
[2025-11-04T06:26:02.867+0000] {logging_mixin.py:188} WARNING - /home/***/.local/lib/python3.12/site-packages/***/task/task_runner/standard_task_runner.py:62 DeprecationWarning: This process (pid=1869) is multi-threaded, use of fork() may lead to deadlocks in the child.
[2025-11-04T06:26:02.867+0000] {standard_task_runner.py:64} INFO - Started process 1870 to run task
[2025-11-04T06:26:02.867+0000] {standard_task_runner.py:90} INFO - Running: ['***', 'tasks', 'run', 'dbt_duckdb_run', 'run_application_agg', 'scheduled__2025-11-03T06:00:00+00:00', '--job-id', '169', '--raw', '--subdir', 'DAGS_FOLDER/dbt_dag.py', '--cfg-path', '/tmp/tmp4tsb6opt']
[2025-11-04T06:26:02.868+0000] {standard_task_runner.py:91} INFO - Job 169: Subtask run_application_agg
[2025-11-04T06:26:02.895+0000] {task_command.py:426} INFO - Running <TaskInstance: dbt_duckdb_run.run_application_agg scheduled__2025-11-03T06:00:00+00:00 [running]> on host c1bcdd4772d6
[2025-11-04T06:26:02.940+0000] {taskinstance.py:2648} INFO - Exporting env vars: AIRFLOW_CTX_DAG_OWNER='***' AIRFLOW_CTX_DAG_ID='dbt_duckdb_run' AIRFLOW_CTX_TASK_ID='run_application_agg' AIRFLOW_CTX_EXECUTION_DATE='2025-11-03T06:00:00+00:00' AIRFLOW_CTX_TRY_NUMBER='1' AIRFLOW_CTX_DAG_RUN_ID='scheduled__2025-11-03T06:00:00+00:00'
[2025-11-04T06:26:02.940+0000] {taskinstance.py:430} INFO - ::endgroup::
[2025-11-04T06:26:02.950+0000] {subprocess.py:63} INFO - Tmp dir root location: /tmp
[2025-11-04T06:26:02.951+0000] {subprocess.py:75} INFO - Running command: ['/usr/bin/bash', '-c', 'cd /opt/***/dbt && source venv/bin/activate && dbt run --select application_agg ']
[2025-11-04T06:26:02.955+0000] {subprocess.py:86} INFO - Output:
[2025-11-04T06:26:05.051+0000] {subprocess.py:93} INFO - [0m06:26:05  Running with dbt=1.10.13
[2025-11-04T06:26:05.317+0000] {subprocess.py:93} INFO - [0m06:26:05  Registered adapter: duckdb=1.9.6
[2025-11-04T06:41:05.270+0000] {subprocess.py:93} INFO - [0m06:41:05  [[33mWARNING[0m][DuplicateYAMLKeysDeprecation]: Deprecated functionality
[2025-11-04T06:41:05.270+0000] {subprocess.py:93} INFO - Duplicate key 'column_name' in "<unicode string>", line 11, column 11 in file
[2025-11-04T06:41:05.271+0000] {subprocess.py:93} INFO - `models/presentation/schema.yml`
[2025-11-04T06:41:05.490+0000] {subprocess.py:93} INFO - [0m06:41:05  Found 6 models, 12 data tests, 1 source, 444 macros
[2025-11-04T06:41:05.491+0000] {subprocess.py:93} INFO - [0m06:41:05
[2025-11-04T06:41:05.492+0000] {subprocess.py:93} INFO - [0m06:41:05  Concurrency: 4 threads (target='dev')
[2025-11-04T06:41:05.492+0000] {subprocess.py:93} INFO - [0m06:41:05
[2025-11-04T06:41:05.679+0000] {subprocess.py:93} INFO - [0m06:41:05  1 of 1 START sql table model main_presentation.application_agg ................. [RUN]
[2025-11-04T06:41:05.784+0000] {subprocess.py:93} INFO - [0m06:41:05  1 of 1 OK created sql table model main_presentation.application_agg ............ [[32mOK[0m in 0.10s]
[2025-11-04T06:41:05.790+0000] {subprocess.py:93} INFO - [0m06:41:05
[2025-11-04T06:41:05.790+0000] {subprocess.py:93} INFO - [0m06:41:05  Finished running 1 table model in 0 hours 0 minutes and 0.30 seconds (0.30s).
[2025-11-04T06:41:05.822+0000] {subprocess.py:93} INFO - [0m06:41:05
[2025-11-04T06:41:05.823+0000] {subprocess.py:93} INFO - [0m06:41:05  [32mCompleted successfully[0m
[2025-11-04T06:41:05.824+0000] {subprocess.py:93} INFO - [0m06:41:05
[2025-11-04T06:41:05.824+0000] {subprocess.py:93} INFO - [0m06:41:05  Done. PASS=1 WARN=0 ERROR=0 SKIP=0 NO-OP=0 TOTAL=1
[2025-11-04T06:41:05.825+0000] {subprocess.py:93} INFO - [0m06:41:05  [[33mWARNING[0m][DeprecationsSummary]: Deprecated functionality
[2025-11-04T06:41:05.825+0000] {subprocess.py:93} INFO - Summary of encountered deprecations:
[2025-11-04T06:41:05.826+0000] {subprocess.py:93} INFO - - DuplicateYAMLKeysDeprecation: 1 occurrence
[2025-11-04T06:41:05.826+0000] {subprocess.py:93} INFO - To see all deprecation instances instead of just the first occurrence of each,
[2025-11-04T06:41:05.826+0000] {subprocess.py:93} INFO - run command again with the `--show-all-deprecations` flag. You may also need to
[2025-11-04T06:41:05.826+0000] {subprocess.py:93} INFO - run with `--no-partial-parse` as some deprecations are only encountered during
[2025-11-04T06:41:05.826+0000] {subprocess.py:93} INFO - parsing.
[2025-11-04T06:41:06.445+0000] {subprocess.py:97} INFO - Command exited with return code 0
[2025-11-04T06:41:06.446+0000] {taskinstance.py:441} INFO - ::group::Post task execution logs
[2025-11-04T06:41:06.462+0000] {taskinstance.py:1206} INFO - Marking task as SUCCESS. dag_id=dbt_duckdb_run, task_id=run_application_agg, run_id=scheduled__2025-11-03T06:00:00+00:00, execution_date=20251103T060000, start_date=20251104T062602, end_date=20251104T064106
[2025-11-04T06:41:06.510+0000] {local_task_job_runner.py:243} INFO - Task exited with return code 0
[2025-11-04T06:41:06.530+0000] {taskinstance.py:3503} INFO - 0 downstream tasks scheduled from follow-on schedule check
[2025-11-04T06:41:06.532+0000] {local_task_job_runner.py:222} INFO - ::endgroup::
