[2025-11-04T06:25:57.934+0000] {local_task_job_runner.py:120} INFO - ::group::Pre task execution logs
[2025-11-04T06:25:57.968+0000] {taskinstance.py:2076} INFO - Dependencies all met for dep_context=non-requeueable deps ti=<TaskInstance: dbt_duckdb_run.run_dim_applications scheduled__2025-11-03T06:00:00+00:00 [queued]>
[2025-11-04T06:25:57.973+0000] {taskinstance.py:2076} INFO - Dependencies all met for dep_context=requeueable deps ti=<TaskInstance: dbt_duckdb_run.run_dim_applications scheduled__2025-11-03T06:00:00+00:00 [queued]>
[2025-11-04T06:25:57.973+0000] {taskinstance.py:2306} INFO - Starting attempt 1 of 3
[2025-11-04T06:25:57.981+0000] {taskinstance.py:2330} INFO - Executing <Task(BashOperator): run_dim_applications> on 2025-11-03 06:00:00+00:00
[2025-11-04T06:25:57.987+0000] {logging_mixin.py:188} WARNING - /home/***/.local/lib/python3.12/site-packages/***/task/task_runner/standard_task_runner.py:62 DeprecationWarning: This process (pid=1839) is multi-threaded, use of fork() may lead to deadlocks in the child.
[2025-11-04T06:25:57.988+0000] {standard_task_runner.py:64} INFO - Started process 1840 to run task
[2025-11-04T06:25:57.987+0000] {standard_task_runner.py:90} INFO - Running: ['***', 'tasks', 'run', 'dbt_duckdb_run', 'run_dim_applications', 'scheduled__2025-11-03T06:00:00+00:00', '--job-id', '168', '--raw', '--subdir', 'DAGS_FOLDER/dbt_dag.py', '--cfg-path', '/tmp/tmp_2enubj8']
[2025-11-04T06:25:57.989+0000] {standard_task_runner.py:91} INFO - Job 168: Subtask run_dim_applications
[2025-11-04T06:25:58.024+0000] {task_command.py:426} INFO - Running <TaskInstance: dbt_duckdb_run.run_dim_applications scheduled__2025-11-03T06:00:00+00:00 [running]> on host c1bcdd4772d6
[2025-11-04T06:25:58.088+0000] {taskinstance.py:2648} INFO - Exporting env vars: AIRFLOW_CTX_DAG_OWNER='***' AIRFLOW_CTX_DAG_ID='dbt_duckdb_run' AIRFLOW_CTX_TASK_ID='run_dim_applications' AIRFLOW_CTX_EXECUTION_DATE='2025-11-03T06:00:00+00:00' AIRFLOW_CTX_TRY_NUMBER='1' AIRFLOW_CTX_DAG_RUN_ID='scheduled__2025-11-03T06:00:00+00:00'
[2025-11-04T06:25:58.089+0000] {taskinstance.py:430} INFO - ::endgroup::
[2025-11-04T06:25:58.101+0000] {subprocess.py:63} INFO - Tmp dir root location: /tmp
[2025-11-04T06:25:58.101+0000] {subprocess.py:75} INFO - Running command: ['/usr/bin/bash', '-c', 'cd /opt/***/dbt && source venv/bin/activate && dbt run --select dim_applications ']
[2025-11-04T06:25:58.113+0000] {subprocess.py:86} INFO - Output:
[2025-11-04T06:26:00.341+0000] {subprocess.py:93} INFO - [0m06:26:00  Running with dbt=1.10.13
[2025-11-04T06:26:00.619+0000] {subprocess.py:93} INFO - [0m06:26:00  Registered adapter: duckdb=1.9.6
[2025-11-04T06:26:00.769+0000] {subprocess.py:93} INFO - [0m06:26:00  [[33mWARNING[0m][DuplicateYAMLKeysDeprecation]: Deprecated functionality
[2025-11-04T06:26:00.770+0000] {subprocess.py:93} INFO - Duplicate key 'column_name' in "<unicode string>", line 11, column 11 in file
[2025-11-04T06:26:00.770+0000] {subprocess.py:93} INFO - `models/presentation/schema.yml`
[2025-11-04T06:26:00.981+0000] {subprocess.py:93} INFO - [0m06:26:00  Found 6 models, 12 data tests, 1 source, 444 macros
[2025-11-04T06:26:00.983+0000] {subprocess.py:93} INFO - [0m06:26:00
[2025-11-04T06:26:00.983+0000] {subprocess.py:93} INFO - [0m06:26:00  Concurrency: 4 threads (target='dev')
[2025-11-04T06:26:00.984+0000] {subprocess.py:93} INFO - [0m06:26:00
[2025-11-04T06:26:01.183+0000] {subprocess.py:93} INFO - [0m06:26:01  1 of 1 START sql incremental model main_structured.dim_applications ............ [RUN]
[2025-11-04T06:26:01.304+0000] {subprocess.py:93} INFO - [0m06:26:01  1 of 1 OK created sql incremental model main_structured.dim_applications ....... [[32mOK[0m in 0.12s]
[2025-11-04T06:26:01.311+0000] {subprocess.py:93} INFO - [0m06:26:01
[2025-11-04T06:26:01.311+0000] {subprocess.py:93} INFO - [0m06:26:01  Finished running 1 incremental model in 0 hours 0 minutes and 0.33 seconds (0.33s).
[2025-11-04T06:26:01.342+0000] {subprocess.py:93} INFO - [0m06:26:01
[2025-11-04T06:26:01.342+0000] {subprocess.py:93} INFO - [0m06:26:01  [32mCompleted successfully[0m
[2025-11-04T06:26:01.343+0000] {subprocess.py:93} INFO - [0m06:26:01
[2025-11-04T06:26:01.343+0000] {subprocess.py:93} INFO - [0m06:26:01  Done. PASS=1 WARN=0 ERROR=0 SKIP=0 NO-OP=0 TOTAL=1
[2025-11-04T06:26:01.344+0000] {subprocess.py:93} INFO - [0m06:26:01  [[33mWARNING[0m][DeprecationsSummary]: Deprecated functionality
[2025-11-04T06:26:01.344+0000] {subprocess.py:93} INFO - Summary of encountered deprecations:
[2025-11-04T06:26:01.345+0000] {subprocess.py:93} INFO - - DuplicateYAMLKeysDeprecation: 1 occurrence
[2025-11-04T06:26:01.345+0000] {subprocess.py:93} INFO - To see all deprecation instances instead of just the first occurrence of each,
[2025-11-04T06:26:01.345+0000] {subprocess.py:93} INFO - run command again with the `--show-all-deprecations` flag. You may also need to
[2025-11-04T06:26:01.345+0000] {subprocess.py:93} INFO - run with `--no-partial-parse` as some deprecations are only encountered during
[2025-11-04T06:26:01.346+0000] {subprocess.py:93} INFO - parsing.
[2025-11-04T06:26:02.043+0000] {subprocess.py:97} INFO - Command exited with return code 0
[2025-11-04T06:26:02.044+0000] {taskinstance.py:441} INFO - ::group::Post task execution logs
[2025-11-04T06:26:02.069+0000] {taskinstance.py:1206} INFO - Marking task as SUCCESS. dag_id=dbt_duckdb_run, task_id=run_dim_applications, run_id=scheduled__2025-11-03T06:00:00+00:00, execution_date=20251103T060000, start_date=20251104T062557, end_date=20251104T062602
[2025-11-04T06:26:02.110+0000] {local_task_job_runner.py:243} INFO - Task exited with return code 0
[2025-11-04T06:26:02.135+0000] {taskinstance.py:3503} INFO - 1 downstream tasks scheduled from follow-on schedule check
[2025-11-04T06:26:02.136+0000] {local_task_job_runner.py:222} INFO - ::endgroup::
