[2025-11-03T21:45:45.761+0000] {local_task_job_runner.py:120} INFO - ::group::Pre task execution logs
[2025-11-03T21:45:45.784+0000] {taskinstance.py:2076} INFO - Dependencies all met for dep_context=non-requeueable deps ti=<TaskInstance: dbt_duckdb_run.run_fact_quote manual__2025-11-03T19:33:08.461408+00:00 [queued]>
[2025-11-03T21:45:45.790+0000] {taskinstance.py:2076} INFO - Dependencies all met for dep_context=requeueable deps ti=<TaskInstance: dbt_duckdb_run.run_fact_quote manual__2025-11-03T19:33:08.461408+00:00 [queued]>
[2025-11-03T21:45:45.790+0000] {taskinstance.py:2306} INFO - Starting attempt 2 of 4
[2025-11-03T21:45:45.797+0000] {taskinstance.py:2330} INFO - Executing <Task(BashOperator): run_fact_quote> on 2025-11-03 19:33:08.461408+00:00
[2025-11-03T21:45:45.802+0000] {logging_mixin.py:188} WARNING - /home/***/.local/lib/python3.12/site-packages/***/task/task_runner/standard_task_runner.py:62 DeprecationWarning: This process (pid=1252) is multi-threaded, use of fork() may lead to deadlocks in the child.
[2025-11-03T21:45:45.802+0000] {standard_task_runner.py:64} INFO - Started process 1253 to run task
[2025-11-03T21:45:45.802+0000] {standard_task_runner.py:90} INFO - Running: ['***', 'tasks', 'run', 'dbt_duckdb_run', 'run_fact_quote', 'manual__2025-11-03T19:33:08.461408+00:00', '--job-id', '158', '--raw', '--subdir', 'DAGS_FOLDER/dbt_dag.py', '--cfg-path', '/tmp/tmpfy97960e']
[2025-11-03T21:45:45.804+0000] {standard_task_runner.py:91} INFO - Job 158: Subtask run_fact_quote
[2025-11-03T21:45:45.829+0000] {task_command.py:426} INFO - Running <TaskInstance: dbt_duckdb_run.run_fact_quote manual__2025-11-03T19:33:08.461408+00:00 [running]> on host c1bcdd4772d6
[2025-11-03T21:45:45.874+0000] {taskinstance.py:2648} INFO - Exporting env vars: AIRFLOW_CTX_DAG_OWNER='***' AIRFLOW_CTX_DAG_ID='dbt_duckdb_run' AIRFLOW_CTX_TASK_ID='run_fact_quote' AIRFLOW_CTX_EXECUTION_DATE='2025-11-03T19:33:08.461408+00:00' AIRFLOW_CTX_TRY_NUMBER='2' AIRFLOW_CTX_DAG_RUN_ID='manual__2025-11-03T19:33:08.461408+00:00'
[2025-11-03T21:45:45.875+0000] {taskinstance.py:430} INFO - ::endgroup::
[2025-11-03T21:45:45.884+0000] {subprocess.py:63} INFO - Tmp dir root location: /tmp
[2025-11-03T21:45:45.885+0000] {subprocess.py:75} INFO - Running command: ['/usr/bin/bash', '-c', 'cd /opt/***/dbt && source venv/bin/activate && dbt run --select fact_quote ']
[2025-11-03T21:45:45.890+0000] {subprocess.py:86} INFO - Output:
[2025-11-03T21:45:47.977+0000] {subprocess.py:93} INFO - [0m21:45:47  Running with dbt=1.10.13
[2025-11-03T21:45:48.250+0000] {subprocess.py:93} INFO - [0m21:45:48  Registered adapter: duckdb=1.9.6
[2025-11-03T21:45:48.400+0000] {subprocess.py:93} INFO - [0m21:45:48  [[33mWARNING[0m][DuplicateYAMLKeysDeprecation]: Deprecated functionality
[2025-11-03T21:45:48.401+0000] {subprocess.py:93} INFO - Duplicate key 'column_name' in "<unicode string>", line 11, column 11 in file
[2025-11-03T21:45:48.401+0000] {subprocess.py:93} INFO - `models/presentation/schema.yml`
[2025-11-03T21:45:48.617+0000] {subprocess.py:93} INFO - [0m21:45:48  Found 6 models, 12 data tests, 1 source, 444 macros
[2025-11-03T21:45:48.619+0000] {subprocess.py:93} INFO - [0m21:45:48
[2025-11-03T21:45:48.620+0000] {subprocess.py:93} INFO - [0m21:45:48  Concurrency: 4 threads (target='dev')
[2025-11-03T21:45:48.621+0000] {subprocess.py:93} INFO - [0m21:45:48
[2025-11-03T21:45:48.814+0000] {subprocess.py:93} INFO - [0m21:45:48  1 of 1 START sql incremental model main_structured.fact_quote .................. [RUN]
[2025-11-03T21:45:48.929+0000] {subprocess.py:93} INFO - [0m21:45:48  1 of 1 OK created sql incremental model main_structured.fact_quote ............. [[32mOK[0m in 0.11s]
[2025-11-03T21:45:48.935+0000] {subprocess.py:93} INFO - [0m21:45:48
[2025-11-03T21:45:48.936+0000] {subprocess.py:93} INFO - [0m21:45:48  Finished running 1 incremental model in 0 hours 0 minutes and 0.31 seconds (0.31s).
[2025-11-03T21:45:48.967+0000] {subprocess.py:93} INFO - [0m21:45:48
[2025-11-03T21:45:48.967+0000] {subprocess.py:93} INFO - [0m21:45:48  [32mCompleted successfully[0m
[2025-11-03T21:45:48.968+0000] {subprocess.py:93} INFO - [0m21:45:48
[2025-11-03T21:45:48.968+0000] {subprocess.py:93} INFO - [0m21:45:48  Done. PASS=1 WARN=0 ERROR=0 SKIP=0 NO-OP=0 TOTAL=1
[2025-11-03T21:45:48.969+0000] {subprocess.py:93} INFO - [0m21:45:48  [[33mWARNING[0m][DeprecationsSummary]: Deprecated functionality
[2025-11-03T21:45:48.969+0000] {subprocess.py:93} INFO - Summary of encountered deprecations:
[2025-11-03T21:45:48.970+0000] {subprocess.py:93} INFO - - DuplicateYAMLKeysDeprecation: 1 occurrence
[2025-11-03T21:45:48.970+0000] {subprocess.py:93} INFO - To see all deprecation instances instead of just the first occurrence of each,
[2025-11-03T21:45:48.970+0000] {subprocess.py:93} INFO - run command again with the `--show-all-deprecations` flag. You may also need to
[2025-11-03T21:45:48.970+0000] {subprocess.py:93} INFO - run with `--no-partial-parse` as some deprecations are only encountered during
[2025-11-03T21:45:48.970+0000] {subprocess.py:93} INFO - parsing.
[2025-11-03T21:45:49.568+0000] {subprocess.py:97} INFO - Command exited with return code 0
[2025-11-03T21:45:49.568+0000] {taskinstance.py:441} INFO - ::group::Post task execution logs
[2025-11-03T21:45:49.584+0000] {taskinstance.py:1206} INFO - Marking task as SUCCESS. dag_id=dbt_duckdb_run, task_id=run_fact_quote, run_id=manual__2025-11-03T19:33:08.461408+00:00, execution_date=20251103T193308, start_date=20251103T214545, end_date=20251103T214549
[2025-11-03T21:45:49.615+0000] {local_task_job_runner.py:243} INFO - Task exited with return code 0
[2025-11-03T21:45:49.633+0000] {taskinstance.py:3503} INFO - 0 downstream tasks scheduled from follow-on schedule check
[2025-11-03T21:45:49.636+0000] {local_task_job_runner.py:222} INFO - ::endgroup::
