[2025-11-03T17:02:17.954+0000] {local_task_job_runner.py:120} INFO - ::group::Pre task execution logs
[2025-11-03T17:02:17.972+0000] {taskinstance.py:2076} INFO - Dependencies all met for dep_context=non-requeueable deps ti=<TaskInstance: dbt_duckdb_run.run_csv_load_script scheduled__2025-11-02T06:00:00+00:00 [queued]>
[2025-11-03T17:02:17.977+0000] {taskinstance.py:2076} INFO - Dependencies all met for dep_context=requeueable deps ti=<TaskInstance: dbt_duckdb_run.run_csv_load_script scheduled__2025-11-02T06:00:00+00:00 [queued]>
[2025-11-03T17:02:17.977+0000] {taskinstance.py:2306} INFO - Starting attempt 3 of 5
[2025-11-03T17:02:17.984+0000] {taskinstance.py:2330} INFO - Executing <Task(BashOperator): run_csv_load_script> on 2025-11-02 06:00:00+00:00
[2025-11-03T17:02:17.988+0000] {logging_mixin.py:188} WARNING - /home/***/.local/lib/python3.12/site-packages/***/task/task_runner/standard_task_runner.py:62 DeprecationWarning: This process (pid=576) is multi-threaded, use of fork() may lead to deadlocks in the child.
[2025-11-03T17:02:17.988+0000] {standard_task_runner.py:64} INFO - Started process 577 to run task
[2025-11-03T17:02:17.988+0000] {standard_task_runner.py:90} INFO - Running: ['***', 'tasks', 'run', 'dbt_duckdb_run', 'run_csv_load_script', 'scheduled__2025-11-02T06:00:00+00:00', '--job-id', '126', '--raw', '--subdir', 'DAGS_FOLDER/dbt_dag.py', '--cfg-path', '/tmp/tmpz258kabu']
[2025-11-03T17:02:17.989+0000] {standard_task_runner.py:91} INFO - Job 126: Subtask run_csv_load_script
[2025-11-03T17:02:18.015+0000] {task_command.py:426} INFO - Running <TaskInstance: dbt_duckdb_run.run_csv_load_script scheduled__2025-11-02T06:00:00+00:00 [running]> on host 8b2e3086e3f4
[2025-11-03T17:02:18.059+0000] {taskinstance.py:2648} INFO - Exporting env vars: AIRFLOW_CTX_DAG_OWNER='***' AIRFLOW_CTX_DAG_ID='dbt_duckdb_run' AIRFLOW_CTX_TASK_ID='run_csv_load_script' AIRFLOW_CTX_EXECUTION_DATE='2025-11-02T06:00:00+00:00' AIRFLOW_CTX_TRY_NUMBER='3' AIRFLOW_CTX_DAG_RUN_ID='scheduled__2025-11-02T06:00:00+00:00'
[2025-11-03T17:02:18.060+0000] {taskinstance.py:430} INFO - ::endgroup::
[2025-11-03T17:02:18.069+0000] {subprocess.py:63} INFO - Tmp dir root location: /tmp
[2025-11-03T17:02:18.069+0000] {subprocess.py:75} INFO - Running command: ['/usr/bin/bash', '-c', "cd /opt/***/dbt && source venv/bin/activate && python /opt/***/scripts/csv_load.py || echo 'csv_load.py failed'"]
[2025-11-03T17:02:18.074+0000] {subprocess.py:86} INFO - Output:
[2025-11-03T17:02:18.545+0000] {subprocess.py:97} INFO - Command exited with return code 0
[2025-11-03T17:02:18.545+0000] {taskinstance.py:441} INFO - ::group::Post task execution logs
[2025-11-03T17:02:18.560+0000] {taskinstance.py:1206} INFO - Marking task as SUCCESS. dag_id=dbt_duckdb_run, task_id=run_csv_load_script, run_id=scheduled__2025-11-02T06:00:00+00:00, execution_date=20251102T060000, start_date=20251103T170217, end_date=20251103T170218
[2025-11-03T17:02:18.602+0000] {local_task_job_runner.py:243} INFO - Task exited with return code 0
[2025-11-03T17:02:18.619+0000] {taskinstance.py:3503} INFO - 1 downstream tasks scheduled from follow-on schedule check
[2025-11-03T17:02:18.620+0000] {local_task_job_runner.py:222} INFO - ::endgroup::
