[2025-11-03T17:02:28.870+0000] {local_task_job_runner.py:120} INFO - ::group::Pre task execution logs
[2025-11-03T17:02:28.896+0000] {taskinstance.py:2076} INFO - Dependencies all met for dep_context=non-requeueable deps ti=<TaskInstance: dbt_duckdb_run.run_fact_quote scheduled__2025-11-02T06:00:00+00:00 [queued]>
[2025-11-03T17:02:28.902+0000] {taskinstance.py:2076} INFO - Dependencies all met for dep_context=requeueable deps ti=<TaskInstance: dbt_duckdb_run.run_fact_quote scheduled__2025-11-02T06:00:00+00:00 [queued]>
[2025-11-03T17:02:28.903+0000] {taskinstance.py:2306} INFO - Starting attempt 3 of 3
[2025-11-03T17:02:28.912+0000] {taskinstance.py:2330} INFO - Executing <Task(BashOperator): run_fact_quote> on 2025-11-02 06:00:00+00:00
[2025-11-03T17:02:28.919+0000] {logging_mixin.py:188} WARNING - /home/***/.local/lib/python3.12/site-packages/***/task/task_runner/standard_task_runner.py:62 DeprecationWarning: This process (pid=662) is multi-threaded, use of fork() may lead to deadlocks in the child.
[2025-11-03T17:02:28.920+0000] {standard_task_runner.py:64} INFO - Started process 663 to run task
[2025-11-03T17:02:28.919+0000] {standard_task_runner.py:90} INFO - Running: ['***', 'tasks', 'run', 'dbt_duckdb_run', 'run_fact_quote', 'scheduled__2025-11-02T06:00:00+00:00', '--job-id', '129', '--raw', '--subdir', 'DAGS_FOLDER/dbt_dag.py', '--cfg-path', '/tmp/tmpyz4jebtx']
[2025-11-03T17:02:28.922+0000] {standard_task_runner.py:91} INFO - Job 129: Subtask run_fact_quote
[2025-11-03T17:02:28.960+0000] {task_command.py:426} INFO - Running <TaskInstance: dbt_duckdb_run.run_fact_quote scheduled__2025-11-02T06:00:00+00:00 [running]> on host 8b2e3086e3f4
[2025-11-03T17:02:29.013+0000] {taskinstance.py:2648} INFO - Exporting env vars: AIRFLOW_CTX_DAG_OWNER='***' AIRFLOW_CTX_DAG_ID='dbt_duckdb_run' AIRFLOW_CTX_TASK_ID='run_fact_quote' AIRFLOW_CTX_EXECUTION_DATE='2025-11-02T06:00:00+00:00' AIRFLOW_CTX_TRY_NUMBER='3' AIRFLOW_CTX_DAG_RUN_ID='scheduled__2025-11-02T06:00:00+00:00'
[2025-11-03T17:02:29.014+0000] {taskinstance.py:430} INFO - ::endgroup::
[2025-11-03T17:02:29.025+0000] {subprocess.py:63} INFO - Tmp dir root location: /tmp
[2025-11-03T17:02:29.025+0000] {subprocess.py:75} INFO - Running command: ['/usr/bin/bash', '-c', 'cd /opt/***/dbt && source venv/bin/activate && dbt run --select fact_quote ']
[2025-11-03T17:02:29.030+0000] {subprocess.py:86} INFO - Output:
[2025-11-03T17:02:31.221+0000] {subprocess.py:93} INFO - [0m17:02:31  Running with dbt=1.10.13
[2025-11-03T17:02:31.497+0000] {subprocess.py:93} INFO - [0m17:02:31  Registered adapter: duckdb=1.9.6
[2025-11-03T17:02:31.646+0000] {subprocess.py:93} INFO - [0m17:02:31  [[33mWARNING[0m][DuplicateYAMLKeysDeprecation]: Deprecated functionality
[2025-11-03T17:02:31.646+0000] {subprocess.py:93} INFO - Duplicate key 'column_name' in "<unicode string>", line 18, column 11 in file
[2025-11-03T17:02:31.647+0000] {subprocess.py:93} INFO - `models/presentation/schema.yml`
[2025-11-03T17:02:31.858+0000] {subprocess.py:93} INFO - [0m17:02:31  Found 6 models, 12 data tests, 1 source, 444 macros
[2025-11-03T17:02:31.860+0000] {subprocess.py:93} INFO - [0m17:02:31
[2025-11-03T17:02:31.861+0000] {subprocess.py:93} INFO - [0m17:02:31  Concurrency: 4 threads (target='dev')
[2025-11-03T17:02:31.861+0000] {subprocess.py:93} INFO - [0m17:02:31
[2025-11-03T17:02:32.063+0000] {subprocess.py:93} INFO - [0m17:02:32  1 of 1 START sql incremental model main_structured.fact_quote .................. [RUN]
[2025-11-03T17:02:32.188+0000] {subprocess.py:93} INFO - [0m17:02:32  1 of 1 OK created sql incremental model main_structured.fact_quote ............. [[32mOK[0m in 0.12s]
[2025-11-03T17:02:32.195+0000] {subprocess.py:93} INFO - [0m17:02:32
[2025-11-03T17:02:32.195+0000] {subprocess.py:93} INFO - [0m17:02:32  Finished running 1 incremental model in 0 hours 0 minutes and 0.33 seconds (0.33s).
[2025-11-03T17:02:32.226+0000] {subprocess.py:93} INFO - [0m17:02:32
[2025-11-03T17:02:32.226+0000] {subprocess.py:93} INFO - [0m17:02:32  [32mCompleted successfully[0m
[2025-11-03T17:02:32.227+0000] {subprocess.py:93} INFO - [0m17:02:32
[2025-11-03T17:02:32.227+0000] {subprocess.py:93} INFO - [0m17:02:32  Done. PASS=1 WARN=0 ERROR=0 SKIP=0 NO-OP=0 TOTAL=1
[2025-11-03T17:02:32.228+0000] {subprocess.py:93} INFO - [0m17:02:32  [[33mWARNING[0m][DeprecationsSummary]: Deprecated functionality
[2025-11-03T17:02:32.228+0000] {subprocess.py:93} INFO - Summary of encountered deprecations:
[2025-11-03T17:02:32.229+0000] {subprocess.py:93} INFO - - DuplicateYAMLKeysDeprecation: 1 occurrence
[2025-11-03T17:02:32.229+0000] {subprocess.py:93} INFO - To see all deprecation instances instead of just the first occurrence of each,
[2025-11-03T17:02:32.229+0000] {subprocess.py:93} INFO - run command again with the `--show-all-deprecations` flag. You may also need to
[2025-11-03T17:02:32.230+0000] {subprocess.py:93} INFO - run with `--no-partial-parse` as some deprecations are only encountered during
[2025-11-03T17:02:32.230+0000] {subprocess.py:93} INFO - parsing.
[2025-11-03T17:02:32.843+0000] {subprocess.py:97} INFO - Command exited with return code 0
[2025-11-03T17:02:32.846+0000] {taskinstance.py:441} INFO - ::group::Post task execution logs
[2025-11-03T17:02:32.866+0000] {taskinstance.py:1206} INFO - Marking task as SUCCESS. dag_id=dbt_duckdb_run, task_id=run_fact_quote, run_id=scheduled__2025-11-02T06:00:00+00:00, execution_date=20251102T060000, start_date=20251103T170228, end_date=20251103T170232
[2025-11-03T17:02:32.899+0000] {local_task_job_runner.py:243} INFO - Task exited with return code 0
[2025-11-03T17:02:32.919+0000] {taskinstance.py:3503} INFO - 1 downstream tasks scheduled from follow-on schedule check
[2025-11-03T17:02:32.920+0000] {local_task_job_runner.py:222} INFO - ::endgroup::
