[2025-11-03T06:01:20.651+0000] {local_task_job_runner.py:120} INFO - ::group::Pre task execution logs
[2025-11-03T06:01:20.671+0000] {taskinstance.py:2076} INFO - Dependencies all met for dep_context=non-requeueable deps ti=<TaskInstance: dbt_duckdb_run.run_fact_quote scheduled__2025-11-02T06:00:00+00:00 [queued]>
[2025-11-03T06:01:20.677+0000] {taskinstance.py:2076} INFO - Dependencies all met for dep_context=requeueable deps ti=<TaskInstance: dbt_duckdb_run.run_fact_quote scheduled__2025-11-02T06:00:00+00:00 [queued]>
[2025-11-03T06:01:20.677+0000] {taskinstance.py:2306} INFO - Starting attempt 1 of 1
[2025-11-03T06:01:20.684+0000] {taskinstance.py:2330} INFO - Executing <Task(BashOperator): run_fact_quote> on 2025-11-02 06:00:00+00:00
[2025-11-03T06:01:20.690+0000] {logging_mixin.py:188} WARNING - /home/***/.local/lib/python3.12/site-packages/***/task/task_runner/standard_task_runner.py:62 DeprecationWarning: This process (pid=1289) is multi-threaded, use of fork() may lead to deadlocks in the child.
[2025-11-03T06:01:20.690+0000] {standard_task_runner.py:64} INFO - Started process 1290 to run task
[2025-11-03T06:01:20.690+0000] {standard_task_runner.py:90} INFO - Running: ['***', 'tasks', 'run', 'dbt_duckdb_run', 'run_fact_quote', 'scheduled__2025-11-02T06:00:00+00:00', '--job-id', '111', '--raw', '--subdir', 'DAGS_FOLDER/dbt_dag.py', '--cfg-path', '/tmp/tmptaqsspyz']
[2025-11-03T06:01:20.691+0000] {standard_task_runner.py:91} INFO - Job 111: Subtask run_fact_quote
[2025-11-03T06:01:20.717+0000] {task_command.py:426} INFO - Running <TaskInstance: dbt_duckdb_run.run_fact_quote scheduled__2025-11-02T06:00:00+00:00 [running]> on host 757809b56052
[2025-11-03T06:01:20.766+0000] {taskinstance.py:2648} INFO - Exporting env vars: AIRFLOW_CTX_DAG_OWNER='***' AIRFLOW_CTX_DAG_ID='dbt_duckdb_run' AIRFLOW_CTX_TASK_ID='run_fact_quote' AIRFLOW_CTX_EXECUTION_DATE='2025-11-02T06:00:00+00:00' AIRFLOW_CTX_TRY_NUMBER='1' AIRFLOW_CTX_DAG_RUN_ID='scheduled__2025-11-02T06:00:00+00:00'
[2025-11-03T06:01:20.767+0000] {taskinstance.py:430} INFO - ::endgroup::
[2025-11-03T06:01:20.776+0000] {subprocess.py:63} INFO - Tmp dir root location: /tmp
[2025-11-03T06:01:20.777+0000] {subprocess.py:75} INFO - Running command: ['/usr/bin/bash', '-c', 'cd /opt/***/dbt && source venv/bin/activate && dbt run --select fact_quote ']
[2025-11-03T06:01:20.781+0000] {subprocess.py:86} INFO - Output:
[2025-11-03T06:01:22.859+0000] {subprocess.py:93} INFO - [0m06:01:22  Running with dbt=1.10.13
[2025-11-03T06:01:23.163+0000] {subprocess.py:93} INFO - [0m06:01:23  Registered adapter: duckdb=1.9.6
[2025-11-03T06:01:23.498+0000] {subprocess.py:93} INFO - [0m06:01:23  Found 6 models, 12 data tests, 1 source, 444 macros
[2025-11-03T06:01:23.499+0000] {subprocess.py:93} INFO - [0m06:01:23
[2025-11-03T06:01:23.500+0000] {subprocess.py:93} INFO - [0m06:01:23  Concurrency: 4 threads (target='dev')
[2025-11-03T06:01:23.500+0000] {subprocess.py:93} INFO - [0m06:01:23
[2025-11-03T06:01:23.689+0000] {subprocess.py:93} INFO - [0m06:01:23  1 of 1 START sql incremental model main_structured.fact_quote .................. [RUN]
[2025-11-03T06:01:23.829+0000] {subprocess.py:93} INFO - [0m06:01:23  1 of 1 OK created sql incremental model main_structured.fact_quote ............. [[32mOK[0m in 0.14s]
[2025-11-03T06:01:23.836+0000] {subprocess.py:93} INFO - [0m06:01:23
[2025-11-03T06:01:23.836+0000] {subprocess.py:93} INFO - [0m06:01:23  Finished running 1 incremental model in 0 hours 0 minutes and 0.34 seconds (0.34s).
[2025-11-03T06:01:23.868+0000] {subprocess.py:93} INFO - [0m06:01:23
[2025-11-03T06:01:23.869+0000] {subprocess.py:93} INFO - [0m06:01:23  [32mCompleted successfully[0m
[2025-11-03T06:01:23.869+0000] {subprocess.py:93} INFO - [0m06:01:23
[2025-11-03T06:01:23.870+0000] {subprocess.py:93} INFO - [0m06:01:23  Done. PASS=1 WARN=0 ERROR=0 SKIP=0 NO-OP=0 TOTAL=1
[2025-11-03T06:01:25.008+0000] {subprocess.py:97} INFO - Command exited with return code 0
[2025-11-03T06:01:25.009+0000] {taskinstance.py:441} INFO - ::group::Post task execution logs
[2025-11-03T06:01:25.027+0000] {taskinstance.py:1206} INFO - Marking task as SUCCESS. dag_id=dbt_duckdb_run, task_id=run_fact_quote, run_id=scheduled__2025-11-02T06:00:00+00:00, execution_date=20251102T060000, start_date=20251103T060120, end_date=20251103T060125
[2025-11-03T06:01:25.041+0000] {local_task_job_runner.py:243} INFO - Task exited with return code 0
[2025-11-03T06:01:25.061+0000] {taskinstance.py:3503} INFO - 1 downstream tasks scheduled from follow-on schedule check
[2025-11-03T06:01:25.062+0000] {local_task_job_runner.py:222} INFO - ::endgroup::
