[2025-11-03T17:02:37.242+0000] {local_task_job_runner.py:120} INFO - ::group::Pre task execution logs
[2025-11-03T17:02:37.261+0000] {taskinstance.py:2076} INFO - Dependencies all met for dep_context=non-requeueable deps ti=<TaskInstance: dbt_duckdb_run.run_application_agg scheduled__2025-11-02T06:00:00+00:00 [queued]>
[2025-11-03T17:02:37.266+0000] {taskinstance.py:2076} INFO - Dependencies all met for dep_context=requeueable deps ti=<TaskInstance: dbt_duckdb_run.run_application_agg scheduled__2025-11-02T06:00:00+00:00 [queued]>
[2025-11-03T17:02:37.267+0000] {taskinstance.py:2306} INFO - Starting attempt 3 of 3
[2025-11-03T17:02:37.274+0000] {taskinstance.py:2330} INFO - Executing <Task(BashOperator): run_application_agg> on 2025-11-02 06:00:00+00:00
[2025-11-03T17:02:37.278+0000] {logging_mixin.py:188} WARNING - /home/***/.local/lib/python3.12/site-packages/***/task/task_runner/standard_task_runner.py:62 DeprecationWarning: This process (pid=727) is multi-threaded, use of fork() may lead to deadlocks in the child.
[2025-11-03T17:02:37.279+0000] {standard_task_runner.py:64} INFO - Started process 728 to run task
[2025-11-03T17:02:37.278+0000] {standard_task_runner.py:90} INFO - Running: ['***', 'tasks', 'run', 'dbt_duckdb_run', 'run_application_agg', 'scheduled__2025-11-02T06:00:00+00:00', '--job-id', '131', '--raw', '--subdir', 'DAGS_FOLDER/dbt_dag.py', '--cfg-path', '/tmp/tmpc_xott48']
[2025-11-03T17:02:37.280+0000] {standard_task_runner.py:91} INFO - Job 131: Subtask run_application_agg
[2025-11-03T17:02:37.307+0000] {task_command.py:426} INFO - Running <TaskInstance: dbt_duckdb_run.run_application_agg scheduled__2025-11-02T06:00:00+00:00 [running]> on host 8b2e3086e3f4
[2025-11-03T17:02:37.356+0000] {taskinstance.py:2648} INFO - Exporting env vars: AIRFLOW_CTX_DAG_OWNER='***' AIRFLOW_CTX_DAG_ID='dbt_duckdb_run' AIRFLOW_CTX_TASK_ID='run_application_agg' AIRFLOW_CTX_EXECUTION_DATE='2025-11-02T06:00:00+00:00' AIRFLOW_CTX_TRY_NUMBER='3' AIRFLOW_CTX_DAG_RUN_ID='scheduled__2025-11-02T06:00:00+00:00'
[2025-11-03T17:02:37.357+0000] {taskinstance.py:430} INFO - ::endgroup::
[2025-11-03T17:02:37.366+0000] {subprocess.py:63} INFO - Tmp dir root location: /tmp
[2025-11-03T17:02:37.367+0000] {subprocess.py:75} INFO - Running command: ['/usr/bin/bash', '-c', 'cd /opt/***/dbt && source venv/bin/activate && dbt run --select application_agg ']
[2025-11-03T17:02:37.372+0000] {subprocess.py:86} INFO - Output:
[2025-11-03T17:02:39.505+0000] {subprocess.py:93} INFO - [0m17:02:39  Running with dbt=1.10.13
[2025-11-03T17:02:39.772+0000] {subprocess.py:93} INFO - [0m17:02:39  Registered adapter: duckdb=1.9.6
[2025-11-03T17:02:39.916+0000] {subprocess.py:93} INFO - [0m17:02:39  [[33mWARNING[0m][DuplicateYAMLKeysDeprecation]: Deprecated functionality
[2025-11-03T17:02:39.916+0000] {subprocess.py:93} INFO - Duplicate key 'column_name' in "<unicode string>", line 18, column 11 in file
[2025-11-03T17:02:39.916+0000] {subprocess.py:93} INFO - `models/presentation/schema.yml`
[2025-11-03T17:02:40.122+0000] {subprocess.py:93} INFO - [0m17:02:40  Found 6 models, 12 data tests, 1 source, 444 macros
[2025-11-03T17:02:40.124+0000] {subprocess.py:93} INFO - [0m17:02:40
[2025-11-03T17:02:40.124+0000] {subprocess.py:93} INFO - [0m17:02:40  Concurrency: 4 threads (target='dev')
[2025-11-03T17:02:40.125+0000] {subprocess.py:93} INFO - [0m17:02:40
[2025-11-03T17:02:40.313+0000] {subprocess.py:93} INFO - [0m17:02:40  1 of 1 START sql table model main_presentation.application_agg ................. [RUN]
[2025-11-03T17:02:40.410+0000] {subprocess.py:93} INFO - [0m17:02:40  1 of 1 OK created sql table model main_presentation.application_agg ............ [[32mOK[0m in 0.09s]
[2025-11-03T17:02:40.416+0000] {subprocess.py:93} INFO - [0m17:02:40
[2025-11-03T17:02:40.417+0000] {subprocess.py:93} INFO - [0m17:02:40  Finished running 1 table model in 0 hours 0 minutes and 0.29 seconds (0.29s).
[2025-11-03T17:02:40.448+0000] {subprocess.py:93} INFO - [0m17:02:40
[2025-11-03T17:02:40.449+0000] {subprocess.py:93} INFO - [0m17:02:40  [32mCompleted successfully[0m
[2025-11-03T17:02:40.450+0000] {subprocess.py:93} INFO - [0m17:02:40
[2025-11-03T17:02:40.450+0000] {subprocess.py:93} INFO - [0m17:02:40  Done. PASS=1 WARN=0 ERROR=0 SKIP=0 NO-OP=0 TOTAL=1
[2025-11-03T17:02:40.451+0000] {subprocess.py:93} INFO - [0m17:02:40  [[33mWARNING[0m][DeprecationsSummary]: Deprecated functionality
[2025-11-03T17:02:40.451+0000] {subprocess.py:93} INFO - Summary of encountered deprecations:
[2025-11-03T17:02:40.452+0000] {subprocess.py:93} INFO - - DuplicateYAMLKeysDeprecation: 1 occurrence
[2025-11-03T17:02:40.452+0000] {subprocess.py:93} INFO - To see all deprecation instances instead of just the first occurrence of each,
[2025-11-03T17:02:40.452+0000] {subprocess.py:93} INFO - run command again with the `--show-all-deprecations` flag. You may also need to
[2025-11-03T17:02:40.452+0000] {subprocess.py:93} INFO - run with `--no-partial-parse` as some deprecations are only encountered during
[2025-11-03T17:02:40.452+0000] {subprocess.py:93} INFO - parsing.
[2025-11-03T17:02:41.084+0000] {subprocess.py:97} INFO - Command exited with return code 0
[2025-11-03T17:02:41.085+0000] {taskinstance.py:441} INFO - ::group::Post task execution logs
[2025-11-03T17:02:41.101+0000] {taskinstance.py:1206} INFO - Marking task as SUCCESS. dag_id=dbt_duckdb_run, task_id=run_application_agg, run_id=scheduled__2025-11-02T06:00:00+00:00, execution_date=20251102T060000, start_date=20251103T170237, end_date=20251103T170241
[2025-11-03T17:02:41.144+0000] {local_task_job_runner.py:243} INFO - Task exited with return code 0
[2025-11-03T17:02:41.162+0000] {taskinstance.py:3503} INFO - 1 downstream tasks scheduled from follow-on schedule check
[2025-11-03T17:02:41.163+0000] {local_task_job_runner.py:222} INFO - ::endgroup::
