[2025-11-03T17:07:31.871+0000] {local_task_job_runner.py:120} INFO - ::group::Pre task execution logs
[2025-11-03T17:07:31.891+0000] {taskinstance.py:2076} INFO - Dependencies all met for dep_context=non-requeueable deps ti=<TaskInstance: dbt_duckdb_run.run_application_agg scheduled__2025-11-02T06:00:00+00:00 [queued]>
[2025-11-03T17:07:31.896+0000] {taskinstance.py:2076} INFO - Dependencies all met for dep_context=requeueable deps ti=<TaskInstance: dbt_duckdb_run.run_application_agg scheduled__2025-11-02T06:00:00+00:00 [queued]>
[2025-11-03T17:07:31.896+0000] {taskinstance.py:2306} INFO - Starting attempt 4 of 4
[2025-11-03T17:07:31.903+0000] {taskinstance.py:2330} INFO - Executing <Task(BashOperator): run_application_agg> on 2025-11-02 06:00:00+00:00
[2025-11-03T17:07:31.907+0000] {logging_mixin.py:188} WARNING - /home/***/.local/lib/python3.12/site-packages/***/task/task_runner/standard_task_runner.py:62 DeprecationWarning: This process (pid=1062) is multi-threaded, use of fork() may lead to deadlocks in the child.
[2025-11-03T17:07:31.907+0000] {standard_task_runner.py:64} INFO - Started process 1063 to run task
[2025-11-03T17:07:31.907+0000] {standard_task_runner.py:90} INFO - Running: ['***', 'tasks', 'run', 'dbt_duckdb_run', 'run_application_agg', 'scheduled__2025-11-02T06:00:00+00:00', '--job-id', '140', '--raw', '--subdir', 'DAGS_FOLDER/dbt_dag.py', '--cfg-path', '/tmp/tmp4qa29uin']
[2025-11-03T17:07:31.908+0000] {standard_task_runner.py:91} INFO - Job 140: Subtask run_application_agg
[2025-11-03T17:07:31.935+0000] {task_command.py:426} INFO - Running <TaskInstance: dbt_duckdb_run.run_application_agg scheduled__2025-11-02T06:00:00+00:00 [running]> on host 8b2e3086e3f4
[2025-11-03T17:07:31.981+0000] {taskinstance.py:2648} INFO - Exporting env vars: AIRFLOW_CTX_DAG_OWNER='***' AIRFLOW_CTX_DAG_ID='dbt_duckdb_run' AIRFLOW_CTX_TASK_ID='run_application_agg' AIRFLOW_CTX_EXECUTION_DATE='2025-11-02T06:00:00+00:00' AIRFLOW_CTX_TRY_NUMBER='4' AIRFLOW_CTX_DAG_RUN_ID='scheduled__2025-11-02T06:00:00+00:00'
[2025-11-03T17:07:31.982+0000] {taskinstance.py:430} INFO - ::endgroup::
[2025-11-03T17:07:31.991+0000] {subprocess.py:63} INFO - Tmp dir root location: /tmp
[2025-11-03T17:07:31.992+0000] {subprocess.py:75} INFO - Running command: ['/usr/bin/bash', '-c', 'cd /opt/***/dbt && source venv/bin/activate && dbt run --select application_agg ']
[2025-11-03T17:07:31.996+0000] {subprocess.py:86} INFO - Output:
[2025-11-03T17:07:34.112+0000] {subprocess.py:93} INFO - [0m17:07:34  Running with dbt=1.10.13
[2025-11-03T17:07:34.383+0000] {subprocess.py:93} INFO - [0m17:07:34  Registered adapter: duckdb=1.9.6
[2025-11-03T17:07:34.549+0000] {subprocess.py:93} INFO - [0m17:07:34  [[33mWARNING[0m][DuplicateYAMLKeysDeprecation]: Deprecated functionality
[2025-11-03T17:07:34.550+0000] {subprocess.py:93} INFO - Duplicate key 'column_name' in "<unicode string>", line 11, column 11 in file
[2025-11-03T17:07:34.550+0000] {subprocess.py:93} INFO - `models/presentation/schema.yml`
[2025-11-03T17:07:34.757+0000] {subprocess.py:93} INFO - [0m17:07:34  Found 6 models, 12 data tests, 1 source, 444 macros
[2025-11-03T17:07:34.759+0000] {subprocess.py:93} INFO - [0m17:07:34
[2025-11-03T17:07:34.760+0000] {subprocess.py:93} INFO - [0m17:07:34  Concurrency: 4 threads (target='dev')
[2025-11-03T17:07:34.760+0000] {subprocess.py:93} INFO - [0m17:07:34
[2025-11-03T17:07:34.952+0000] {subprocess.py:93} INFO - [0m17:07:34  1 of 1 START sql table model main_presentation.application_agg ................. [RUN]
[2025-11-03T17:07:35.043+0000] {subprocess.py:93} INFO - [0m17:07:35  1 of 1 OK created sql table model main_presentation.application_agg ............ [[32mOK[0m in 0.09s]
[2025-11-03T17:07:35.050+0000] {subprocess.py:93} INFO - [0m17:07:35
[2025-11-03T17:07:35.050+0000] {subprocess.py:93} INFO - [0m17:07:35  Finished running 1 table model in 0 hours 0 minutes and 0.29 seconds (0.29s).
[2025-11-03T17:07:35.082+0000] {subprocess.py:93} INFO - [0m17:07:35
[2025-11-03T17:07:35.083+0000] {subprocess.py:93} INFO - [0m17:07:35  [32mCompleted successfully[0m
[2025-11-03T17:07:35.084+0000] {subprocess.py:93} INFO - [0m17:07:35
[2025-11-03T17:07:35.084+0000] {subprocess.py:93} INFO - [0m17:07:35  Done. PASS=1 WARN=0 ERROR=0 SKIP=0 NO-OP=0 TOTAL=1
[2025-11-03T17:07:35.085+0000] {subprocess.py:93} INFO - [0m17:07:35  [[33mWARNING[0m][DeprecationsSummary]: Deprecated functionality
[2025-11-03T17:07:35.085+0000] {subprocess.py:93} INFO - Summary of encountered deprecations:
[2025-11-03T17:07:35.085+0000] {subprocess.py:93} INFO - - DuplicateYAMLKeysDeprecation: 1 occurrence
[2025-11-03T17:07:35.086+0000] {subprocess.py:93} INFO - To see all deprecation instances instead of just the first occurrence of each,
[2025-11-03T17:07:35.086+0000] {subprocess.py:93} INFO - run command again with the `--show-all-deprecations` flag. You may also need to
[2025-11-03T17:07:35.086+0000] {subprocess.py:93} INFO - run with `--no-partial-parse` as some deprecations are only encountered during
[2025-11-03T17:07:35.087+0000] {subprocess.py:93} INFO - parsing.
[2025-11-03T17:07:35.711+0000] {subprocess.py:97} INFO - Command exited with return code 0
[2025-11-03T17:07:35.712+0000] {taskinstance.py:441} INFO - ::group::Post task execution logs
[2025-11-03T17:07:35.730+0000] {taskinstance.py:1206} INFO - Marking task as SUCCESS. dag_id=dbt_duckdb_run, task_id=run_application_agg, run_id=scheduled__2025-11-02T06:00:00+00:00, execution_date=20251102T060000, start_date=20251103T170731, end_date=20251103T170735
[2025-11-03T17:07:35.773+0000] {local_task_job_runner.py:243} INFO - Task exited with return code 0
[2025-11-03T17:07:35.791+0000] {taskinstance.py:3503} INFO - 1 downstream tasks scheduled from follow-on schedule check
[2025-11-03T17:07:35.792+0000] {local_task_job_runner.py:222} INFO - ::endgroup::
