[2025-11-03T16:56:32.531+0000] {local_task_job_runner.py:120} INFO - ::group::Pre task execution logs
[2025-11-03T16:56:32.552+0000] {taskinstance.py:2076} INFO - Dependencies all met for dep_context=non-requeueable deps ti=<TaskInstance: dbt_duckdb_run.run_application_agg scheduled__2025-11-02T06:00:00+00:00 [queued]>
[2025-11-03T16:56:32.558+0000] {taskinstance.py:2076} INFO - Dependencies all met for dep_context=requeueable deps ti=<TaskInstance: dbt_duckdb_run.run_application_agg scheduled__2025-11-02T06:00:00+00:00 [queued]>
[2025-11-03T16:56:32.558+0000] {taskinstance.py:2306} INFO - Starting attempt 2 of 2
[2025-11-03T16:56:32.565+0000] {taskinstance.py:2330} INFO - Executing <Task(BashOperator): run_application_agg> on 2025-11-02 06:00:00+00:00
[2025-11-03T16:56:32.569+0000] {logging_mixin.py:188} WARNING - /home/***/.local/lib/python3.12/site-packages/***/task/task_runner/standard_task_runner.py:62 DeprecationWarning: This process (pid=377) is multi-threaded, use of fork() may lead to deadlocks in the child.
[2025-11-03T16:56:32.570+0000] {standard_task_runner.py:64} INFO - Started process 378 to run task
[2025-11-03T16:56:32.570+0000] {standard_task_runner.py:90} INFO - Running: ['***', 'tasks', 'run', 'dbt_duckdb_run', 'run_application_agg', 'scheduled__2025-11-02T06:00:00+00:00', '--job-id', '122', '--raw', '--subdir', 'DAGS_FOLDER/dbt_dag.py', '--cfg-path', '/tmp/tmpnhnz811g']
[2025-11-03T16:56:32.571+0000] {standard_task_runner.py:91} INFO - Job 122: Subtask run_application_agg
[2025-11-03T16:56:32.598+0000] {task_command.py:426} INFO - Running <TaskInstance: dbt_duckdb_run.run_application_agg scheduled__2025-11-02T06:00:00+00:00 [running]> on host 8b2e3086e3f4
[2025-11-03T16:56:32.643+0000] {taskinstance.py:2648} INFO - Exporting env vars: AIRFLOW_CTX_DAG_OWNER='***' AIRFLOW_CTX_DAG_ID='dbt_duckdb_run' AIRFLOW_CTX_TASK_ID='run_application_agg' AIRFLOW_CTX_EXECUTION_DATE='2025-11-02T06:00:00+00:00' AIRFLOW_CTX_TRY_NUMBER='2' AIRFLOW_CTX_DAG_RUN_ID='scheduled__2025-11-02T06:00:00+00:00'
[2025-11-03T16:56:32.643+0000] {taskinstance.py:430} INFO - ::endgroup::
[2025-11-03T16:56:32.653+0000] {subprocess.py:63} INFO - Tmp dir root location: /tmp
[2025-11-03T16:56:32.653+0000] {subprocess.py:75} INFO - Running command: ['/usr/bin/bash', '-c', 'cd /opt/***/dbt && source venv/bin/activate && dbt run --select application_agg ']
[2025-11-03T16:56:32.658+0000] {subprocess.py:86} INFO - Output:
[2025-11-03T16:56:34.760+0000] {subprocess.py:93} INFO - [0m16:56:34  Running with dbt=1.10.13
[2025-11-03T16:56:35.029+0000] {subprocess.py:93} INFO - [0m16:56:35  Registered adapter: duckdb=1.9.6
[2025-11-03T16:56:35.387+0000] {subprocess.py:93} INFO - [0m16:56:35  Found 6 models, 12 data tests, 1 source, 444 macros
[2025-11-03T16:56:35.389+0000] {subprocess.py:93} INFO - [0m16:56:35
[2025-11-03T16:56:35.389+0000] {subprocess.py:93} INFO - [0m16:56:35  Concurrency: 4 threads (target='dev')
[2025-11-03T16:56:35.390+0000] {subprocess.py:93} INFO - [0m16:56:35
[2025-11-03T16:56:35.582+0000] {subprocess.py:93} INFO - [0m16:56:35  1 of 1 START sql table model main_presentation.application_agg ................. [RUN]
[2025-11-03T16:56:35.685+0000] {subprocess.py:93} INFO - [0m16:56:35  1 of 1 OK created sql table model main_presentation.application_agg ............ [[32mOK[0m in 0.10s]
[2025-11-03T16:56:35.691+0000] {subprocess.py:93} INFO - [0m16:56:35
[2025-11-03T16:56:35.691+0000] {subprocess.py:93} INFO - [0m16:56:35  Finished running 1 table model in 0 hours 0 minutes and 0.30 seconds (0.30s).
[2025-11-03T16:56:35.728+0000] {subprocess.py:93} INFO - [0m16:56:35
[2025-11-03T16:56:35.728+0000] {subprocess.py:93} INFO - [0m16:56:35  [32mCompleted successfully[0m
[2025-11-03T16:56:35.729+0000] {subprocess.py:93} INFO - [0m16:56:35
[2025-11-03T16:56:35.729+0000] {subprocess.py:93} INFO - [0m16:56:35  Done. PASS=1 WARN=0 ERROR=0 SKIP=0 NO-OP=0 TOTAL=1
[2025-11-03T16:56:36.362+0000] {subprocess.py:97} INFO - Command exited with return code 0
[2025-11-03T16:56:36.363+0000] {taskinstance.py:441} INFO - ::group::Post task execution logs
[2025-11-03T16:56:36.381+0000] {taskinstance.py:1206} INFO - Marking task as SUCCESS. dag_id=dbt_duckdb_run, task_id=run_application_agg, run_id=scheduled__2025-11-02T06:00:00+00:00, execution_date=20251102T060000, start_date=20251103T165632, end_date=20251103T165636
[2025-11-03T16:56:36.399+0000] {local_task_job_runner.py:243} INFO - Task exited with return code 0
[2025-11-03T16:56:36.406+0000] {local_task_job_runner.py:222} INFO - ::endgroup::
