[2025-11-03T06:01:29.615+0000] {local_task_job_runner.py:120} INFO - ::group::Pre task execution logs
[2025-11-03T06:01:29.635+0000] {taskinstance.py:2076} INFO - Dependencies all met for dep_context=non-requeueable deps ti=<TaskInstance: dbt_duckdb_run.run_application_agg scheduled__2025-11-02T06:00:00+00:00 [queued]>
[2025-11-03T06:01:29.640+0000] {taskinstance.py:2076} INFO - Dependencies all met for dep_context=requeueable deps ti=<TaskInstance: dbt_duckdb_run.run_application_agg scheduled__2025-11-02T06:00:00+00:00 [queued]>
[2025-11-03T06:01:29.641+0000] {taskinstance.py:2306} INFO - Starting attempt 1 of 1
[2025-11-03T06:01:29.648+0000] {taskinstance.py:2330} INFO - Executing <Task(BashOperator): run_application_agg> on 2025-11-02 06:00:00+00:00
[2025-11-03T06:01:29.652+0000] {logging_mixin.py:188} WARNING - /home/***/.local/lib/python3.12/site-packages/***/task/task_runner/standard_task_runner.py:62 DeprecationWarning: This process (pid=1349) is multi-threaded, use of fork() may lead to deadlocks in the child.
[2025-11-03T06:01:29.653+0000] {standard_task_runner.py:64} INFO - Started process 1350 to run task
[2025-11-03T06:01:29.653+0000] {standard_task_runner.py:90} INFO - Running: ['***', 'tasks', 'run', 'dbt_duckdb_run', 'run_application_agg', 'scheduled__2025-11-02T06:00:00+00:00', '--job-id', '113', '--raw', '--subdir', 'DAGS_FOLDER/dbt_dag.py', '--cfg-path', '/tmp/tmpgc4w9ss9']
[2025-11-03T06:01:29.654+0000] {standard_task_runner.py:91} INFO - Job 113: Subtask run_application_agg
[2025-11-03T06:01:29.679+0000] {task_command.py:426} INFO - Running <TaskInstance: dbt_duckdb_run.run_application_agg scheduled__2025-11-02T06:00:00+00:00 [running]> on host 757809b56052
[2025-11-03T06:01:29.728+0000] {taskinstance.py:2648} INFO - Exporting env vars: AIRFLOW_CTX_DAG_OWNER='***' AIRFLOW_CTX_DAG_ID='dbt_duckdb_run' AIRFLOW_CTX_TASK_ID='run_application_agg' AIRFLOW_CTX_EXECUTION_DATE='2025-11-02T06:00:00+00:00' AIRFLOW_CTX_TRY_NUMBER='1' AIRFLOW_CTX_DAG_RUN_ID='scheduled__2025-11-02T06:00:00+00:00'
[2025-11-03T06:01:29.728+0000] {taskinstance.py:430} INFO - ::endgroup::
[2025-11-03T06:01:29.737+0000] {subprocess.py:63} INFO - Tmp dir root location: /tmp
[2025-11-03T06:01:29.738+0000] {subprocess.py:75} INFO - Running command: ['/usr/bin/bash', '-c', 'cd /opt/***/dbt && source venv/bin/activate && dbt run --select application_agg ']
[2025-11-03T06:01:29.743+0000] {subprocess.py:86} INFO - Output:
[2025-11-03T06:16:31.839+0000] {subprocess.py:93} INFO - [0m06:16:31  Running with dbt=1.10.13
[2025-11-03T06:16:32.327+0000] {subprocess.py:93} INFO - [0m06:16:32  Registered adapter: duckdb=1.9.6
[2025-11-03T06:16:32.778+0000] {subprocess.py:93} INFO - [0m06:16:32  Found 6 models, 12 data tests, 1 source, 444 macros
[2025-11-03T06:16:32.780+0000] {subprocess.py:93} INFO - [0m06:16:32
[2025-11-03T06:16:32.781+0000] {subprocess.py:93} INFO - [0m06:16:32  Concurrency: 4 threads (target='dev')
[2025-11-03T06:16:32.782+0000] {subprocess.py:93} INFO - [0m06:16:32
[2025-11-03T06:16:33.015+0000] {subprocess.py:93} INFO - [0m06:16:33  1 of 1 START sql table model main_presentation.application_agg ................. [RUN]
[2025-11-03T06:16:33.129+0000] {subprocess.py:93} INFO - [0m06:16:33  1 of 1 OK created sql table model main_presentation.application_agg ............ [[32mOK[0m in 0.11s]
[2025-11-03T06:16:33.135+0000] {subprocess.py:93} INFO - [0m06:16:33
[2025-11-03T06:16:33.136+0000] {subprocess.py:93} INFO - [0m06:16:33  Finished running 1 table model in 0 hours 0 minutes and 0.35 seconds (0.35s).
[2025-11-03T06:16:33.168+0000] {subprocess.py:93} INFO - [0m06:16:33
[2025-11-03T06:16:33.169+0000] {subprocess.py:93} INFO - [0m06:16:33  [32mCompleted successfully[0m
[2025-11-03T06:16:33.169+0000] {subprocess.py:93} INFO - [0m06:16:33
[2025-11-03T06:16:33.170+0000] {subprocess.py:93} INFO - [0m06:16:33  Done. PASS=1 WARN=0 ERROR=0 SKIP=0 NO-OP=0 TOTAL=1
[2025-11-03T06:16:34.008+0000] {subprocess.py:97} INFO - Command exited with return code 0
[2025-11-03T06:16:34.009+0000] {taskinstance.py:441} INFO - ::group::Post task execution logs
[2025-11-03T06:16:34.030+0000] {taskinstance.py:1206} INFO - Marking task as SUCCESS. dag_id=dbt_duckdb_run, task_id=run_application_agg, run_id=scheduled__2025-11-02T06:00:00+00:00, execution_date=20251102T060000, start_date=20251103T060129, end_date=20251103T061634
[2025-11-03T06:16:34.065+0000] {local_task_job_runner.py:243} INFO - Task exited with return code 0
[2025-11-03T06:16:34.084+0000] {taskinstance.py:3503} INFO - 1 downstream tasks scheduled from follow-on schedule check
[2025-11-03T06:16:34.085+0000] {local_task_job_runner.py:222} INFO - ::endgroup::
