[2025-11-02T22:04:00.592+0000] {local_task_job_runner.py:120} INFO - ::group::Pre task execution logs
[2025-11-02T22:04:00.617+0000] {taskinstance.py:2076} INFO - Dependencies all met for dep_context=non-requeueable deps ti=<TaskInstance: dbt_duckdb_run.run_dim_applications scheduled__2025-11-01T06:00:00+00:00 [queued]>
[2025-11-02T22:04:00.622+0000] {taskinstance.py:2076} INFO - Dependencies all met for dep_context=requeueable deps ti=<TaskInstance: dbt_duckdb_run.run_dim_applications scheduled__2025-11-01T06:00:00+00:00 [queued]>
[2025-11-02T22:04:00.623+0000] {taskinstance.py:2306} INFO - Starting attempt 1 of 1
[2025-11-02T22:04:00.630+0000] {taskinstance.py:2330} INFO - Executing <Task(BashOperator): run_dim_applications> on 2025-11-01 06:00:00+00:00
[2025-11-02T22:04:00.635+0000] {logging_mixin.py:188} WARNING - /home/***/.local/lib/python3.12/site-packages/***/task/task_runner/standard_task_runner.py:62 DeprecationWarning: This process (pid=676) is multi-threaded, use of fork() may lead to deadlocks in the child.
[2025-11-02T22:04:00.636+0000] {standard_task_runner.py:64} INFO - Started process 677 to run task
[2025-11-02T22:04:00.636+0000] {standard_task_runner.py:90} INFO - Running: ['***', 'tasks', 'run', 'dbt_duckdb_run', 'run_dim_applications', 'scheduled__2025-11-01T06:00:00+00:00', '--job-id', '104', '--raw', '--subdir', 'DAGS_FOLDER/dbt_dag.py', '--cfg-path', '/tmp/tmp2tyoug39']
[2025-11-02T22:04:00.637+0000] {standard_task_runner.py:91} INFO - Job 104: Subtask run_dim_applications
[2025-11-02T22:04:00.665+0000] {task_command.py:426} INFO - Running <TaskInstance: dbt_duckdb_run.run_dim_applications scheduled__2025-11-01T06:00:00+00:00 [running]> on host 757809b56052
[2025-11-02T22:04:00.713+0000] {taskinstance.py:2648} INFO - Exporting env vars: AIRFLOW_CTX_DAG_OWNER='***' AIRFLOW_CTX_DAG_ID='dbt_duckdb_run' AIRFLOW_CTX_TASK_ID='run_dim_applications' AIRFLOW_CTX_EXECUTION_DATE='2025-11-01T06:00:00+00:00' AIRFLOW_CTX_TRY_NUMBER='1' AIRFLOW_CTX_DAG_RUN_ID='scheduled__2025-11-01T06:00:00+00:00'
[2025-11-02T22:04:00.713+0000] {taskinstance.py:430} INFO - ::endgroup::
[2025-11-02T22:04:00.724+0000] {subprocess.py:63} INFO - Tmp dir root location: /tmp
[2025-11-02T22:04:00.725+0000] {subprocess.py:75} INFO - Running command: ['/usr/bin/bash', '-c', 'cd /opt/***/dbt && source venv/bin/activate && dbt run --select dim_applications ']
[2025-11-02T22:04:00.730+0000] {subprocess.py:86} INFO - Output:
[2025-11-02T22:04:02.898+0000] {subprocess.py:93} INFO - [0m22:04:02  Running with dbt=1.10.13
[2025-11-02T22:04:03.182+0000] {subprocess.py:93} INFO - [0m22:04:03  Registered adapter: duckdb=1.9.6
[2025-11-02T22:04:03.532+0000] {subprocess.py:93} INFO - [0m22:04:03  Found 6 models, 12 data tests, 1 source, 444 macros
[2025-11-02T22:04:03.534+0000] {subprocess.py:93} INFO - [0m22:04:03
[2025-11-02T22:04:03.535+0000] {subprocess.py:93} INFO - [0m22:04:03  Concurrency: 4 threads (target='dev')
[2025-11-02T22:04:03.536+0000] {subprocess.py:93} INFO - [0m22:04:03
[2025-11-02T22:04:03.739+0000] {subprocess.py:93} INFO - [0m22:04:03  1 of 1 START sql incremental model main_structured.dim_applications ............ [RUN]
[2025-11-02T22:04:03.816+0000] {subprocess.py:93} INFO - [0m22:04:03  1 of 1 OK created sql incremental model main_structured.dim_applications ....... [[32mOK[0m in 0.08s]
[2025-11-02T22:04:03.822+0000] {subprocess.py:93} INFO - [0m22:04:03
[2025-11-02T22:04:03.823+0000] {subprocess.py:93} INFO - [0m22:04:03  Finished running 1 incremental model in 0 hours 0 minutes and 0.29 seconds (0.29s).
[2025-11-02T22:04:03.857+0000] {subprocess.py:93} INFO - [0m22:04:03
[2025-11-02T22:04:03.858+0000] {subprocess.py:93} INFO - [0m22:04:03  [32mCompleted successfully[0m
[2025-11-02T22:04:03.858+0000] {subprocess.py:93} INFO - [0m22:04:03
[2025-11-02T22:04:03.859+0000] {subprocess.py:93} INFO - [0m22:04:03  Done. PASS=1 WARN=0 ERROR=0 SKIP=0 NO-OP=0 TOTAL=1
[2025-11-02T22:04:04.515+0000] {subprocess.py:97} INFO - Command exited with return code 0
[2025-11-02T22:04:04.517+0000] {taskinstance.py:441} INFO - ::group::Post task execution logs
[2025-11-02T22:04:04.583+0000] {taskinstance.py:1206} INFO - Marking task as SUCCESS. dag_id=dbt_duckdb_run, task_id=run_dim_applications, run_id=scheduled__2025-11-01T06:00:00+00:00, execution_date=20251101T060000, start_date=20251102T220400, end_date=20251102T220404
[2025-11-02T22:04:04.636+0000] {local_task_job_runner.py:243} INFO - Task exited with return code 0
[2025-11-02T22:04:04.668+0000] {taskinstance.py:3503} INFO - 1 downstream tasks scheduled from follow-on schedule check
[2025-11-02T22:04:04.669+0000] {local_task_job_runner.py:222} INFO - ::endgroup::
