[2025-11-03T06:01:25.675+0000] {local_task_job_runner.py:120} INFO - ::group::Pre task execution logs
[2025-11-03T06:01:25.698+0000] {taskinstance.py:2076} INFO - Dependencies all met for dep_context=non-requeueable deps ti=<TaskInstance: dbt_duckdb_run.run_dim_applications scheduled__2025-11-02T06:00:00+00:00 [queued]>
[2025-11-03T06:01:25.703+0000] {taskinstance.py:2076} INFO - Dependencies all met for dep_context=requeueable deps ti=<TaskInstance: dbt_duckdb_run.run_dim_applications scheduled__2025-11-02T06:00:00+00:00 [queued]>
[2025-11-03T06:01:25.704+0000] {taskinstance.py:2306} INFO - Starting attempt 1 of 1
[2025-11-03T06:01:25.710+0000] {taskinstance.py:2330} INFO - Executing <Task(BashOperator): run_dim_applications> on 2025-11-02 06:00:00+00:00
[2025-11-03T06:01:25.715+0000] {logging_mixin.py:188} WARNING - /home/***/.local/lib/python3.12/site-packages/***/task/task_runner/standard_task_runner.py:62 DeprecationWarning: This process (pid=1319) is multi-threaded, use of fork() may lead to deadlocks in the child.
[2025-11-03T06:01:25.715+0000] {standard_task_runner.py:64} INFO - Started process 1320 to run task
[2025-11-03T06:01:25.715+0000] {standard_task_runner.py:90} INFO - Running: ['***', 'tasks', 'run', 'dbt_duckdb_run', 'run_dim_applications', 'scheduled__2025-11-02T06:00:00+00:00', '--job-id', '112', '--raw', '--subdir', 'DAGS_FOLDER/dbt_dag.py', '--cfg-path', '/tmp/tmpfz_50u_1']
[2025-11-03T06:01:25.716+0000] {standard_task_runner.py:91} INFO - Job 112: Subtask run_dim_applications
[2025-11-03T06:01:25.741+0000] {task_command.py:426} INFO - Running <TaskInstance: dbt_duckdb_run.run_dim_applications scheduled__2025-11-02T06:00:00+00:00 [running]> on host 757809b56052
[2025-11-03T06:01:25.790+0000] {taskinstance.py:2648} INFO - Exporting env vars: AIRFLOW_CTX_DAG_OWNER='***' AIRFLOW_CTX_DAG_ID='dbt_duckdb_run' AIRFLOW_CTX_TASK_ID='run_dim_applications' AIRFLOW_CTX_EXECUTION_DATE='2025-11-02T06:00:00+00:00' AIRFLOW_CTX_TRY_NUMBER='1' AIRFLOW_CTX_DAG_RUN_ID='scheduled__2025-11-02T06:00:00+00:00'
[2025-11-03T06:01:25.791+0000] {taskinstance.py:430} INFO - ::endgroup::
[2025-11-03T06:01:25.801+0000] {subprocess.py:63} INFO - Tmp dir root location: /tmp
[2025-11-03T06:01:25.802+0000] {subprocess.py:75} INFO - Running command: ['/usr/bin/bash', '-c', 'cd /opt/***/dbt && source venv/bin/activate && dbt run --select dim_applications ']
[2025-11-03T06:01:25.807+0000] {subprocess.py:86} INFO - Output:
[2025-11-03T06:01:27.875+0000] {subprocess.py:93} INFO - [0m06:01:27  Running with dbt=1.10.13
[2025-11-03T06:01:28.143+0000] {subprocess.py:93} INFO - [0m06:01:28  Registered adapter: duckdb=1.9.6
[2025-11-03T06:01:28.470+0000] {subprocess.py:93} INFO - [0m06:01:28  Found 6 models, 12 data tests, 1 source, 444 macros
[2025-11-03T06:01:28.472+0000] {subprocess.py:93} INFO - [0m06:01:28
[2025-11-03T06:01:28.472+0000] {subprocess.py:93} INFO - [0m06:01:28  Concurrency: 4 threads (target='dev')
[2025-11-03T06:01:28.473+0000] {subprocess.py:93} INFO - [0m06:01:28
[2025-11-03T06:01:28.666+0000] {subprocess.py:93} INFO - [0m06:01:28  1 of 1 START sql incremental model main_structured.dim_applications ............ [RUN]
[2025-11-03T06:01:28.810+0000] {subprocess.py:93} INFO - [0m06:01:28  1 of 1 OK created sql incremental model main_structured.dim_applications ....... [[32mOK[0m in 0.14s]
[2025-11-03T06:01:28.817+0000] {subprocess.py:93} INFO - [0m06:01:28
[2025-11-03T06:01:28.818+0000] {subprocess.py:93} INFO - [0m06:01:28  Finished running 1 incremental model in 0 hours 0 minutes and 0.34 seconds (0.34s).
[2025-11-03T06:01:28.850+0000] {subprocess.py:93} INFO - [0m06:01:28
[2025-11-03T06:01:28.851+0000] {subprocess.py:93} INFO - [0m06:01:28  [32mCompleted successfully[0m
[2025-11-03T06:01:28.851+0000] {subprocess.py:93} INFO - [0m06:01:28
[2025-11-03T06:01:28.852+0000] {subprocess.py:93} INFO - [0m06:01:28  Done. PASS=1 WARN=0 ERROR=0 SKIP=0 NO-OP=0 TOTAL=1
[2025-11-03T06:01:29.469+0000] {subprocess.py:97} INFO - Command exited with return code 0
[2025-11-03T06:01:29.470+0000] {taskinstance.py:441} INFO - ::group::Post task execution logs
[2025-11-03T06:01:29.488+0000] {taskinstance.py:1206} INFO - Marking task as SUCCESS. dag_id=dbt_duckdb_run, task_id=run_dim_applications, run_id=scheduled__2025-11-02T06:00:00+00:00, execution_date=20251102T060000, start_date=20251103T060125, end_date=20251103T060129
[2025-11-03T06:01:29.531+0000] {local_task_job_runner.py:243} INFO - Task exited with return code 0
[2025-11-03T06:01:29.548+0000] {taskinstance.py:3503} INFO - 0 downstream tasks scheduled from follow-on schedule check
[2025-11-03T06:01:29.553+0000] {local_task_job_runner.py:222} INFO - ::endgroup::
