[2025-11-03T16:56:28.369+0000] {local_task_job_runner.py:120} INFO - ::group::Pre task execution logs
[2025-11-03T16:56:28.389+0000] {taskinstance.py:2076} INFO - Dependencies all met for dep_context=non-requeueable deps ti=<TaskInstance: dbt_duckdb_run.run_dim_applications scheduled__2025-11-02T06:00:00+00:00 [queued]>
[2025-11-03T16:56:28.394+0000] {taskinstance.py:2076} INFO - Dependencies all met for dep_context=requeueable deps ti=<TaskInstance: dbt_duckdb_run.run_dim_applications scheduled__2025-11-02T06:00:00+00:00 [queued]>
[2025-11-03T16:56:28.394+0000] {taskinstance.py:2306} INFO - Starting attempt 2 of 2
[2025-11-03T16:56:28.401+0000] {taskinstance.py:2330} INFO - Executing <Task(BashOperator): run_dim_applications> on 2025-11-02 06:00:00+00:00
[2025-11-03T16:56:28.404+0000] {logging_mixin.py:188} WARNING - /home/***/.local/lib/python3.12/site-packages/***/task/task_runner/standard_task_runner.py:62 DeprecationWarning: This process (pid=342) is multi-threaded, use of fork() may lead to deadlocks in the child.
[2025-11-03T16:56:28.405+0000] {standard_task_runner.py:64} INFO - Started process 343 to run task
[2025-11-03T16:56:28.404+0000] {standard_task_runner.py:90} INFO - Running: ['***', 'tasks', 'run', 'dbt_duckdb_run', 'run_dim_applications', 'scheduled__2025-11-02T06:00:00+00:00', '--job-id', '121', '--raw', '--subdir', 'DAGS_FOLDER/dbt_dag.py', '--cfg-path', '/tmp/tmpoeqmczou']
[2025-11-03T16:56:28.406+0000] {standard_task_runner.py:91} INFO - Job 121: Subtask run_dim_applications
[2025-11-03T16:56:28.431+0000] {task_command.py:426} INFO - Running <TaskInstance: dbt_duckdb_run.run_dim_applications scheduled__2025-11-02T06:00:00+00:00 [running]> on host 8b2e3086e3f4
[2025-11-03T16:56:28.476+0000] {taskinstance.py:2648} INFO - Exporting env vars: AIRFLOW_CTX_DAG_OWNER='***' AIRFLOW_CTX_DAG_ID='dbt_duckdb_run' AIRFLOW_CTX_TASK_ID='run_dim_applications' AIRFLOW_CTX_EXECUTION_DATE='2025-11-02T06:00:00+00:00' AIRFLOW_CTX_TRY_NUMBER='2' AIRFLOW_CTX_DAG_RUN_ID='scheduled__2025-11-02T06:00:00+00:00'
[2025-11-03T16:56:28.477+0000] {taskinstance.py:430} INFO - ::endgroup::
[2025-11-03T16:56:28.487+0000] {subprocess.py:63} INFO - Tmp dir root location: /tmp
[2025-11-03T16:56:28.487+0000] {subprocess.py:75} INFO - Running command: ['/usr/bin/bash', '-c', 'cd /opt/***/dbt && source venv/bin/activate && dbt run --select dim_applications ']
[2025-11-03T16:56:28.491+0000] {subprocess.py:86} INFO - Output:
[2025-11-03T16:56:30.668+0000] {subprocess.py:93} INFO - [0m16:56:30  Running with dbt=1.10.13
[2025-11-03T16:56:30.942+0000] {subprocess.py:93} INFO - [0m16:56:30  Registered adapter: duckdb=1.9.6
[2025-11-03T16:56:31.276+0000] {subprocess.py:93} INFO - [0m16:56:31  Found 6 models, 12 data tests, 1 source, 444 macros
[2025-11-03T16:56:31.278+0000] {subprocess.py:93} INFO - [0m16:56:31
[2025-11-03T16:56:31.279+0000] {subprocess.py:93} INFO - [0m16:56:31  Concurrency: 4 threads (target='dev')
[2025-11-03T16:56:31.279+0000] {subprocess.py:93} INFO - [0m16:56:31
[2025-11-03T16:56:31.470+0000] {subprocess.py:93} INFO - [0m16:56:31  1 of 1 START sql incremental model main_structured.dim_applications ............ [RUN]
[2025-11-03T16:56:31.589+0000] {subprocess.py:93} INFO - [0m16:56:31  1 of 1 OK created sql incremental model main_structured.dim_applications ....... [[32mOK[0m in 0.12s]
[2025-11-03T16:56:31.596+0000] {subprocess.py:93} INFO - [0m16:56:31
[2025-11-03T16:56:31.597+0000] {subprocess.py:93} INFO - [0m16:56:31  Finished running 1 incremental model in 0 hours 0 minutes and 0.32 seconds (0.32s).
[2025-11-03T16:56:31.629+0000] {subprocess.py:93} INFO - [0m16:56:31
[2025-11-03T16:56:31.629+0000] {subprocess.py:93} INFO - [0m16:56:31  [32mCompleted successfully[0m
[2025-11-03T16:56:31.630+0000] {subprocess.py:93} INFO - [0m16:56:31
[2025-11-03T16:56:31.630+0000] {subprocess.py:93} INFO - [0m16:56:31  Done. PASS=1 WARN=0 ERROR=0 SKIP=0 NO-OP=0 TOTAL=1
[2025-11-03T16:56:32.283+0000] {subprocess.py:97} INFO - Command exited with return code 0
[2025-11-03T16:56:32.284+0000] {taskinstance.py:441} INFO - ::group::Post task execution logs
[2025-11-03T16:56:32.305+0000] {taskinstance.py:1206} INFO - Marking task as SUCCESS. dag_id=dbt_duckdb_run, task_id=run_dim_applications, run_id=scheduled__2025-11-02T06:00:00+00:00, execution_date=20251102T060000, start_date=20251103T165628, end_date=20251103T165632
[2025-11-03T16:56:32.345+0000] {local_task_job_runner.py:243} INFO - Task exited with return code 0
[2025-11-03T16:56:32.364+0000] {taskinstance.py:3503} INFO - 1 downstream tasks scheduled from follow-on schedule check
[2025-11-03T16:56:32.365+0000] {local_task_job_runner.py:222} INFO - ::endgroup::
