[2025-11-03T17:07:27.730+0000] {local_task_job_runner.py:120} INFO - ::group::Pre task execution logs
[2025-11-03T17:07:27.750+0000] {taskinstance.py:2076} INFO - Dependencies all met for dep_context=non-requeueable deps ti=<TaskInstance: dbt_duckdb_run.run_dim_applications scheduled__2025-11-02T06:00:00+00:00 [queued]>
[2025-11-03T17:07:27.755+0000] {taskinstance.py:2076} INFO - Dependencies all met for dep_context=requeueable deps ti=<TaskInstance: dbt_duckdb_run.run_dim_applications scheduled__2025-11-02T06:00:00+00:00 [queued]>
[2025-11-03T17:07:27.755+0000] {taskinstance.py:2306} INFO - Starting attempt 4 of 4
[2025-11-03T17:07:27.762+0000] {taskinstance.py:2330} INFO - Executing <Task(BashOperator): run_dim_applications> on 2025-11-02 06:00:00+00:00
[2025-11-03T17:07:27.766+0000] {logging_mixin.py:188} WARNING - /home/***/.local/lib/python3.12/site-packages/***/task/task_runner/standard_task_runner.py:62 DeprecationWarning: This process (pid=1032) is multi-threaded, use of fork() may lead to deadlocks in the child.
[2025-11-03T17:07:27.766+0000] {standard_task_runner.py:64} INFO - Started process 1033 to run task
[2025-11-03T17:07:27.766+0000] {standard_task_runner.py:90} INFO - Running: ['***', 'tasks', 'run', 'dbt_duckdb_run', 'run_dim_applications', 'scheduled__2025-11-02T06:00:00+00:00', '--job-id', '139', '--raw', '--subdir', 'DAGS_FOLDER/dbt_dag.py', '--cfg-path', '/tmp/tmpt33k1s6a']
[2025-11-03T17:07:27.767+0000] {standard_task_runner.py:91} INFO - Job 139: Subtask run_dim_applications
[2025-11-03T17:07:27.793+0000] {task_command.py:426} INFO - Running <TaskInstance: dbt_duckdb_run.run_dim_applications scheduled__2025-11-02T06:00:00+00:00 [running]> on host 8b2e3086e3f4
[2025-11-03T17:07:27.838+0000] {taskinstance.py:2648} INFO - Exporting env vars: AIRFLOW_CTX_DAG_OWNER='***' AIRFLOW_CTX_DAG_ID='dbt_duckdb_run' AIRFLOW_CTX_TASK_ID='run_dim_applications' AIRFLOW_CTX_EXECUTION_DATE='2025-11-02T06:00:00+00:00' AIRFLOW_CTX_TRY_NUMBER='4' AIRFLOW_CTX_DAG_RUN_ID='scheduled__2025-11-02T06:00:00+00:00'
[2025-11-03T17:07:27.838+0000] {taskinstance.py:430} INFO - ::endgroup::
[2025-11-03T17:07:27.848+0000] {subprocess.py:63} INFO - Tmp dir root location: /tmp
[2025-11-03T17:07:27.848+0000] {subprocess.py:75} INFO - Running command: ['/usr/bin/bash', '-c', 'cd /opt/***/dbt && source venv/bin/activate && dbt run --select dim_applications ']
[2025-11-03T17:07:27.853+0000] {subprocess.py:86} INFO - Output:
[2025-11-03T17:07:29.923+0000] {subprocess.py:93} INFO - [0m17:07:29  Running with dbt=1.10.13
[2025-11-03T17:07:30.189+0000] {subprocess.py:93} INFO - [0m17:07:30  Registered adapter: duckdb=1.9.6
[2025-11-03T17:07:30.331+0000] {subprocess.py:93} INFO - [0m17:07:30  [[33mWARNING[0m][DuplicateYAMLKeysDeprecation]: Deprecated functionality
[2025-11-03T17:07:30.331+0000] {subprocess.py:93} INFO - Duplicate key 'column_name' in "<unicode string>", line 11, column 11 in file
[2025-11-03T17:07:30.331+0000] {subprocess.py:93} INFO - `models/presentation/schema.yml`
[2025-11-03T17:07:30.534+0000] {subprocess.py:93} INFO - [0m17:07:30  Found 6 models, 12 data tests, 1 source, 444 macros
[2025-11-03T17:07:30.536+0000] {subprocess.py:93} INFO - [0m17:07:30
[2025-11-03T17:07:30.537+0000] {subprocess.py:93} INFO - [0m17:07:30  Concurrency: 4 threads (target='dev')
[2025-11-03T17:07:30.537+0000] {subprocess.py:93} INFO - [0m17:07:30
[2025-11-03T17:07:30.708+0000] {subprocess.py:93} INFO - [0m17:07:30  1 of 1 START sql incremental model main_structured.dim_applications ............ [RUN]
[2025-11-03T17:07:30.834+0000] {subprocess.py:93} INFO - [0m17:07:30  1 of 1 OK created sql incremental model main_structured.dim_applications ....... [[32mOK[0m in 0.12s]
[2025-11-03T17:07:30.841+0000] {subprocess.py:93} INFO - [0m17:07:30
[2025-11-03T17:07:30.841+0000] {subprocess.py:93} INFO - [0m17:07:30  Finished running 1 incremental model in 0 hours 0 minutes and 0.30 seconds (0.30s).
[2025-11-03T17:07:30.873+0000] {subprocess.py:93} INFO - [0m17:07:30
[2025-11-03T17:07:30.873+0000] {subprocess.py:93} INFO - [0m17:07:30  [32mCompleted successfully[0m
[2025-11-03T17:07:30.874+0000] {subprocess.py:93} INFO - [0m17:07:30
[2025-11-03T17:07:30.874+0000] {subprocess.py:93} INFO - [0m17:07:30  Done. PASS=1 WARN=0 ERROR=0 SKIP=0 NO-OP=0 TOTAL=1
[2025-11-03T17:07:30.875+0000] {subprocess.py:93} INFO - [0m17:07:30  [[33mWARNING[0m][DeprecationsSummary]: Deprecated functionality
[2025-11-03T17:07:30.876+0000] {subprocess.py:93} INFO - Summary of encountered deprecations:
[2025-11-03T17:07:30.876+0000] {subprocess.py:93} INFO - - DuplicateYAMLKeysDeprecation: 1 occurrence
[2025-11-03T17:07:30.877+0000] {subprocess.py:93} INFO - To see all deprecation instances instead of just the first occurrence of each,
[2025-11-03T17:07:30.877+0000] {subprocess.py:93} INFO - run command again with the `--show-all-deprecations` flag. You may also need to
[2025-11-03T17:07:30.878+0000] {subprocess.py:93} INFO - run with `--no-partial-parse` as some deprecations are only encountered during
[2025-11-03T17:07:30.878+0000] {subprocess.py:93} INFO - parsing.
[2025-11-03T17:07:31.466+0000] {subprocess.py:97} INFO - Command exited with return code 0
[2025-11-03T17:07:31.467+0000] {taskinstance.py:441} INFO - ::group::Post task execution logs
[2025-11-03T17:07:31.485+0000] {taskinstance.py:1206} INFO - Marking task as SUCCESS. dag_id=dbt_duckdb_run, task_id=run_dim_applications, run_id=scheduled__2025-11-02T06:00:00+00:00, execution_date=20251102T060000, start_date=20251103T170727, end_date=20251103T170731
[2025-11-03T17:07:31.501+0000] {local_task_job_runner.py:243} INFO - Task exited with return code 0
[2025-11-03T17:07:31.519+0000] {taskinstance.py:3503} INFO - 1 downstream tasks scheduled from follow-on schedule check
[2025-11-03T17:07:31.520+0000] {local_task_job_runner.py:222} INFO - ::endgroup::
