[2025-11-02T22:04:09.562+0000] {local_task_job_runner.py:120} INFO - ::group::Pre task execution logs
[2025-11-02T22:04:09.582+0000] {taskinstance.py:2076} INFO - Dependencies all met for dep_context=non-requeueable deps ti=<TaskInstance: dbt_duckdb_run.run_customer_detail scheduled__2025-11-01T06:00:00+00:00 [queued]>
[2025-11-02T22:04:09.588+0000] {taskinstance.py:2076} INFO - Dependencies all met for dep_context=requeueable deps ti=<TaskInstance: dbt_duckdb_run.run_customer_detail scheduled__2025-11-01T06:00:00+00:00 [queued]>
[2025-11-02T22:04:09.588+0000] {taskinstance.py:2306} INFO - Starting attempt 1 of 1
[2025-11-02T22:04:09.595+0000] {taskinstance.py:2330} INFO - Executing <Task(BashOperator): run_customer_detail> on 2025-11-01 06:00:00+00:00
[2025-11-02T22:04:09.599+0000] {logging_mixin.py:188} WARNING - /home/***/.local/lib/python3.12/site-packages/***/task/task_runner/standard_task_runner.py:62 DeprecationWarning: This process (pid=736) is multi-threaded, use of fork() may lead to deadlocks in the child.
[2025-11-02T22:04:09.600+0000] {standard_task_runner.py:64} INFO - Started process 737 to run task
[2025-11-02T22:04:09.600+0000] {standard_task_runner.py:90} INFO - Running: ['***', 'tasks', 'run', 'dbt_duckdb_run', 'run_customer_detail', 'scheduled__2025-11-01T06:00:00+00:00', '--job-id', '106', '--raw', '--subdir', 'DAGS_FOLDER/dbt_dag.py', '--cfg-path', '/tmp/tmp17okgyfk']
[2025-11-02T22:04:09.601+0000] {standard_task_runner.py:91} INFO - Job 106: Subtask run_customer_detail
[2025-11-02T22:04:09.627+0000] {task_command.py:426} INFO - Running <TaskInstance: dbt_duckdb_run.run_customer_detail scheduled__2025-11-01T06:00:00+00:00 [running]> on host 757809b56052
[2025-11-02T22:04:09.671+0000] {taskinstance.py:2648} INFO - Exporting env vars: AIRFLOW_CTX_DAG_OWNER='***' AIRFLOW_CTX_DAG_ID='dbt_duckdb_run' AIRFLOW_CTX_TASK_ID='run_customer_detail' AIRFLOW_CTX_EXECUTION_DATE='2025-11-01T06:00:00+00:00' AIRFLOW_CTX_TRY_NUMBER='1' AIRFLOW_CTX_DAG_RUN_ID='scheduled__2025-11-01T06:00:00+00:00'
[2025-11-02T22:04:09.672+0000] {taskinstance.py:430} INFO - ::endgroup::
[2025-11-02T22:04:09.681+0000] {subprocess.py:63} INFO - Tmp dir root location: /tmp
[2025-11-02T22:04:09.682+0000] {subprocess.py:75} INFO - Running command: ['/usr/bin/bash', '-c', 'cd /opt/***/dbt && source venv/bin/activate && dbt run --select customer_detail ']
[2025-11-02T22:04:09.687+0000] {subprocess.py:86} INFO - Output:
[2025-11-02T22:04:11.783+0000] {subprocess.py:93} INFO - [0m22:04:11  Running with dbt=1.10.13
[2025-11-02T22:04:12.059+0000] {subprocess.py:93} INFO - [0m22:04:12  Registered adapter: duckdb=1.9.6
[2025-11-02T22:04:12.394+0000] {subprocess.py:93} INFO - [0m22:04:12  Found 6 models, 12 data tests, 1 source, 444 macros
[2025-11-02T22:04:12.396+0000] {subprocess.py:93} INFO - [0m22:04:12
[2025-11-02T22:04:12.396+0000] {subprocess.py:93} INFO - [0m22:04:12  Concurrency: 4 threads (target='dev')
[2025-11-02T22:04:12.397+0000] {subprocess.py:93} INFO - [0m22:04:12
[2025-11-02T22:04:12.583+0000] {subprocess.py:93} INFO - [0m22:04:12  1 of 1 START sql table model main_presentation.customer_detail ................. [RUN]
[2025-11-02T22:04:12.697+0000] {subprocess.py:93} INFO - [0m22:04:12  1 of 1 OK created sql table model main_presentation.customer_detail ............ [[32mOK[0m in 0.11s]
[2025-11-02T22:04:12.704+0000] {subprocess.py:93} INFO - [0m22:04:12
[2025-11-02T22:04:12.705+0000] {subprocess.py:93} INFO - [0m22:04:12  Finished running 1 table model in 0 hours 0 minutes and 0.31 seconds (0.31s).
[2025-11-02T22:04:12.737+0000] {subprocess.py:93} INFO - [0m22:04:12
[2025-11-02T22:04:12.738+0000] {subprocess.py:93} INFO - [0m22:04:12  [32mCompleted successfully[0m
[2025-11-02T22:04:12.738+0000] {subprocess.py:93} INFO - [0m22:04:12
[2025-11-02T22:04:12.739+0000] {subprocess.py:93} INFO - [0m22:04:12  Done. PASS=1 WARN=0 ERROR=0 SKIP=0 NO-OP=0 TOTAL=1
[2025-11-02T22:04:13.646+0000] {subprocess.py:97} INFO - Command exited with return code 0
[2025-11-02T22:04:13.646+0000] {taskinstance.py:441} INFO - ::group::Post task execution logs
[2025-11-02T22:04:13.664+0000] {taskinstance.py:1206} INFO - Marking task as SUCCESS. dag_id=dbt_duckdb_run, task_id=run_customer_detail, run_id=scheduled__2025-11-01T06:00:00+00:00, execution_date=20251101T060000, start_date=20251102T220409, end_date=20251102T220413
[2025-11-02T22:04:13.680+0000] {local_task_job_runner.py:243} INFO - Task exited with return code 0
[2025-11-02T22:04:13.692+0000] {taskinstance.py:3503} INFO - 0 downstream tasks scheduled from follow-on schedule check
[2025-11-02T22:04:13.692+0000] {local_task_job_runner.py:222} INFO - ::endgroup::
