[2025-11-04T06:25:52.733+0000] {local_task_job_runner.py:120} INFO - ::group::Pre task execution logs
[2025-11-04T06:25:52.752+0000] {taskinstance.py:2076} INFO - Dependencies all met for dep_context=non-requeueable deps ti=<TaskInstance: dbt_duckdb_run.run_fact_quote scheduled__2025-11-03T06:00:00+00:00 [queued]>
[2025-11-04T06:25:52.757+0000] {taskinstance.py:2076} INFO - Dependencies all met for dep_context=requeueable deps ti=<TaskInstance: dbt_duckdb_run.run_fact_quote scheduled__2025-11-03T06:00:00+00:00 [queued]>
[2025-11-04T06:25:52.758+0000] {taskinstance.py:2306} INFO - Starting attempt 1 of 3
[2025-11-04T06:25:52.764+0000] {taskinstance.py:2330} INFO - Executing <Task(BashOperator): run_fact_quote> on 2025-11-03 06:00:00+00:00
[2025-11-04T06:25:52.769+0000] {logging_mixin.py:188} WARNING - /home/***/.local/lib/python3.12/site-packages/***/task/task_runner/standard_task_runner.py:62 DeprecationWarning: This process (pid=1809) is multi-threaded, use of fork() may lead to deadlocks in the child.
[2025-11-04T06:25:52.769+0000] {standard_task_runner.py:64} INFO - Started process 1810 to run task
[2025-11-04T06:25:52.769+0000] {standard_task_runner.py:90} INFO - Running: ['***', 'tasks', 'run', 'dbt_duckdb_run', 'run_fact_quote', 'scheduled__2025-11-03T06:00:00+00:00', '--job-id', '167', '--raw', '--subdir', 'DAGS_FOLDER/dbt_dag.py', '--cfg-path', '/tmp/tmpbbg2ng2y']
[2025-11-04T06:25:52.770+0000] {standard_task_runner.py:91} INFO - Job 167: Subtask run_fact_quote
[2025-11-04T06:25:52.796+0000] {task_command.py:426} INFO - Running <TaskInstance: dbt_duckdb_run.run_fact_quote scheduled__2025-11-03T06:00:00+00:00 [running]> on host c1bcdd4772d6
[2025-11-04T06:25:52.841+0000] {taskinstance.py:2648} INFO - Exporting env vars: AIRFLOW_CTX_DAG_OWNER='***' AIRFLOW_CTX_DAG_ID='dbt_duckdb_run' AIRFLOW_CTX_TASK_ID='run_fact_quote' AIRFLOW_CTX_EXECUTION_DATE='2025-11-03T06:00:00+00:00' AIRFLOW_CTX_TRY_NUMBER='1' AIRFLOW_CTX_DAG_RUN_ID='scheduled__2025-11-03T06:00:00+00:00'
[2025-11-04T06:25:52.841+0000] {taskinstance.py:430} INFO - ::endgroup::
[2025-11-04T06:25:52.850+0000] {subprocess.py:63} INFO - Tmp dir root location: /tmp
[2025-11-04T06:25:52.851+0000] {subprocess.py:75} INFO - Running command: ['/usr/bin/bash', '-c', 'cd /opt/***/dbt && source venv/bin/activate && dbt run --select fact_quote ']
[2025-11-04T06:25:52.856+0000] {subprocess.py:86} INFO - Output:
[2025-11-04T06:25:54.966+0000] {subprocess.py:93} INFO - [0m06:25:54  Running with dbt=1.10.13
[2025-11-04T06:25:55.249+0000] {subprocess.py:93} INFO - [0m06:25:55  Registered adapter: duckdb=1.9.6
[2025-11-04T06:25:55.398+0000] {subprocess.py:93} INFO - [0m06:25:55  [[33mWARNING[0m][DuplicateYAMLKeysDeprecation]: Deprecated functionality
[2025-11-04T06:25:55.399+0000] {subprocess.py:93} INFO - Duplicate key 'column_name' in "<unicode string>", line 11, column 11 in file
[2025-11-04T06:25:55.399+0000] {subprocess.py:93} INFO - `models/presentation/schema.yml`
[2025-11-04T06:25:55.606+0000] {subprocess.py:93} INFO - [0m06:25:55  Found 6 models, 12 data tests, 1 source, 444 macros
[2025-11-04T06:25:55.608+0000] {subprocess.py:93} INFO - [0m06:25:55
[2025-11-04T06:25:55.609+0000] {subprocess.py:93} INFO - [0m06:25:55  Concurrency: 4 threads (target='dev')
[2025-11-04T06:25:55.609+0000] {subprocess.py:93} INFO - [0m06:25:55
[2025-11-04T06:25:55.809+0000] {subprocess.py:93} INFO - [0m06:25:55  1 of 1 START sql incremental model main_structured.fact_quote .................. [RUN]
[2025-11-04T06:25:55.953+0000] {subprocess.py:93} INFO - [0m06:25:55  1 of 1 OK created sql incremental model main_structured.fact_quote ............. [[32mOK[0m in 0.14s]
[2025-11-04T06:25:55.962+0000] {subprocess.py:93} INFO - [0m06:25:55
[2025-11-04T06:25:55.963+0000] {subprocess.py:93} INFO - [0m06:25:55  Finished running 1 incremental model in 0 hours 0 minutes and 0.35 seconds (0.35s).
[2025-11-04T06:25:56.006+0000] {subprocess.py:93} INFO - [0m06:25:56
[2025-11-04T06:25:56.007+0000] {subprocess.py:93} INFO - [0m06:25:56  [32mCompleted successfully[0m
[2025-11-04T06:25:56.008+0000] {subprocess.py:93} INFO - [0m06:25:56
[2025-11-04T06:25:56.008+0000] {subprocess.py:93} INFO - [0m06:25:56  Done. PASS=1 WARN=0 ERROR=0 SKIP=0 NO-OP=0 TOTAL=1
[2025-11-04T06:25:56.009+0000] {subprocess.py:93} INFO - [0m06:25:56  [[33mWARNING[0m][DeprecationsSummary]: Deprecated functionality
[2025-11-04T06:25:56.009+0000] {subprocess.py:93} INFO - Summary of encountered deprecations:
[2025-11-04T06:25:56.010+0000] {subprocess.py:93} INFO - - DuplicateYAMLKeysDeprecation: 1 occurrence
[2025-11-04T06:25:56.010+0000] {subprocess.py:93} INFO - To see all deprecation instances instead of just the first occurrence of each,
[2025-11-04T06:25:56.011+0000] {subprocess.py:93} INFO - run command again with the `--show-all-deprecations` flag. You may also need to
[2025-11-04T06:25:56.011+0000] {subprocess.py:93} INFO - run with `--no-partial-parse` as some deprecations are only encountered during
[2025-11-04T06:25:56.011+0000] {subprocess.py:93} INFO - parsing.
[2025-11-04T06:25:57.116+0000] {subprocess.py:97} INFO - Command exited with return code 0
[2025-11-04T06:25:57.117+0000] {taskinstance.py:441} INFO - ::group::Post task execution logs
[2025-11-04T06:25:57.140+0000] {taskinstance.py:1206} INFO - Marking task as SUCCESS. dag_id=dbt_duckdb_run, task_id=run_fact_quote, run_id=scheduled__2025-11-03T06:00:00+00:00, execution_date=20251103T060000, start_date=20251104T062552, end_date=20251104T062557
[2025-11-04T06:25:57.179+0000] {local_task_job_runner.py:243} INFO - Task exited with return code 0
[2025-11-04T06:25:57.203+0000] {taskinstance.py:3503} INFO - 1 downstream tasks scheduled from follow-on schedule check
[2025-11-04T06:25:57.204+0000] {local_task_job_runner.py:222} INFO - ::endgroup::
