[2025-11-02T22:03:45.106+0000] {local_task_job_runner.py:120} INFO - ::group::Pre task execution logs
[2025-11-02T22:03:45.128+0000] {taskinstance.py:2076} INFO - Dependencies all met for dep_context=non-requeueable deps ti=<TaskInstance: dbt_duckdb_run.run_stg_loans scheduled__2025-11-01T06:00:00+00:00 [queued]>
[2025-11-02T22:03:45.133+0000] {taskinstance.py:2076} INFO - Dependencies all met for dep_context=requeueable deps ti=<TaskInstance: dbt_duckdb_run.run_stg_loans scheduled__2025-11-01T06:00:00+00:00 [queued]>
[2025-11-02T22:03:45.134+0000] {taskinstance.py:2306} INFO - Starting attempt 7 of 7
[2025-11-02T22:03:45.141+0000] {taskinstance.py:2330} INFO - Executing <Task(BashOperator): run_stg_loans> on 2025-11-01 06:00:00+00:00
[2025-11-02T22:03:45.145+0000] {logging_mixin.py:188} WARNING - /home/***/.local/lib/python3.12/site-packages/***/task/task_runner/standard_task_runner.py:62 DeprecationWarning: This process (pid=581) is multi-threaded, use of fork() may lead to deadlocks in the child.
[2025-11-02T22:03:45.145+0000] {standard_task_runner.py:64} INFO - Started process 582 to run task
[2025-11-02T22:03:45.145+0000] {standard_task_runner.py:90} INFO - Running: ['***', 'tasks', 'run', 'dbt_duckdb_run', 'run_stg_loans', 'scheduled__2025-11-01T06:00:00+00:00', '--job-id', '101', '--raw', '--subdir', 'DAGS_FOLDER/dbt_dag.py', '--cfg-path', '/tmp/tmp5bqknwqm']
[2025-11-02T22:03:45.146+0000] {standard_task_runner.py:91} INFO - Job 101: Subtask run_stg_loans
[2025-11-02T22:03:45.172+0000] {task_command.py:426} INFO - Running <TaskInstance: dbt_duckdb_run.run_stg_loans scheduled__2025-11-01T06:00:00+00:00 [running]> on host 757809b56052
[2025-11-02T22:03:45.224+0000] {taskinstance.py:2648} INFO - Exporting env vars: AIRFLOW_CTX_DAG_OWNER='***' AIRFLOW_CTX_DAG_ID='dbt_duckdb_run' AIRFLOW_CTX_TASK_ID='run_stg_loans' AIRFLOW_CTX_EXECUTION_DATE='2025-11-01T06:00:00+00:00' AIRFLOW_CTX_TRY_NUMBER='7' AIRFLOW_CTX_DAG_RUN_ID='scheduled__2025-11-01T06:00:00+00:00'
[2025-11-02T22:03:45.225+0000] {taskinstance.py:430} INFO - ::endgroup::
[2025-11-02T22:03:45.234+0000] {subprocess.py:63} INFO - Tmp dir root location: /tmp
[2025-11-02T22:03:45.235+0000] {subprocess.py:75} INFO - Running command: ['/usr/bin/bash', '-c', 'cd /opt/***/dbt && source venv/bin/activate && dbt run --select stg_loans ']
[2025-11-02T22:03:45.240+0000] {subprocess.py:86} INFO - Output:
[2025-11-02T22:03:47.556+0000] {subprocess.py:93} INFO - [0m22:03:47  Running with dbt=1.10.13
[2025-11-02T22:03:47.841+0000] {subprocess.py:93} INFO - [0m22:03:47  Registered adapter: duckdb=1.9.6
[2025-11-02T22:03:48.199+0000] {subprocess.py:93} INFO - [0m22:03:48  Found 6 models, 12 data tests, 1 source, 444 macros
[2025-11-02T22:03:48.201+0000] {subprocess.py:93} INFO - [0m22:03:48
[2025-11-02T22:03:48.201+0000] {subprocess.py:93} INFO - [0m22:03:48  Concurrency: 4 threads (target='dev')
[2025-11-02T22:03:48.202+0000] {subprocess.py:93} INFO - [0m22:03:48
[2025-11-02T22:03:48.419+0000] {subprocess.py:93} INFO - [0m22:03:48  1 of 1 START sql incremental model main_staging.stg_loans ...................... [RUN]
[2025-11-02T22:03:48.505+0000] {subprocess.py:93} INFO - [0m22:03:48  1 of 1 OK created sql incremental model main_staging.stg_loans ................. [[32mOK[0m in 0.08s]
[2025-11-02T22:03:48.513+0000] {subprocess.py:93} INFO - [0m22:03:48
[2025-11-02T22:03:48.513+0000] {subprocess.py:93} INFO - [0m22:03:48  Finished running 1 incremental model in 0 hours 0 minutes and 0.31 seconds (0.31s).
[2025-11-02T22:03:48.547+0000] {subprocess.py:93} INFO - [0m22:03:48
[2025-11-02T22:03:48.548+0000] {subprocess.py:93} INFO - [0m22:03:48  [32mCompleted successfully[0m
[2025-11-02T22:03:48.548+0000] {subprocess.py:93} INFO - [0m22:03:48
[2025-11-02T22:03:48.549+0000] {subprocess.py:93} INFO - [0m22:03:48  Done. PASS=1 WARN=0 ERROR=0 SKIP=0 NO-OP=0 TOTAL=1
[2025-11-02T22:03:49.266+0000] {subprocess.py:97} INFO - Command exited with return code 0
[2025-11-02T22:03:49.267+0000] {taskinstance.py:441} INFO - ::group::Post task execution logs
[2025-11-02T22:03:49.285+0000] {taskinstance.py:1206} INFO - Marking task as SUCCESS. dag_id=dbt_duckdb_run, task_id=run_stg_loans, run_id=scheduled__2025-11-01T06:00:00+00:00, execution_date=20251101T060000, start_date=20251102T220345, end_date=20251102T220349
[2025-11-02T22:03:49.309+0000] {local_task_job_runner.py:243} INFO - Task exited with return code 0
[2025-11-02T22:03:49.328+0000] {taskinstance.py:3503} INFO - 1 downstream tasks scheduled from follow-on schedule check
[2025-11-02T22:03:49.328+0000] {local_task_job_runner.py:222} INFO - ::endgroup::
