[2025-11-03T16:56:15.393+0000] {local_task_job_runner.py:120} INFO - ::group::Pre task execution logs
[2025-11-03T16:56:15.412+0000] {taskinstance.py:2076} INFO - Dependencies all met for dep_context=non-requeueable deps ti=<TaskInstance: dbt_duckdb_run.run_stg_loans scheduled__2025-11-02T06:00:00+00:00 [queued]>
[2025-11-03T16:56:15.417+0000] {taskinstance.py:2076} INFO - Dependencies all met for dep_context=requeueable deps ti=<TaskInstance: dbt_duckdb_run.run_stg_loans scheduled__2025-11-02T06:00:00+00:00 [queued]>
[2025-11-03T16:56:15.417+0000] {taskinstance.py:2306} INFO - Starting attempt 2 of 2
[2025-11-03T16:56:15.424+0000] {taskinstance.py:2330} INFO - Executing <Task(BashOperator): run_stg_loans> on 2025-11-02 06:00:00+00:00
[2025-11-03T16:56:15.428+0000] {logging_mixin.py:188} WARNING - /home/***/.local/lib/python3.12/site-packages/***/task/task_runner/standard_task_runner.py:62 DeprecationWarning: This process (pid=252) is multi-threaded, use of fork() may lead to deadlocks in the child.
[2025-11-03T16:56:15.428+0000] {standard_task_runner.py:64} INFO - Started process 253 to run task
[2025-11-03T16:56:15.428+0000] {standard_task_runner.py:90} INFO - Running: ['***', 'tasks', 'run', 'dbt_duckdb_run', 'run_stg_loans', 'scheduled__2025-11-02T06:00:00+00:00', '--job-id', '118', '--raw', '--subdir', 'DAGS_FOLDER/dbt_dag.py', '--cfg-path', '/tmp/tmp8_ehse0u']
[2025-11-03T16:56:15.429+0000] {standard_task_runner.py:91} INFO - Job 118: Subtask run_stg_loans
[2025-11-03T16:56:15.454+0000] {task_command.py:426} INFO - Running <TaskInstance: dbt_duckdb_run.run_stg_loans scheduled__2025-11-02T06:00:00+00:00 [running]> on host 8b2e3086e3f4
[2025-11-03T16:56:15.499+0000] {taskinstance.py:2648} INFO - Exporting env vars: AIRFLOW_CTX_DAG_OWNER='***' AIRFLOW_CTX_DAG_ID='dbt_duckdb_run' AIRFLOW_CTX_TASK_ID='run_stg_loans' AIRFLOW_CTX_EXECUTION_DATE='2025-11-02T06:00:00+00:00' AIRFLOW_CTX_TRY_NUMBER='2' AIRFLOW_CTX_DAG_RUN_ID='scheduled__2025-11-02T06:00:00+00:00'
[2025-11-03T16:56:15.499+0000] {taskinstance.py:430} INFO - ::endgroup::
[2025-11-03T16:56:15.508+0000] {subprocess.py:63} INFO - Tmp dir root location: /tmp
[2025-11-03T16:56:15.509+0000] {subprocess.py:75} INFO - Running command: ['/usr/bin/bash', '-c', 'cd /opt/***/dbt && source venv/bin/activate && dbt run --select stg_loans ']
[2025-11-03T16:56:15.513+0000] {subprocess.py:86} INFO - Output:
[2025-11-03T16:56:18.206+0000] {subprocess.py:93} INFO - [0m16:56:18  Running with dbt=1.10.13
[2025-11-03T16:56:18.502+0000] {subprocess.py:93} INFO - [0m16:56:18  Registered adapter: duckdb=1.9.6
[2025-11-03T16:56:18.867+0000] {subprocess.py:93} INFO - [0m16:56:18  Found 6 models, 12 data tests, 1 source, 444 macros
[2025-11-03T16:56:18.869+0000] {subprocess.py:93} INFO - [0m16:56:18
[2025-11-03T16:56:18.869+0000] {subprocess.py:93} INFO - [0m16:56:18  Concurrency: 4 threads (target='dev')
[2025-11-03T16:56:18.870+0000] {subprocess.py:93} INFO - [0m16:56:18
[2025-11-03T16:56:19.155+0000] {subprocess.py:93} INFO - [0m16:56:19  1 of 1 START sql incremental model main_staging.stg_loans ...................... [RUN]
[2025-11-03T16:56:19.290+0000] {subprocess.py:93} INFO - [0m16:56:19  1 of 1 OK created sql incremental model main_staging.stg_loans ................. [[32mOK[0m in 0.13s]
[2025-11-03T16:56:19.296+0000] {subprocess.py:93} INFO - [0m16:56:19
[2025-11-03T16:56:19.296+0000] {subprocess.py:93} INFO - [0m16:56:19  Finished running 1 incremental model in 0 hours 0 minutes and 0.43 seconds (0.43s).
[2025-11-03T16:56:19.331+0000] {subprocess.py:93} INFO - [0m16:56:19
[2025-11-03T16:56:19.331+0000] {subprocess.py:93} INFO - [0m16:56:19  [32mCompleted successfully[0m
[2025-11-03T16:56:19.332+0000] {subprocess.py:93} INFO - [0m16:56:19
[2025-11-03T16:56:19.332+0000] {subprocess.py:93} INFO - [0m16:56:19  Done. PASS=1 WARN=0 ERROR=0 SKIP=0 NO-OP=0 TOTAL=1
[2025-11-03T16:56:19.981+0000] {subprocess.py:97} INFO - Command exited with return code 0
[2025-11-03T16:56:19.982+0000] {taskinstance.py:441} INFO - ::group::Post task execution logs
[2025-11-03T16:56:20.001+0000] {taskinstance.py:1206} INFO - Marking task as SUCCESS. dag_id=dbt_duckdb_run, task_id=run_stg_loans, run_id=scheduled__2025-11-02T06:00:00+00:00, execution_date=20251102T060000, start_date=20251103T165615, end_date=20251103T165620
[2025-11-03T16:56:20.017+0000] {local_task_job_runner.py:243} INFO - Task exited with return code 0
[2025-11-03T16:56:20.036+0000] {taskinstance.py:3503} INFO - 1 downstream tasks scheduled from follow-on schedule check
[2025-11-03T16:56:20.037+0000] {local_task_job_runner.py:222} INFO - ::endgroup::
