[2025-11-03T06:01:15.682+0000] {local_task_job_runner.py:120} INFO - ::group::Pre task execution logs
[2025-11-03T06:01:15.702+0000] {taskinstance.py:2076} INFO - Dependencies all met for dep_context=non-requeueable deps ti=<TaskInstance: dbt_duckdb_run.run_dim_customer scheduled__2025-11-02T06:00:00+00:00 [queued]>
[2025-11-03T06:01:15.707+0000] {taskinstance.py:2076} INFO - Dependencies all met for dep_context=requeueable deps ti=<TaskInstance: dbt_duckdb_run.run_dim_customer scheduled__2025-11-02T06:00:00+00:00 [queued]>
[2025-11-03T06:01:15.707+0000] {taskinstance.py:2306} INFO - Starting attempt 1 of 1
[2025-11-03T06:01:15.714+0000] {taskinstance.py:2330} INFO - Executing <Task(BashOperator): run_dim_customer> on 2025-11-02 06:00:00+00:00
[2025-11-03T06:01:15.719+0000] {logging_mixin.py:188} WARNING - /home/***/.local/lib/python3.12/site-packages/***/task/task_runner/standard_task_runner.py:62 DeprecationWarning: This process (pid=1259) is multi-threaded, use of fork() may lead to deadlocks in the child.
[2025-11-03T06:01:15.719+0000] {standard_task_runner.py:64} INFO - Started process 1260 to run task
[2025-11-03T06:01:15.719+0000] {standard_task_runner.py:90} INFO - Running: ['***', 'tasks', 'run', 'dbt_duckdb_run', 'run_dim_customer', 'scheduled__2025-11-02T06:00:00+00:00', '--job-id', '110', '--raw', '--subdir', 'DAGS_FOLDER/dbt_dag.py', '--cfg-path', '/tmp/tmpxz0jqvxc']
[2025-11-03T06:01:15.720+0000] {standard_task_runner.py:91} INFO - Job 110: Subtask run_dim_customer
[2025-11-03T06:01:15.745+0000] {task_command.py:426} INFO - Running <TaskInstance: dbt_duckdb_run.run_dim_customer scheduled__2025-11-02T06:00:00+00:00 [running]> on host 757809b56052
[2025-11-03T06:01:15.792+0000] {taskinstance.py:2648} INFO - Exporting env vars: AIRFLOW_CTX_DAG_OWNER='***' AIRFLOW_CTX_DAG_ID='dbt_duckdb_run' AIRFLOW_CTX_TASK_ID='run_dim_customer' AIRFLOW_CTX_EXECUTION_DATE='2025-11-02T06:00:00+00:00' AIRFLOW_CTX_TRY_NUMBER='1' AIRFLOW_CTX_DAG_RUN_ID='scheduled__2025-11-02T06:00:00+00:00'
[2025-11-03T06:01:15.792+0000] {taskinstance.py:430} INFO - ::endgroup::
[2025-11-03T06:01:15.801+0000] {subprocess.py:63} INFO - Tmp dir root location: /tmp
[2025-11-03T06:01:15.802+0000] {subprocess.py:75} INFO - Running command: ['/usr/bin/bash', '-c', 'cd /opt/***/dbt && source venv/bin/activate && dbt run --select dim_customer ']
[2025-11-03T06:01:15.807+0000] {subprocess.py:86} INFO - Output:
[2025-11-03T06:01:17.888+0000] {subprocess.py:93} INFO - [0m06:01:17  Running with dbt=1.10.13
[2025-11-03T06:01:18.155+0000] {subprocess.py:93} INFO - [0m06:01:18  Registered adapter: duckdb=1.9.6
[2025-11-03T06:01:18.486+0000] {subprocess.py:93} INFO - [0m06:01:18  Found 6 models, 12 data tests, 1 source, 444 macros
[2025-11-03T06:01:18.488+0000] {subprocess.py:93} INFO - [0m06:01:18
[2025-11-03T06:01:18.488+0000] {subprocess.py:93} INFO - [0m06:01:18  Concurrency: 4 threads (target='dev')
[2025-11-03T06:01:18.488+0000] {subprocess.py:93} INFO - [0m06:01:18
[2025-11-03T06:01:18.676+0000] {subprocess.py:93} INFO - [0m06:01:18  1 of 1 START sql incremental model main_structured.dim_customer ................ [RUN]
[2025-11-03T06:01:18.806+0000] {subprocess.py:93} INFO - [0m06:01:18  1 of 1 OK created sql incremental model main_structured.dim_customer ........... [[32mOK[0m in 0.13s]
[2025-11-03T06:01:18.813+0000] {subprocess.py:93} INFO - [0m06:01:18
[2025-11-03T06:01:18.813+0000] {subprocess.py:93} INFO - [0m06:01:18  Finished running 1 incremental model in 0 hours 0 minutes and 0.32 seconds (0.32s).
[2025-11-03T06:01:18.846+0000] {subprocess.py:93} INFO - [0m06:01:18
[2025-11-03T06:01:18.846+0000] {subprocess.py:93} INFO - [0m06:01:18  [32mCompleted successfully[0m
[2025-11-03T06:01:18.847+0000] {subprocess.py:93} INFO - [0m06:01:18
[2025-11-03T06:01:18.847+0000] {subprocess.py:93} INFO - [0m06:01:18  Done. PASS=1 WARN=0 ERROR=0 SKIP=0 NO-OP=0 TOTAL=1
[2025-11-03T06:01:19.685+0000] {subprocess.py:97} INFO - Command exited with return code 0
[2025-11-03T06:01:19.686+0000] {taskinstance.py:441} INFO - ::group::Post task execution logs
[2025-11-03T06:01:19.705+0000] {taskinstance.py:1206} INFO - Marking task as SUCCESS. dag_id=dbt_duckdb_run, task_id=run_dim_customer, run_id=scheduled__2025-11-02T06:00:00+00:00, execution_date=20251102T060000, start_date=20251103T060115, end_date=20251103T060119
[2025-11-03T06:01:19.734+0000] {local_task_job_runner.py:243} INFO - Task exited with return code 0
[2025-11-03T06:01:19.752+0000] {taskinstance.py:3503} INFO - 1 downstream tasks scheduled from follow-on schedule check
[2025-11-03T06:01:19.753+0000] {local_task_job_runner.py:222} INFO - ::endgroup::
