[2025-11-03T17:02:24.053+0000] {local_task_job_runner.py:120} INFO - ::group::Pre task execution logs
[2025-11-03T17:02:24.073+0000] {taskinstance.py:2076} INFO - Dependencies all met for dep_context=non-requeueable deps ti=<TaskInstance: dbt_duckdb_run.run_dim_customer scheduled__2025-11-02T06:00:00+00:00 [queued]>
[2025-11-03T17:02:24.078+0000] {taskinstance.py:2076} INFO - Dependencies all met for dep_context=requeueable deps ti=<TaskInstance: dbt_duckdb_run.run_dim_customer scheduled__2025-11-02T06:00:00+00:00 [queued]>
[2025-11-03T17:02:24.078+0000] {taskinstance.py:2306} INFO - Starting attempt 3 of 3
[2025-11-03T17:02:24.085+0000] {taskinstance.py:2330} INFO - Executing <Task(BashOperator): run_dim_customer> on 2025-11-02 06:00:00+00:00
[2025-11-03T17:02:24.089+0000] {logging_mixin.py:188} WARNING - /home/***/.local/lib/python3.12/site-packages/***/task/task_runner/standard_task_runner.py:62 DeprecationWarning: This process (pid=632) is multi-threaded, use of fork() may lead to deadlocks in the child.
[2025-11-03T17:02:24.089+0000] {standard_task_runner.py:64} INFO - Started process 633 to run task
[2025-11-03T17:02:24.089+0000] {standard_task_runner.py:90} INFO - Running: ['***', 'tasks', 'run', 'dbt_duckdb_run', 'run_dim_customer', 'scheduled__2025-11-02T06:00:00+00:00', '--job-id', '128', '--raw', '--subdir', 'DAGS_FOLDER/dbt_dag.py', '--cfg-path', '/tmp/tmpz23_h_af']
[2025-11-03T17:02:24.090+0000] {standard_task_runner.py:91} INFO - Job 128: Subtask run_dim_customer
[2025-11-03T17:02:24.116+0000] {task_command.py:426} INFO - Running <TaskInstance: dbt_duckdb_run.run_dim_customer scheduled__2025-11-02T06:00:00+00:00 [running]> on host 8b2e3086e3f4
[2025-11-03T17:02:24.161+0000] {taskinstance.py:2648} INFO - Exporting env vars: AIRFLOW_CTX_DAG_OWNER='***' AIRFLOW_CTX_DAG_ID='dbt_duckdb_run' AIRFLOW_CTX_TASK_ID='run_dim_customer' AIRFLOW_CTX_EXECUTION_DATE='2025-11-02T06:00:00+00:00' AIRFLOW_CTX_TRY_NUMBER='3' AIRFLOW_CTX_DAG_RUN_ID='scheduled__2025-11-02T06:00:00+00:00'
[2025-11-03T17:02:24.162+0000] {taskinstance.py:430} INFO - ::endgroup::
[2025-11-03T17:02:24.175+0000] {subprocess.py:63} INFO - Tmp dir root location: /tmp
[2025-11-03T17:02:24.176+0000] {subprocess.py:75} INFO - Running command: ['/usr/bin/bash', '-c', 'cd /opt/***/dbt && source venv/bin/activate && dbt run --select dim_customer ']
[2025-11-03T17:02:24.182+0000] {subprocess.py:86} INFO - Output:
[2025-11-03T17:02:26.296+0000] {subprocess.py:93} INFO - [0m17:02:26  Running with dbt=1.10.13
[2025-11-03T17:02:26.568+0000] {subprocess.py:93} INFO - [0m17:02:26  Registered adapter: duckdb=1.9.6
[2025-11-03T17:02:27.061+0000] {subprocess.py:93} INFO - [0m17:02:27  [[33mWARNING[0m][DuplicateYAMLKeysDeprecation]: Deprecated functionality
[2025-11-03T17:02:27.062+0000] {subprocess.py:93} INFO - Duplicate key 'column_name' in "<unicode string>", line 18, column 11 in file
[2025-11-03T17:02:27.062+0000] {subprocess.py:93} INFO - `models/presentation/schema.yml`
[2025-11-03T17:02:27.412+0000] {subprocess.py:93} INFO - [0m17:02:27  Found 6 models, 12 data tests, 1 source, 444 macros
[2025-11-03T17:02:27.414+0000] {subprocess.py:93} INFO - [0m17:02:27
[2025-11-03T17:02:27.415+0000] {subprocess.py:93} INFO - [0m17:02:27  Concurrency: 4 threads (target='dev')
[2025-11-03T17:02:27.415+0000] {subprocess.py:93} INFO - [0m17:02:27
[2025-11-03T17:02:27.615+0000] {subprocess.py:93} INFO - [0m17:02:27  1 of 1 START sql incremental model main_structured.dim_customer ................ [RUN]
[2025-11-03T17:02:27.751+0000] {subprocess.py:93} INFO - [0m17:02:27  1 of 1 OK created sql incremental model main_structured.dim_customer ........... [[32mOK[0m in 0.13s]
[2025-11-03T17:02:27.758+0000] {subprocess.py:93} INFO - [0m17:02:27
[2025-11-03T17:02:27.758+0000] {subprocess.py:93} INFO - [0m17:02:27  Finished running 1 incremental model in 0 hours 0 minutes and 0.34 seconds (0.34s).
[2025-11-03T17:02:27.793+0000] {subprocess.py:93} INFO - [0m17:02:27
[2025-11-03T17:02:27.793+0000] {subprocess.py:93} INFO - [0m17:02:27  [32mCompleted successfully[0m
[2025-11-03T17:02:27.794+0000] {subprocess.py:93} INFO - [0m17:02:27
[2025-11-03T17:02:27.794+0000] {subprocess.py:93} INFO - [0m17:02:27  Done. PASS=1 WARN=0 ERROR=0 SKIP=0 NO-OP=0 TOTAL=1
[2025-11-03T17:02:27.795+0000] {subprocess.py:93} INFO - [0m17:02:27  [[33mWARNING[0m][DeprecationsSummary]: Deprecated functionality
[2025-11-03T17:02:27.795+0000] {subprocess.py:93} INFO - Summary of encountered deprecations:
[2025-11-03T17:02:27.796+0000] {subprocess.py:93} INFO - - DuplicateYAMLKeysDeprecation: 1 occurrence
[2025-11-03T17:02:27.796+0000] {subprocess.py:93} INFO - To see all deprecation instances instead of just the first occurrence of each,
[2025-11-03T17:02:27.797+0000] {subprocess.py:93} INFO - run command again with the `--show-all-deprecations` flag. You may also need to
[2025-11-03T17:02:27.797+0000] {subprocess.py:93} INFO - run with `--no-partial-parse` as some deprecations are only encountered during
[2025-11-03T17:02:27.797+0000] {subprocess.py:93} INFO - parsing.
[2025-11-03T17:02:28.418+0000] {subprocess.py:97} INFO - Command exited with return code 0
[2025-11-03T17:02:28.419+0000] {taskinstance.py:441} INFO - ::group::Post task execution logs
[2025-11-03T17:02:28.445+0000] {taskinstance.py:1206} INFO - Marking task as SUCCESS. dag_id=dbt_duckdb_run, task_id=run_dim_customer, run_id=scheduled__2025-11-02T06:00:00+00:00, execution_date=20251102T060000, start_date=20251103T170224, end_date=20251103T170228
[2025-11-03T17:02:28.481+0000] {local_task_job_runner.py:243} INFO - Task exited with return code 0
[2025-11-03T17:02:28.503+0000] {taskinstance.py:3503} INFO - 1 downstream tasks scheduled from follow-on schedule check
[2025-11-03T17:02:28.505+0000] {local_task_job_runner.py:222} INFO - ::endgroup::
