[2025-11-03T16:56:20.407+0000] {local_task_job_runner.py:120} INFO - ::group::Pre task execution logs
[2025-11-03T16:56:20.431+0000] {taskinstance.py:2076} INFO - Dependencies all met for dep_context=non-requeueable deps ti=<TaskInstance: dbt_duckdb_run.run_dim_customer scheduled__2025-11-02T06:00:00+00:00 [queued]>
[2025-11-03T16:56:20.436+0000] {taskinstance.py:2076} INFO - Dependencies all met for dep_context=requeueable deps ti=<TaskInstance: dbt_duckdb_run.run_dim_customer scheduled__2025-11-02T06:00:00+00:00 [queued]>
[2025-11-03T16:56:20.436+0000] {taskinstance.py:2306} INFO - Starting attempt 2 of 2
[2025-11-03T16:56:20.443+0000] {taskinstance.py:2330} INFO - Executing <Task(BashOperator): run_dim_customer> on 2025-11-02 06:00:00+00:00
[2025-11-03T16:56:20.447+0000] {logging_mixin.py:188} WARNING - /home/***/.local/lib/python3.12/site-packages/***/task/task_runner/standard_task_runner.py:62 DeprecationWarning: This process (pid=282) is multi-threaded, use of fork() may lead to deadlocks in the child.
[2025-11-03T16:56:20.448+0000] {standard_task_runner.py:64} INFO - Started process 283 to run task
[2025-11-03T16:56:20.447+0000] {standard_task_runner.py:90} INFO - Running: ['***', 'tasks', 'run', 'dbt_duckdb_run', 'run_dim_customer', 'scheduled__2025-11-02T06:00:00+00:00', '--job-id', '119', '--raw', '--subdir', 'DAGS_FOLDER/dbt_dag.py', '--cfg-path', '/tmp/tmpuietzemt']
[2025-11-03T16:56:20.449+0000] {standard_task_runner.py:91} INFO - Job 119: Subtask run_dim_customer
[2025-11-03T16:56:20.475+0000] {task_command.py:426} INFO - Running <TaskInstance: dbt_duckdb_run.run_dim_customer scheduled__2025-11-02T06:00:00+00:00 [running]> on host 8b2e3086e3f4
[2025-11-03T16:56:20.519+0000] {taskinstance.py:2648} INFO - Exporting env vars: AIRFLOW_CTX_DAG_OWNER='***' AIRFLOW_CTX_DAG_ID='dbt_duckdb_run' AIRFLOW_CTX_TASK_ID='run_dim_customer' AIRFLOW_CTX_EXECUTION_DATE='2025-11-02T06:00:00+00:00' AIRFLOW_CTX_TRY_NUMBER='2' AIRFLOW_CTX_DAG_RUN_ID='scheduled__2025-11-02T06:00:00+00:00'
[2025-11-03T16:56:20.520+0000] {taskinstance.py:430} INFO - ::endgroup::
[2025-11-03T16:56:20.529+0000] {subprocess.py:63} INFO - Tmp dir root location: /tmp
[2025-11-03T16:56:20.530+0000] {subprocess.py:75} INFO - Running command: ['/usr/bin/bash', '-c', 'cd /opt/***/dbt && source venv/bin/activate && dbt run --select dim_customer ']
[2025-11-03T16:56:20.534+0000] {subprocess.py:86} INFO - Output:
[2025-11-03T16:56:22.605+0000] {subprocess.py:93} INFO - [0m16:56:22  Running with dbt=1.10.13
[2025-11-03T16:56:22.877+0000] {subprocess.py:93} INFO - [0m16:56:22  Registered adapter: duckdb=1.9.6
[2025-11-03T16:56:23.213+0000] {subprocess.py:93} INFO - [0m16:56:23  Found 6 models, 12 data tests, 1 source, 444 macros
[2025-11-03T16:56:23.216+0000] {subprocess.py:93} INFO - [0m16:56:23
[2025-11-03T16:56:23.217+0000] {subprocess.py:93} INFO - [0m16:56:23  Concurrency: 4 threads (target='dev')
[2025-11-03T16:56:23.218+0000] {subprocess.py:93} INFO - [0m16:56:23
[2025-11-03T16:56:23.410+0000] {subprocess.py:93} INFO - [0m16:56:23  1 of 1 START sql incremental model main_structured.dim_customer ................ [RUN]
[2025-11-03T16:56:23.539+0000] {subprocess.py:93} INFO - [0m16:56:23  1 of 1 OK created sql incremental model main_structured.dim_customer ........... [[32mOK[0m in 0.13s]
[2025-11-03T16:56:23.546+0000] {subprocess.py:93} INFO - [0m16:56:23
[2025-11-03T16:56:23.546+0000] {subprocess.py:93} INFO - [0m16:56:23  Finished running 1 incremental model in 0 hours 0 minutes and 0.33 seconds (0.33s).
[2025-11-03T16:56:23.578+0000] {subprocess.py:93} INFO - [0m16:56:23
[2025-11-03T16:56:23.579+0000] {subprocess.py:93} INFO - [0m16:56:23  [32mCompleted successfully[0m
[2025-11-03T16:56:23.579+0000] {subprocess.py:93} INFO - [0m16:56:23
[2025-11-03T16:56:23.580+0000] {subprocess.py:93} INFO - [0m16:56:23  Done. PASS=1 WARN=0 ERROR=0 SKIP=0 NO-OP=0 TOTAL=1
[2025-11-03T16:56:24.200+0000] {subprocess.py:97} INFO - Command exited with return code 0
[2025-11-03T16:56:24.201+0000] {taskinstance.py:441} INFO - ::group::Post task execution logs
[2025-11-03T16:56:24.221+0000] {taskinstance.py:1206} INFO - Marking task as SUCCESS. dag_id=dbt_duckdb_run, task_id=run_dim_customer, run_id=scheduled__2025-11-02T06:00:00+00:00, execution_date=20251102T060000, start_date=20251103T165620, end_date=20251103T165624
[2025-11-03T16:56:24.236+0000] {local_task_job_runner.py:243} INFO - Task exited with return code 0
[2025-11-03T16:56:24.255+0000] {taskinstance.py:3503} INFO - 1 downstream tasks scheduled from follow-on schedule check
[2025-11-03T16:56:24.255+0000] {local_task_job_runner.py:222} INFO - ::endgroup::
