[2025-11-02T19:05:51.172+0000] {local_task_job_runner.py:120} INFO - ::group::Pre task execution logs
[2025-11-02T19:05:51.191+0000] {taskinstance.py:2076} INFO - Dependencies all met for dep_context=non-requeueable deps ti=<TaskInstance: dbt_duckdb_run.dbt_setup scheduled__2025-11-01T06:00:00+00:00 [queued]>
[2025-11-02T19:05:51.196+0000] {taskinstance.py:2076} INFO - Dependencies all met for dep_context=requeueable deps ti=<TaskInstance: dbt_duckdb_run.dbt_setup scheduled__2025-11-01T06:00:00+00:00 [queued]>
[2025-11-02T19:05:51.197+0000] {taskinstance.py:2306} INFO - Starting attempt 1 of 1
[2025-11-02T19:05:51.203+0000] {taskinstance.py:2330} INFO - Executing <Task(BashOperator): dbt_setup> on 2025-11-01 06:00:00+00:00
[2025-11-02T19:05:51.208+0000] {logging_mixin.py:188} WARNING - /home/***/.local/lib/python3.12/site-packages/***/task/task_runner/standard_task_runner.py:62 DeprecationWarning: This process (pid=11745) is multi-threaded, use of fork() may lead to deadlocks in the child.
[2025-11-02T19:05:51.208+0000] {standard_task_runner.py:64} INFO - Started process 11746 to run task
[2025-11-02T19:05:51.208+0000] {standard_task_runner.py:90} INFO - Running: ['***', 'tasks', 'run', 'dbt_duckdb_run', 'dbt_setup', 'scheduled__2025-11-01T06:00:00+00:00', '--job-id', '3', '--raw', '--subdir', 'DAGS_FOLDER/dbt_dag.py', '--cfg-path', '/tmp/tmpq7z3rjk2']
[2025-11-02T19:05:51.215+0000] {standard_task_runner.py:91} INFO - Job 3: Subtask dbt_setup
[2025-11-02T19:05:51.239+0000] {task_command.py:426} INFO - Running <TaskInstance: dbt_duckdb_run.dbt_setup scheduled__2025-11-01T06:00:00+00:00 [running]> on host 3ad6f99bc9d3
[2025-11-02T19:05:51.283+0000] {taskinstance.py:2648} INFO - Exporting env vars: AIRFLOW_CTX_DAG_OWNER='***' AIRFLOW_CTX_DAG_ID='dbt_duckdb_run' AIRFLOW_CTX_TASK_ID='dbt_setup' AIRFLOW_CTX_EXECUTION_DATE='2025-11-01T06:00:00+00:00' AIRFLOW_CTX_TRY_NUMBER='1' AIRFLOW_CTX_DAG_RUN_ID='scheduled__2025-11-01T06:00:00+00:00'
[2025-11-02T19:05:51.283+0000] {taskinstance.py:430} INFO - ::endgroup::
[2025-11-02T19:05:51.292+0000] {subprocess.py:63} INFO - Tmp dir root location: /tmp
[2025-11-02T19:05:51.293+0000] {subprocess.py:75} INFO - Running command: ['/usr/bin/bash', '-c', 'cd /opt/***/dbt && python3 -m venv venv && /opt/***/dbt/venv/bin/pip install --upgrade pip && /opt/***/dbt/venv/bin/pip install dbt-duckdb']
[2025-11-02T19:05:51.298+0000] {subprocess.py:86} INFO - Output:
[2025-11-02T19:05:59.259+0000] {subprocess.py:93} INFO - Requirement already satisfied: pip in ./venv/lib/python3.12/site-packages (24.0)
[2025-11-02T19:05:59.476+0000] {subprocess.py:93} INFO - Collecting pip
[2025-11-02T19:05:59.567+0000] {subprocess.py:93} INFO -   Downloading pip-25.3-py3-none-any.whl.metadata (4.7 kB)
[2025-11-02T19:05:59.582+0000] {subprocess.py:93} INFO - Downloading pip-25.3-py3-none-any.whl (1.8 MB)
[2025-11-02T19:05:59.636+0000] {subprocess.py:93} INFO -    ━━━━━━━━━━━━━━━━━━━━━━━━━━━━━━━━━━━━━━━━ 1.8/1.8 MB 34.7 MB/s eta 0:00:00
[2025-11-02T19:05:59.653+0000] {subprocess.py:93} INFO - Installing collected packages: pip
[2025-11-02T19:05:59.654+0000] {subprocess.py:93} INFO -   Attempting uninstall: pip
[2025-11-02T19:05:59.657+0000] {subprocess.py:93} INFO -     Found existing installation: pip 24.0
[2025-11-02T19:05:59.781+0000] {subprocess.py:93} INFO -     Uninstalling pip-24.0:
[2025-11-02T19:05:59.832+0000] {subprocess.py:93} INFO -       Successfully uninstalled pip-24.0
[2025-11-02T19:06:03.234+0000] {subprocess.py:93} INFO - Successfully installed pip-25.3
[2025-11-02T19:06:04.440+0000] {subprocess.py:93} INFO - Collecting dbt-duckdb
[2025-11-02T19:06:04.529+0000] {subprocess.py:93} INFO -   Downloading dbt_duckdb-1.9.6-py3-none-any.whl.metadata (29 kB)
[2025-11-02T19:06:04.572+0000] {subprocess.py:93} INFO - Collecting dbt-common<2,>=1 (from dbt-duckdb)
[2025-11-02T19:06:04.582+0000] {subprocess.py:93} INFO -   Downloading dbt_common-1.35.0-py3-none-any.whl.metadata (4.9 kB)
[2025-11-02T19:06:04.614+0000] {subprocess.py:93} INFO - Collecting dbt-adapters<2,>=1 (from dbt-duckdb)
[2025-11-02T19:06:04.628+0000] {subprocess.py:93} INFO -   Downloading dbt_adapters-1.17.3-py3-none-any.whl.metadata (4.5 kB)
[2025-11-02T19:06:04.754+0000] {subprocess.py:93} INFO - Collecting duckdb>=1.0.0 (from dbt-duckdb)
[2025-11-02T19:06:04.766+0000] {subprocess.py:93} INFO -   Downloading duckdb-1.4.1-cp312-cp312-manylinux_2_27_aarch64.manylinux_2_28_aarch64.whl.metadata (14 kB)
[2025-11-02T19:06:04.827+0000] {subprocess.py:93} INFO - Collecting dbt-core>=1.8.0 (from dbt-duckdb)
[2025-11-02T19:06:04.837+0000] {subprocess.py:93} INFO -   Downloading dbt_core-1.10.13-py3-none-any.whl.metadata (4.2 kB)
[2025-11-02T19:06:04.861+0000] {subprocess.py:93} INFO - Collecting agate<2.0,>=1.0 (from dbt-adapters<2,>=1->dbt-duckdb)
[2025-11-02T19:06:04.869+0000] {subprocess.py:93} INFO -   Downloading agate-1.13.0-py2.py3-none-any.whl.metadata (3.4 kB)
[2025-11-02T19:06:04.897+0000] {subprocess.py:93} INFO - Collecting dbt-protos<2.0,>=1.0.291 (from dbt-adapters<2,>=1->dbt-duckdb)
[2025-11-02T19:06:04.909+0000] {subprocess.py:93} INFO -   Downloading dbt_protos-1.0.382-py3-none-any.whl.metadata (859 bytes)
[2025-11-02T19:06:04.933+0000] {subprocess.py:93} INFO - Collecting mashumaro<3.15,>=3.9 (from mashumaro[msgpack]<3.15,>=3.9->dbt-adapters<2,>=1->dbt-duckdb)
[2025-11-02T19:06:04.943+0000] {subprocess.py:93} INFO -   Downloading mashumaro-3.14-py3-none-any.whl.metadata (114 kB)
[2025-11-02T19:06:05.096+0000] {subprocess.py:93} INFO - Collecting protobuf<7.0,>=6.0 (from dbt-adapters<2,>=1->dbt-duckdb)
[2025-11-02T19:06:05.106+0000] {subprocess.py:93} INFO -   Downloading protobuf-6.33.0-cp39-abi3-manylinux2014_aarch64.whl.metadata (593 bytes)
[2025-11-02T19:06:05.161+0000] {subprocess.py:93} INFO - Collecting pytz>=2015.7 (from dbt-adapters<2,>=1->dbt-duckdb)
[2025-11-02T19:06:05.174+0000] {subprocess.py:93} INFO -   Downloading pytz-2025.2-py2.py3-none-any.whl.metadata (22 kB)
[2025-11-02T19:06:05.204+0000] {subprocess.py:93} INFO - Collecting typing-extensions<5.0,>=4.0 (from dbt-adapters<2,>=1->dbt-duckdb)
[2025-11-02T19:06:05.214+0000] {subprocess.py:93} INFO -   Downloading typing_extensions-4.15.0-py3-none-any.whl.metadata (3.3 kB)
[2025-11-02T19:06:05.241+0000] {subprocess.py:93} INFO - Collecting Babel>=2.0 (from agate<2.0,>=1.0->dbt-adapters<2,>=1->dbt-duckdb)
[2025-11-02T19:06:05.249+0000] {subprocess.py:93} INFO -   Downloading babel-2.17.0-py3-none-any.whl.metadata (2.0 kB)
[2025-11-02T19:06:05.271+0000] {subprocess.py:93} INFO - Collecting isodate>=0.5.4 (from agate<2.0,>=1.0->dbt-adapters<2,>=1->dbt-duckdb)
[2025-11-02T19:06:05.283+0000] {subprocess.py:93} INFO -   Downloading isodate-0.7.2-py3-none-any.whl.metadata (11 kB)
[2025-11-02T19:06:05.304+0000] {subprocess.py:93} INFO - Collecting leather>=0.3.2 (from agate<2.0,>=1.0->dbt-adapters<2,>=1->dbt-duckdb)
[2025-11-02T19:06:05.314+0000] {subprocess.py:93} INFO -   Downloading leather-0.4.0-py2.py3-none-any.whl.metadata (2.8 kB)
[2025-11-02T19:06:05.365+0000] {subprocess.py:93} INFO - Collecting parsedatetime!=2.5,>=2.1 (from agate<2.0,>=1.0->dbt-adapters<2,>=1->dbt-duckdb)
[2025-11-02T19:06:05.379+0000] {subprocess.py:93} INFO -   Downloading parsedatetime-2.6-py3-none-any.whl.metadata (4.7 kB)
[2025-11-02T19:06:05.423+0000] {subprocess.py:93} INFO - Collecting python-slugify>=1.2.1 (from agate<2.0,>=1.0->dbt-adapters<2,>=1->dbt-duckdb)
[2025-11-02T19:06:05.437+0000] {subprocess.py:93} INFO -   Downloading python_slugify-8.0.4-py2.py3-none-any.whl.metadata (8.5 kB)
[2025-11-02T19:06:05.462+0000] {subprocess.py:93} INFO - Collecting pytimeparse>=1.1.5 (from agate<2.0,>=1.0->dbt-adapters<2,>=1->dbt-duckdb)
[2025-11-02T19:06:05.470+0000] {subprocess.py:93} INFO -   Downloading pytimeparse-1.1.8-py2.py3-none-any.whl.metadata (3.4 kB)
[2025-11-02T19:06:05.480+0000] {subprocess.py:93} INFO - Collecting agate<2.0,>=1.0 (from dbt-adapters<2,>=1->dbt-duckdb)
[2025-11-02T19:06:05.490+0000] {subprocess.py:93} INFO -   Downloading agate-1.9.1-py2.py3-none-any.whl.metadata (3.2 kB)
[2025-11-02T19:06:05.524+0000] {subprocess.py:93} INFO - Collecting colorama<0.5,>=0.3.9 (from dbt-common<2,>=1->dbt-duckdb)
[2025-11-02T19:06:05.535+0000] {subprocess.py:93} INFO -   Downloading colorama-0.4.6-py2.py3-none-any.whl.metadata (17 kB)
[2025-11-02T19:06:05.570+0000] {subprocess.py:93} INFO - Collecting deepdiff<9.0,>=7.0 (from dbt-common<2,>=1->dbt-duckdb)
[2025-11-02T19:06:05.582+0000] {subprocess.py:93} INFO -   Downloading deepdiff-8.6.1-py3-none-any.whl.metadata (8.6 kB)
[2025-11-02T19:06:05.592+0000] {subprocess.py:93} INFO - Collecting isodate>=0.5.4 (from agate<2.0,>=1.0->dbt-adapters<2,>=1->dbt-duckdb)
[2025-11-02T19:06:05.609+0000] {subprocess.py:93} INFO -   Downloading isodate-0.6.1-py2.py3-none-any.whl.metadata (9.6 kB)
[2025-11-02T19:06:05.633+0000] {subprocess.py:93} INFO - Collecting jinja2<4,>=3.1.3 (from dbt-common<2,>=1->dbt-duckdb)
[2025-11-02T19:06:05.648+0000] {subprocess.py:93} INFO -   Downloading jinja2-3.1.6-py3-none-any.whl.metadata (2.9 kB)
[2025-11-02T19:06:05.682+0000] {subprocess.py:93} INFO - Collecting jsonschema<5.0,>=4.0 (from dbt-common<2,>=1->dbt-duckdb)
[2025-11-02T19:06:05.696+0000] {subprocess.py:93} INFO -   Downloading jsonschema-4.25.1-py3-none-any.whl.metadata (7.6 kB)
[2025-11-02T19:06:05.731+0000] {subprocess.py:93} INFO - Collecting pathspec<0.13,>=0.9 (from dbt-common<2,>=1->dbt-duckdb)
[2025-11-02T19:06:05.741+0000] {subprocess.py:93} INFO -   Downloading pathspec-0.12.1-py3-none-any.whl.metadata (21 kB)
[2025-11-02T19:06:05.763+0000] {subprocess.py:93} INFO - Collecting python-dateutil<3.0,>=2.0 (from dbt-common<2,>=1->dbt-duckdb)
[2025-11-02T19:06:05.773+0000] {subprocess.py:93} INFO -   Downloading python_dateutil-2.9.0.post0-py2.py3-none-any.whl.metadata (8.4 kB)
[2025-11-02T19:06:05.809+0000] {subprocess.py:93} INFO - Collecting requests<3.0.0 (from dbt-common<2,>=1->dbt-duckdb)
[2025-11-02T19:06:05.819+0000] {subprocess.py:93} INFO -   Downloading requests-2.32.5-py3-none-any.whl.metadata (4.9 kB)
[2025-11-02T19:06:05.855+0000] {subprocess.py:93} INFO - Collecting orderly-set<6,>=5.4.1 (from deepdiff<9.0,>=7.0->dbt-common<2,>=1->dbt-duckdb)
[2025-11-02T19:06:05.866+0000] {subprocess.py:93} INFO -   Downloading orderly_set-5.5.0-py3-none-any.whl.metadata (6.6 kB)
[2025-11-02T19:06:05.885+0000] {subprocess.py:93} INFO - Collecting six (from isodate>=0.5.4->agate<2.0,>=1.0->dbt-adapters<2,>=1->dbt-duckdb)
[2025-11-02T19:06:05.893+0000] {subprocess.py:93} INFO -   Downloading six-1.17.0-py2.py3-none-any.whl.metadata (1.7 kB)
[2025-11-02T19:06:05.946+0000] {subprocess.py:93} INFO - Collecting MarkupSafe>=2.0 (from jinja2<4,>=3.1.3->dbt-common<2,>=1->dbt-duckdb)
[2025-11-02T19:06:05.958+0000] {subprocess.py:93} INFO -   Downloading markupsafe-3.0.3-cp312-cp312-manylinux2014_aarch64.manylinux_2_17_aarch64.manylinux_2_28_aarch64.whl.metadata (2.7 kB)
[2025-11-02T19:06:05.984+0000] {subprocess.py:93} INFO - Collecting attrs>=22.2.0 (from jsonschema<5.0,>=4.0->dbt-common<2,>=1->dbt-duckdb)
[2025-11-02T19:06:05.992+0000] {subprocess.py:93} INFO -   Downloading attrs-25.4.0-py3-none-any.whl.metadata (10 kB)
[2025-11-02T19:06:06.013+0000] {subprocess.py:93} INFO - Collecting jsonschema-specifications>=2023.03.6 (from jsonschema<5.0,>=4.0->dbt-common<2,>=1->dbt-duckdb)
[2025-11-02T19:06:06.024+0000] {subprocess.py:93} INFO -   Downloading jsonschema_specifications-2025.9.1-py3-none-any.whl.metadata (2.9 kB)
[2025-11-02T19:06:06.053+0000] {subprocess.py:93} INFO - Collecting referencing>=0.28.4 (from jsonschema<5.0,>=4.0->dbt-common<2,>=1->dbt-duckdb)
[2025-11-02T19:06:06.062+0000] {subprocess.py:93} INFO -   Downloading referencing-0.37.0-py3-none-any.whl.metadata (2.8 kB)
[2025-11-02T19:06:06.291+0000] {subprocess.py:93} INFO - Collecting rpds-py>=0.7.1 (from jsonschema<5.0,>=4.0->dbt-common<2,>=1->dbt-duckdb)
[2025-11-02T19:06:06.301+0000] {subprocess.py:93} INFO -   Downloading rpds_py-0.28.0-cp312-cp312-manylinux_2_17_aarch64.manylinux2014_aarch64.whl.metadata (4.1 kB)
[2025-11-02T19:06:06.376+0000] {subprocess.py:93} INFO - Collecting msgpack>=0.5.6 (from mashumaro[msgpack]<3.15,>=3.9->dbt-adapters<2,>=1->dbt-duckdb)
[2025-11-02T19:06:06.403+0000] {subprocess.py:93} INFO -   Downloading msgpack-1.1.2-cp312-cp312-manylinux2014_aarch64.manylinux_2_17_aarch64.manylinux_2_28_aarch64.whl.metadata (8.1 kB)
[2025-11-02T19:06:06.521+0000] {subprocess.py:93} INFO - Collecting charset_normalizer<4,>=2 (from requests<3.0.0->dbt-common<2,>=1->dbt-duckdb)
[2025-11-02T19:06:06.536+0000] {subprocess.py:93} INFO -   Downloading charset_normalizer-3.4.4-cp312-cp312-manylinux2014_aarch64.manylinux_2_17_aarch64.manylinux_2_28_aarch64.whl.metadata (37 kB)
[2025-11-02T19:06:06.562+0000] {subprocess.py:93} INFO - Collecting idna<4,>=2.5 (from requests<3.0.0->dbt-common<2,>=1->dbt-duckdb)
[2025-11-02T19:06:06.580+0000] {subprocess.py:93} INFO -   Downloading idna-3.11-py3-none-any.whl.metadata (8.4 kB)
[2025-11-02T19:06:06.614+0000] {subprocess.py:93} INFO - Collecting urllib3<3,>=1.21.1 (from requests<3.0.0->dbt-common<2,>=1->dbt-duckdb)
[2025-11-02T19:06:06.628+0000] {subprocess.py:93} INFO -   Downloading urllib3-2.5.0-py3-none-any.whl.metadata (6.5 kB)
[2025-11-02T19:06:06.653+0000] {subprocess.py:93} INFO - Collecting certifi>=2017.4.17 (from requests<3.0.0->dbt-common<2,>=1->dbt-duckdb)
[2025-11-02T19:06:06.661+0000] {subprocess.py:93} INFO -   Downloading certifi-2025.10.5-py3-none-any.whl.metadata (2.5 kB)
[2025-11-02T19:06:06.692+0000] {subprocess.py:93} INFO - Collecting click<9.0,>=8.0.2 (from dbt-core>=1.8.0->dbt-duckdb)
[2025-11-02T19:06:06.702+0000] {subprocess.py:93} INFO -   Downloading click-8.3.0-py3-none-any.whl.metadata (2.6 kB)
[2025-11-02T19:06:06.737+0000] {subprocess.py:93} INFO - Collecting networkx<4.0,>=2.3 (from dbt-core>=1.8.0->dbt-duckdb)
[2025-11-02T19:06:06.750+0000] {subprocess.py:93} INFO -   Downloading networkx-3.5-py3-none-any.whl.metadata (6.3 kB)
[2025-11-02T19:06:06.777+0000] {subprocess.py:93} INFO - Collecting snowplow-tracker<2.0,>=1.0.2 (from dbt-core>=1.8.0->dbt-duckdb)
[2025-11-02T19:06:06.790+0000] {subprocess.py:93} INFO -   Downloading snowplow_tracker-1.1.0-py3-none-any.whl.metadata (5.7 kB)
[2025-11-02T19:06:06.809+0000] {subprocess.py:93} INFO - Collecting sqlparse<0.6.0,>=0.5.0 (from dbt-core>=1.8.0->dbt-duckdb)
[2025-11-02T19:06:06.818+0000] {subprocess.py:93} INFO -   Downloading sqlparse-0.5.3-py3-none-any.whl.metadata (3.9 kB)
[2025-11-02T19:06:06.849+0000] {subprocess.py:93} INFO - Collecting dbt-extractor<=0.6,>=0.5.0 (from dbt-core>=1.8.0->dbt-duckdb)
[2025-11-02T19:06:06.859+0000] {subprocess.py:93} INFO -   Downloading dbt_extractor-0.6.0-cp39-abi3-manylinux_2_17_aarch64.manylinux2014_aarch64.whl.metadata (4.6 kB)
[2025-11-02T19:06:06.886+0000] {subprocess.py:93} INFO - Collecting dbt-semantic-interfaces<0.10,>=0.9.0 (from dbt-core>=1.8.0->dbt-duckdb)
[2025-11-02T19:06:06.893+0000] {subprocess.py:93} INFO -   Downloading dbt_semantic_interfaces-0.9.0-py3-none-any.whl.metadata (2.6 kB)
[2025-11-02T19:06:07.012+0000] {subprocess.py:93} INFO - Collecting pydantic<3 (from dbt-core>=1.8.0->dbt-duckdb)
[2025-11-02T19:06:07.024+0000] {subprocess.py:93} INFO -   Downloading pydantic-2.12.3-py3-none-any.whl.metadata (87 kB)
[2025-11-02T19:06:07.048+0000] {subprocess.py:93} INFO - Collecting packaging>20.9 (from dbt-core>=1.8.0->dbt-duckdb)
[2025-11-02T19:06:07.057+0000] {subprocess.py:93} INFO -   Downloading packaging-25.0-py3-none-any.whl.metadata (3.3 kB)
[2025-11-02T19:06:07.092+0000] {subprocess.py:93} INFO - Collecting pyyaml>=6.0 (from dbt-core>=1.8.0->dbt-duckdb)
[2025-11-02T19:06:07.101+0000] {subprocess.py:93} INFO -   Downloading pyyaml-6.0.3-cp312-cp312-manylinux2014_aarch64.manylinux_2_17_aarch64.manylinux_2_28_aarch64.whl.metadata (2.4 kB)
[2025-11-02T19:06:07.127+0000] {subprocess.py:93} INFO - Collecting daff>=1.3.46 (from dbt-core>=1.8.0->dbt-duckdb)
[2025-11-02T19:06:07.138+0000] {subprocess.py:93} INFO -   Downloading daff-1.4.2-py3-none-any.whl.metadata (10 kB)
[2025-11-02T19:06:07.206+0000] {subprocess.py:93} INFO - Collecting importlib-metadata<9,>=6.0 (from dbt-semantic-interfaces<0.10,>=0.9.0->dbt-core>=1.8.0->dbt-duckdb)
[2025-11-02T19:06:07.217+0000] {subprocess.py:93} INFO -   Downloading importlib_metadata-8.7.0-py3-none-any.whl.metadata (4.8 kB)
[2025-11-02T19:06:07.259+0000] {subprocess.py:93} INFO - Collecting more-itertools<11.0,>=8.0 (from dbt-semantic-interfaces<0.10,>=0.9.0->dbt-core>=1.8.0->dbt-duckdb)
[2025-11-02T19:06:07.268+0000] {subprocess.py:93} INFO -   Downloading more_itertools-10.8.0-py3-none-any.whl.metadata (39 kB)
[2025-11-02T19:06:07.309+0000] {subprocess.py:93} INFO - Collecting zipp>=3.20 (from importlib-metadata<9,>=6.0->dbt-semantic-interfaces<0.10,>=0.9.0->dbt-core>=1.8.0->dbt-duckdb)
[2025-11-02T19:06:07.318+0000] {subprocess.py:93} INFO -   Downloading zipp-3.23.0-py3-none-any.whl.metadata (3.6 kB)
[2025-11-02T19:06:07.339+0000] {subprocess.py:93} INFO - Collecting annotated-types>=0.6.0 (from pydantic<3->dbt-core>=1.8.0->dbt-duckdb)
[2025-11-02T19:06:07.349+0000] {subprocess.py:93} INFO -   Downloading annotated_types-0.7.0-py3-none-any.whl.metadata (15 kB)
[2025-11-02T19:06:07.899+0000] {subprocess.py:93} INFO - Collecting pydantic-core==2.41.4 (from pydantic<3->dbt-core>=1.8.0->dbt-duckdb)
[2025-11-02T19:06:07.909+0000] {subprocess.py:93} INFO -   Downloading pydantic_core-2.41.4-cp312-cp312-manylinux_2_17_aarch64.manylinux2014_aarch64.whl.metadata (7.3 kB)
[2025-11-02T19:06:07.931+0000] {subprocess.py:93} INFO - Collecting typing-inspection>=0.4.2 (from pydantic<3->dbt-core>=1.8.0->dbt-duckdb)
[2025-11-02T19:06:07.941+0000] {subprocess.py:93} INFO -   Downloading typing_inspection-0.4.2-py3-none-any.whl.metadata (2.6 kB)
[2025-11-02T19:06:07.981+0000] {subprocess.py:93} INFO - Collecting text-unidecode>=1.3 (from python-slugify>=1.2.1->agate<2.0,>=1.0->dbt-adapters<2,>=1->dbt-duckdb)
[2025-11-02T19:06:07.991+0000] {subprocess.py:93} INFO -   Downloading text_unidecode-1.3-py2.py3-none-any.whl.metadata (2.4 kB)
[2025-11-02T19:06:08.027+0000] {subprocess.py:93} INFO - Downloading dbt_duckdb-1.9.6-py3-none-any.whl (74 kB)
[2025-11-02T19:06:08.040+0000] {subprocess.py:93} INFO - Downloading dbt_adapters-1.17.3-py3-none-any.whl (170 kB)
[2025-11-02T19:06:08.058+0000] {subprocess.py:93} INFO - Downloading dbt_common-1.35.0-py3-none-any.whl (87 kB)
[2025-11-02T19:06:08.081+0000] {subprocess.py:93} INFO - Downloading agate-1.9.1-py2.py3-none-any.whl (95 kB)
[2025-11-02T19:06:08.094+0000] {subprocess.py:93} INFO - Downloading colorama-0.4.6-py2.py3-none-any.whl (25 kB)
[2025-11-02T19:06:08.106+0000] {subprocess.py:93} INFO - Downloading dbt_protos-1.0.382-py3-none-any.whl (147 kB)
[2025-11-02T19:06:08.118+0000] {subprocess.py:93} INFO - Downloading deepdiff-8.6.1-py3-none-any.whl (91 kB)
[2025-11-02T19:06:08.132+0000] {subprocess.py:93} INFO - Downloading isodate-0.6.1-py2.py3-none-any.whl (41 kB)
[2025-11-02T19:06:08.143+0000] {subprocess.py:93} INFO - Downloading jinja2-3.1.6-py3-none-any.whl (134 kB)
[2025-11-02T19:06:08.154+0000] {subprocess.py:93} INFO - Downloading jsonschema-4.25.1-py3-none-any.whl (90 kB)
[2025-11-02T19:06:08.169+0000] {subprocess.py:93} INFO - Downloading mashumaro-3.14-py3-none-any.whl (92 kB)
[2025-11-02T19:06:08.187+0000] {subprocess.py:93} INFO - Downloading orderly_set-5.5.0-py3-none-any.whl (13 kB)
[2025-11-02T19:06:08.206+0000] {subprocess.py:93} INFO - Downloading pathspec-0.12.1-py3-none-any.whl (31 kB)
[2025-11-02T19:06:08.234+0000] {subprocess.py:93} INFO - Downloading protobuf-6.33.0-cp39-abi3-manylinux2014_aarch64.whl (324 kB)
[2025-11-02T19:06:08.283+0000] {subprocess.py:93} INFO - Downloading python_dateutil-2.9.0.post0-py2.py3-none-any.whl (229 kB)
[2025-11-02T19:06:08.303+0000] {subprocess.py:93} INFO - Downloading requests-2.32.5-py3-none-any.whl (64 kB)
[2025-11-02T19:06:08.320+0000] {subprocess.py:93} INFO - Downloading charset_normalizer-3.4.4-cp312-cp312-manylinux2014_aarch64.manylinux_2_17_aarch64.manylinux_2_28_aarch64.whl (148 kB)
[2025-11-02T19:06:08.331+0000] {subprocess.py:93} INFO - Downloading idna-3.11-py3-none-any.whl (71 kB)
[2025-11-02T19:06:08.345+0000] {subprocess.py:93} INFO - Downloading typing_extensions-4.15.0-py3-none-any.whl (44 kB)
[2025-11-02T19:06:08.359+0000] {subprocess.py:93} INFO - Downloading urllib3-2.5.0-py3-none-any.whl (129 kB)
[2025-11-02T19:06:08.372+0000] {subprocess.py:93} INFO - Downloading attrs-25.4.0-py3-none-any.whl (67 kB)
[2025-11-02T19:06:08.384+0000] {subprocess.py:93} INFO - Downloading babel-2.17.0-py3-none-any.whl (10.2 MB)
[2025-11-02T19:06:08.611+0000] {subprocess.py:93} INFO -    ━━━━━━━━━━━━━━━━━━━━━━━━━━━━━━━━━━━━━━━━ 10.2/10.2 MB 45.4 MB/s  0:00:00
[2025-11-02T19:06:08.625+0000] {subprocess.py:93} INFO - Downloading certifi-2025.10.5-py3-none-any.whl (163 kB)
[2025-11-02T19:06:08.637+0000] {subprocess.py:93} INFO - Downloading dbt_core-1.10.13-py3-none-any.whl (985 kB)
[2025-11-02T19:06:08.661+0000] {subprocess.py:93} INFO -    ━━━━━━━━━━━━━━━━━━━━━━━━━━━━━━━━━━━━━━━━ 985.9/985.9 kB 64.6 MB/s  0:00:00
[2025-11-02T19:06:08.668+0000] {subprocess.py:93} INFO - Downloading click-8.3.0-py3-none-any.whl (107 kB)
[2025-11-02T19:06:08.708+0000] {subprocess.py:93} INFO - Downloading dbt_extractor-0.6.0-cp39-abi3-manylinux_2_17_aarch64.manylinux2014_aarch64.whl (435 kB)
[2025-11-02T19:06:08.732+0000] {subprocess.py:93} INFO - Downloading dbt_semantic_interfaces-0.9.0-py3-none-any.whl (147 kB)
[2025-11-02T19:06:08.751+0000] {subprocess.py:93} INFO - Downloading importlib_metadata-8.7.0-py3-none-any.whl (27 kB)
[2025-11-02T19:06:08.764+0000] {subprocess.py:93} INFO - Downloading more_itertools-10.8.0-py3-none-any.whl (69 kB)
[2025-11-02T19:06:08.781+0000] {subprocess.py:93} INFO - Downloading networkx-3.5-py3-none-any.whl (2.0 MB)
[2025-11-02T19:06:08.827+0000] {subprocess.py:93} INFO -    ━━━━━━━━━━━━━━━━━━━━━━━━━━━━━━━━━━━━━━━━ 2.0/2.0 MB 42.1 MB/s  0:00:00
[2025-11-02T19:06:08.833+0000] {subprocess.py:93} INFO - Downloading pydantic-2.12.3-py3-none-any.whl (462 kB)
[2025-11-02T19:06:08.861+0000] {subprocess.py:93} INFO - Downloading pydantic_core-2.41.4-cp312-cp312-manylinux_2_17_aarch64.manylinux2014_aarch64.whl (2.0 MB)
[2025-11-02T19:06:08.910+0000] {subprocess.py:93} INFO -    ━━━━━━━━━━━━━━━━━━━━━━━━━━━━━━━━━━━━━━━━ 2.0/2.0 MB 44.2 MB/s  0:00:00
[2025-11-02T19:06:09.029+0000] {subprocess.py:93} INFO - Downloading pyyaml-6.0.3-cp312-cp312-manylinux2014_aarch64.manylinux_2_17_aarch64.manylinux_2_28_aarch64.whl (775 kB)
[2025-11-02T19:06:09.209+0000] {subprocess.py:93} INFO -    ━━━━━━━━━━━━━━━━━━━━━━━━━━━━━━━━━━━━━━━━ 775.1/775.1 kB 3.0 MB/s  0:00:00
[2025-11-02T19:06:09.346+0000] {subprocess.py:93} INFO - Downloading snowplow_tracker-1.1.0-py3-none-any.whl (44 kB)
[2025-11-02T19:06:09.359+0000] {subprocess.py:93} INFO - Downloading sqlparse-0.5.3-py3-none-any.whl (44 kB)
[2025-11-02T19:06:09.371+0000] {subprocess.py:93} INFO - Downloading annotated_types-0.7.0-py3-none-any.whl (13 kB)
[2025-11-02T19:06:09.385+0000] {subprocess.py:93} INFO - Downloading daff-1.4.2-py3-none-any.whl (144 kB)
[2025-11-02T19:06:09.545+0000] {subprocess.py:93} INFO - Downloading duckdb-1.4.1-cp312-cp312-manylinux_2_27_aarch64.manylinux_2_28_aarch64.whl (18.5 MB)
[2025-11-02T19:06:11.317+0000] {subprocess.py:93} INFO -    ━━━━━━━━━━━━━━━━━━━━━━━━━━━━━━━━━━━━━━━━ 18.5/18.5 MB 10.3 MB/s  0:00:01
[2025-11-02T19:06:11.454+0000] {subprocess.py:93} INFO - Downloading jsonschema_specifications-2025.9.1-py3-none-any.whl (18 kB)
[2025-11-02T19:06:11.469+0000] {subprocess.py:93} INFO - Downloading leather-0.4.0-py2.py3-none-any.whl (30 kB)
[2025-11-02T19:06:11.632+0000] {subprocess.py:93} INFO - Downloading markupsafe-3.0.3-cp312-cp312-manylinux2014_aarch64.manylinux_2_17_aarch64.manylinux_2_28_aarch64.whl (24 kB)
[2025-11-02T19:06:11.696+0000] {subprocess.py:93} INFO - Downloading msgpack-1.1.2-cp312-cp312-manylinux2014_aarch64.manylinux_2_17_aarch64.manylinux_2_28_aarch64.whl (417 kB)
[2025-11-02T19:06:11.715+0000] {subprocess.py:93} INFO - Downloading packaging-25.0-py3-none-any.whl (66 kB)
[2025-11-02T19:06:11.727+0000] {subprocess.py:93} INFO - Downloading parsedatetime-2.6-py3-none-any.whl (42 kB)
[2025-11-02T19:06:11.741+0000] {subprocess.py:93} INFO - Downloading python_slugify-8.0.4-py2.py3-none-any.whl (10 kB)
[2025-11-02T19:06:11.753+0000] {subprocess.py:93} INFO - Downloading pytimeparse-1.1.8-py2.py3-none-any.whl (10.0 kB)
[2025-11-02T19:06:11.764+0000] {subprocess.py:93} INFO - Downloading pytz-2025.2-py2.py3-none-any.whl (509 kB)
[2025-11-02T19:06:11.783+0000] {subprocess.py:93} INFO - Downloading referencing-0.37.0-py3-none-any.whl (26 kB)
[2025-11-02T19:06:11.801+0000] {subprocess.py:93} INFO - Downloading rpds_py-0.28.0-cp312-cp312-manylinux_2_17_aarch64.manylinux2014_aarch64.whl (378 kB)
[2025-11-02T19:06:11.817+0000] {subprocess.py:93} INFO - Downloading six-1.17.0-py2.py3-none-any.whl (11 kB)
[2025-11-02T19:06:11.828+0000] {subprocess.py:93} INFO - Downloading text_unidecode-1.3-py2.py3-none-any.whl (78 kB)
[2025-11-02T19:06:11.839+0000] {subprocess.py:93} INFO - Downloading typing_inspection-0.4.2-py3-none-any.whl (14 kB)
[2025-11-02T19:06:11.853+0000] {subprocess.py:93} INFO - Downloading zipp-3.23.0-py3-none-any.whl (10 kB)
[2025-11-02T19:06:12.009+0000] {subprocess.py:93} INFO - Installing collected packages: text-unidecode, pytz, pytimeparse, parsedatetime, leather, daff, zipp, urllib3, typing-extensions, sqlparse, six, rpds-py, pyyaml, python-slugify, protobuf, pathspec, packaging, orderly-set, networkx, msgpack, more-itertools, MarkupSafe, idna, duckdb, dbt-extractor, colorama, click, charset_normalizer, certifi, Babel, attrs, annotated-types, typing-inspection, requests, referencing, python-dateutil, pydantic-core, mashumaro, jinja2, isodate, importlib-metadata, deepdiff, dbt-protos, snowplow-tracker, pydantic, jsonschema-specifications, agate, jsonschema, dbt-semantic-interfaces, dbt-common, dbt-adapters, dbt-core, dbt-duckdb
[2025-11-02T19:06:34.334+0000] {subprocess.py:93} INFO - 
[2025-11-02T19:06:34.344+0000] {subprocess.py:93} INFO - Successfully installed Babel-2.17.0 MarkupSafe-3.0.3 agate-1.9.1 annotated-types-0.7.0 attrs-25.4.0 certifi-2025.10.5 charset_normalizer-3.4.4 click-8.3.0 colorama-0.4.6 daff-1.4.2 dbt-adapters-1.17.3 dbt-common-1.35.0 dbt-core-1.10.13 dbt-duckdb-1.9.6 dbt-extractor-0.6.0 dbt-protos-1.0.382 dbt-semantic-interfaces-0.9.0 deepdiff-8.6.1 duckdb-1.4.1 idna-3.11 importlib-metadata-8.7.0 isodate-0.6.1 jinja2-3.1.6 jsonschema-4.25.1 jsonschema-specifications-2025.9.1 leather-0.4.0 mashumaro-3.14 more-itertools-10.8.0 msgpack-1.1.2 networkx-3.5 orderly-set-5.5.0 packaging-25.0 parsedatetime-2.6 pathspec-0.12.1 protobuf-6.33.0 pydantic-2.12.3 pydantic-core-2.41.4 python-dateutil-2.9.0.post0 python-slugify-8.0.4 pytimeparse-1.1.8 pytz-2025.2 pyyaml-6.0.3 referencing-0.37.0 requests-2.32.5 rpds-py-0.28.0 six-1.17.0 snowplow-tracker-1.1.0 sqlparse-0.5.3 text-unidecode-1.3 typing-extensions-4.15.0 typing-inspection-0.4.2 urllib3-2.5.0 zipp-3.23.0
[2025-11-02T19:06:34.752+0000] {subprocess.py:97} INFO - Command exited with return code 0
[2025-11-02T19:06:34.754+0000] {taskinstance.py:441} INFO - ::group::Post task execution logs
[2025-11-02T19:06:34.798+0000] {taskinstance.py:1206} INFO - Marking task as SUCCESS. dag_id=dbt_duckdb_run, task_id=dbt_setup, run_id=scheduled__2025-11-01T06:00:00+00:00, execution_date=20251101T060000, start_date=20251102T190551, end_date=20251102T190634
[2025-11-02T19:06:34.857+0000] {local_task_job_runner.py:243} INFO - Task exited with return code 0
[2025-11-02T19:06:34.912+0000] {taskinstance.py:3503} INFO - 6 downstream tasks scheduled from follow-on schedule check
[2025-11-02T19:06:34.913+0000] {local_task_job_runner.py:222} INFO - ::endgroup::
