[2025-11-02T22:03:55.116+0000] {local_task_job_runner.py:120} INFO - ::group::Pre task execution logs
[2025-11-02T22:03:55.144+0000] {taskinstance.py:2076} INFO - Dependencies all met for dep_context=non-requeueable deps ti=<TaskInstance: dbt_duckdb_run.run_fact_quote scheduled__2025-11-01T06:00:00+00:00 [queued]>
[2025-11-02T22:03:55.150+0000] {taskinstance.py:2076} INFO - Dependencies all met for dep_context=requeueable deps ti=<TaskInstance: dbt_duckdb_run.run_fact_quote scheduled__2025-11-01T06:00:00+00:00 [queued]>
[2025-11-02T22:03:55.150+0000] {taskinstance.py:2306} INFO - Starting attempt 1 of 1
[2025-11-02T22:03:55.159+0000] {taskinstance.py:2330} INFO - Executing <Task(BashOperator): run_fact_quote> on 2025-11-01 06:00:00+00:00
[2025-11-02T22:03:55.168+0000] {logging_mixin.py:188} WARNING - /home/***/.local/lib/python3.12/site-packages/***/task/task_runner/standard_task_runner.py:62 DeprecationWarning: This process (pid=646) is multi-threaded, use of fork() may lead to deadlocks in the child.
[2025-11-02T22:03:55.169+0000] {standard_task_runner.py:64} INFO - Started process 647 to run task
[2025-11-02T22:03:55.167+0000] {standard_task_runner.py:90} INFO - Running: ['***', 'tasks', 'run', 'dbt_duckdb_run', 'run_fact_quote', 'scheduled__2025-11-01T06:00:00+00:00', '--job-id', '103', '--raw', '--subdir', 'DAGS_FOLDER/dbt_dag.py', '--cfg-path', '/tmp/tmphd2q8ytd']
[2025-11-02T22:03:55.170+0000] {standard_task_runner.py:91} INFO - Job 103: Subtask run_fact_quote
[2025-11-02T22:03:55.200+0000] {task_command.py:426} INFO - Running <TaskInstance: dbt_duckdb_run.run_fact_quote scheduled__2025-11-01T06:00:00+00:00 [running]> on host 757809b56052
[2025-11-02T22:03:55.247+0000] {taskinstance.py:2648} INFO - Exporting env vars: AIRFLOW_CTX_DAG_OWNER='***' AIRFLOW_CTX_DAG_ID='dbt_duckdb_run' AIRFLOW_CTX_TASK_ID='run_fact_quote' AIRFLOW_CTX_EXECUTION_DATE='2025-11-01T06:00:00+00:00' AIRFLOW_CTX_TRY_NUMBER='1' AIRFLOW_CTX_DAG_RUN_ID='scheduled__2025-11-01T06:00:00+00:00'
[2025-11-02T22:03:55.247+0000] {taskinstance.py:430} INFO - ::endgroup::
[2025-11-02T22:03:55.259+0000] {subprocess.py:63} INFO - Tmp dir root location: /tmp
[2025-11-02T22:03:55.260+0000] {subprocess.py:75} INFO - Running command: ['/usr/bin/bash', '-c', 'cd /opt/***/dbt && source venv/bin/activate && dbt run --select fact_quote ']
[2025-11-02T22:03:55.267+0000] {subprocess.py:86} INFO - Output:
[2025-11-02T22:03:57.467+0000] {subprocess.py:93} INFO - [0m22:03:57  Running with dbt=1.10.13
[2025-11-02T22:03:57.754+0000] {subprocess.py:93} INFO - [0m22:03:57  Registered adapter: duckdb=1.9.6
[2025-11-02T22:03:58.107+0000] {subprocess.py:93} INFO - [0m22:03:58  Found 6 models, 12 data tests, 1 source, 444 macros
[2025-11-02T22:03:58.109+0000] {subprocess.py:93} INFO - [0m22:03:58
[2025-11-02T22:03:58.109+0000] {subprocess.py:93} INFO - [0m22:03:58  Concurrency: 4 threads (target='dev')
[2025-11-02T22:03:58.110+0000] {subprocess.py:93} INFO - [0m22:03:58
[2025-11-02T22:03:58.309+0000] {subprocess.py:93} INFO - [0m22:03:58  1 of 1 START sql incremental model main_structured.fact_quote .................. [RUN]
[2025-11-02T22:03:58.386+0000] {subprocess.py:93} INFO - [0m22:03:58  1 of 1 OK created sql incremental model main_structured.fact_quote ............. [[32mOK[0m in 0.07s]
[2025-11-02T22:03:58.392+0000] {subprocess.py:93} INFO - [0m22:03:58
[2025-11-02T22:03:58.393+0000] {subprocess.py:93} INFO - [0m22:03:58  Finished running 1 incremental model in 0 hours 0 minutes and 0.28 seconds (0.28s).
[2025-11-02T22:03:58.425+0000] {subprocess.py:93} INFO - [0m22:03:58
[2025-11-02T22:03:58.426+0000] {subprocess.py:93} INFO - [0m22:03:58  [32mCompleted successfully[0m
[2025-11-02T22:03:58.426+0000] {subprocess.py:93} INFO - [0m22:03:58
[2025-11-02T22:03:58.427+0000] {subprocess.py:93} INFO - [0m22:03:58  Done. PASS=1 WARN=0 ERROR=0 SKIP=0 NO-OP=0 TOTAL=1
[2025-11-02T22:03:59.523+0000] {subprocess.py:97} INFO - Command exited with return code 0
[2025-11-02T22:03:59.524+0000] {taskinstance.py:441} INFO - ::group::Post task execution logs
[2025-11-02T22:03:59.540+0000] {taskinstance.py:1206} INFO - Marking task as SUCCESS. dag_id=dbt_duckdb_run, task_id=run_fact_quote, run_id=scheduled__2025-11-01T06:00:00+00:00, execution_date=20251101T060000, start_date=20251102T220355, end_date=20251102T220359
[2025-11-02T22:03:59.586+0000] {local_task_job_runner.py:243} INFO - Task exited with return code 0
[2025-11-02T22:03:59.601+0000] {taskinstance.py:3503} INFO - 1 downstream tasks scheduled from follow-on schedule check
[2025-11-02T22:03:59.602+0000] {local_task_job_runner.py:222} INFO - ::endgroup::
